[INFO] Scanning for projects...
[INFO] 
[INFO] ------------------< com.bookommerce:resource-server >-------------------
[INFO] Building Bookommerce 0.0.1-SNAPSHOT
[INFO]   from pom.xml
[INFO] --------------------------------[ jar ]---------------------------------
[INFO] 
[INFO] --- clean:3.5.0:clean (default-clean) @ resource-server ---
[INFO] Deleting C:\Users\PC\OneDrive\Desktop\bookommerce\resource-server\target
[INFO] 
[INFO] --- resources:3.3.1:resources (default-resources) @ resource-server ---
[INFO] Copying 1 resource from src\main\resources to target\classes
[INFO] Copying 1 resource from src\main\resources to target\classes
[INFO] 
[INFO] --- compiler:3.8.1:compile (default-compile) @ resource-server ---
[INFO] Changes detected - recompiling the module!
[INFO] Compiling 83 source files to C:\Users\PC\OneDrive\Desktop\bookommerce\resource-server\target\classes
[INFO] /C:/Users/PC/OneDrive/Desktop/bookommerce/resource-server/src/main/java/com/bookommerce/resource_server/config/RedisConfig.java: C:\Users\PC\OneDrive\Desktop\bookommerce\resource-server\src\main\java\com\bookommerce\resource_server\config\RedisConfig.java uses or overrides a deprecated API that is marked for removal.
[INFO] /C:/Users/PC/OneDrive/Desktop/bookommerce/resource-server/src/main/java/com/bookommerce/resource_server/config/RedisConfig.java: Recompile with -Xlint:removal for details.
[INFO] -------------------------------------------------------------
[ERROR] COMPILATION ERROR : 
[INFO] -------------------------------------------------------------
[ERROR] /C:/Users/PC/OneDrive/Desktop/bookommerce/resource-server/src/main/java/com/bookommerce/resource_server/dto/mapper/GenreMapper.java:[8,46] cannot find symbol
  symbol:   class Genre_
  location: package com.bookommerce.resource_server.entity
[ERROR] /C:/Users/PC/OneDrive/Desktop/bookommerce/resource-server/src/main/java/com/bookommerce/resource_server/service/RatingService.java:[29,46] cannot find symbol
  symbol:   class Rating_
  location: package com.bookommerce.resource_server.entity
[ERROR] /C:/Users/PC/OneDrive/Desktop/bookommerce/resource-server/src/main/java/com/bookommerce/resource_server/repository/RatingRepository.java:[12,46] cannot find symbol
  symbol:   class Rating_
  location: package com.bookommerce.resource_server.entity
[ERROR] /C:/Users/PC/OneDrive/Desktop/bookommerce/resource-server/src/main/java/com/bookommerce/resource_server/dto/mapper/RatingMapper.java:[11,46] cannot find symbol
  symbol:   class Rating_
  location: package com.bookommerce.resource_server.entity
[ERROR] /C:/Users/PC/OneDrive/Desktop/bookommerce/resource-server/src/main/java/com/bookommerce/resource_server/repository/BookRepository.java:[14,46] cannot find symbol
  symbol:   class Book_
  location: package com.bookommerce.resource_server.entity
[ERROR] /C:/Users/PC/OneDrive/Desktop/bookommerce/resource-server/src/main/java/com/bookommerce/resource_server/constant/RatingsSortCriteria.java:[3,46] cannot find symbol
  symbol:   class Rating_
  location: package com.bookommerce.resource_server.entity
[ERROR] /C:/Users/PC/OneDrive/Desktop/bookommerce/resource-server/src/main/java/com/bookommerce/resource_server/constant/BooksSortCriteria.java:[3,46] cannot find symbol
  symbol:   class Book_
  location: package com.bookommerce.resource_server.entity
[ERROR] /C:/Users/PC/OneDrive/Desktop/bookommerce/resource-server/src/main/java/com/bookommerce/resource_server/repository/specification/BookSpecification.java:[11,46] cannot find symbol
  symbol:   class Book_
  location: package com.bookommerce.resource_server.entity
[ERROR] /C:/Users/PC/OneDrive/Desktop/bookommerce/resource-server/src/main/java/com/bookommerce/resource_server/repository/specification/BookSpecification.java:[12,46] cannot find symbol
  symbol:   class Genre_
  location: package com.bookommerce.resource_server.entity
[ERROR] /C:/Users/PC/OneDrive/Desktop/bookommerce/resource-server/src/main/java/com/bookommerce/resource_server/repository/specification/BookSpecification.java:[13,46] cannot find symbol
  symbol:   class RatingStatistic_
  location: package com.bookommerce.resource_server.entity
[ERROR] /C:/Users/PC/OneDrive/Desktop/bookommerce/resource-server/src/main/java/com/bookommerce/resource_server/dto/mapper/BookMapper.java:[10,46] cannot find symbol
  symbol:   class Book_
  location: package com.bookommerce.resource_server.entity
[ERROR] /C:/Users/PC/OneDrive/Desktop/bookommerce/resource-server/src/main/java/com/bookommerce/resource_server/dto/response/GetBookByIdResponseDto.java:[6,46] cannot find symbol
  symbol:   class RatingStatistic_
  location: package com.bookommerce.resource_server.entity
[ERROR] /C:/Users/PC/OneDrive/Desktop/bookommerce/resource-server/src/main/java/com/bookommerce/resource_server/dto/mapper/GenreMapper.java:[13,23] cannot find symbol
  symbol:   variable Genre_
  location: interface com.bookommerce.resource_server.dto.mapper.GenreMapper
[ERROR] /C:/Users/PC/OneDrive/Desktop/bookommerce/resource-server/src/main/java/com/bookommerce/resource_server/dto/mapper/GenreMapper.java:[14,23] cannot find symbol
  symbol:   variable Genre_
  location: interface com.bookommerce.resource_server.dto.mapper.GenreMapper
[ERROR] /C:/Users/PC/OneDrive/Desktop/bookommerce/resource-server/src/main/java/com/bookommerce/resource_server/dto/mapper/GenreMapper.java:[13,5] expression not allowed as annotation value
[ERROR] /C:/Users/PC/OneDrive/Desktop/bookommerce/resource-server/src/main/java/com/bookommerce/resource_server/entity/Genre.java:[36,27] cannot find symbol
  symbol:   variable Book_
  location: class com.bookommerce.resource_server.entity.Genre
[ERROR] /C:/Users/PC/OneDrive/Desktop/bookommerce/resource-server/src/main/java/com/bookommerce/resource_server/entity/Book.java:[53,27] cannot find symbol
  symbol:   variable Rating_
  location: class com.bookommerce.resource_server.entity.Book
[ERROR] /C:/Users/PC/OneDrive/Desktop/bookommerce/resource-server/src/main/java/com/bookommerce/resource_server/entity/Book.java:[57,26] cannot find symbol
  symbol:   variable RatingStatistic_
  location: class com.bookommerce.resource_server.entity.Book
[ERROR] /C:/Users/PC/OneDrive/Desktop/bookommerce/resource-server/src/main/java/com/bookommerce/resource_server/entity/Book.java:[61,27] cannot find symbol
  symbol:   variable CartItem_
  location: class com.bookommerce.resource_server.entity.Book
[ERROR] /C:/Users/PC/OneDrive/Desktop/bookommerce/resource-server/src/main/java/com/bookommerce/resource_server/entity/Cart.java:[36,27] cannot find symbol
  symbol:   variable CartItem_
  location: class com.bookommerce.resource_server.entity.Cart
[ERROR] /C:/Users/PC/OneDrive/Desktop/bookommerce/resource-server/src/main/java/com/bookommerce/resource_server/repository/BookRepository.java:[19,37] cannot find symbol
  symbol:   variable Book_
  location: interface com.bookommerce.resource_server.repository.BookRepository
[ERROR] /C:/Users/PC/OneDrive/Desktop/bookommerce/resource-server/src/main/java/com/bookommerce/resource_server/repository/BookRepository.java:[22,37] cannot find symbol
  symbol:   variable Book_
  location: interface com.bookommerce.resource_server.repository.BookRepository
[ERROR] /C:/Users/PC/OneDrive/Desktop/bookommerce/resource-server/src/main/java/com/bookommerce/resource_server/dto/mapper/RatingMapper.java:[17,23] cannot find symbol
  symbol:   variable Rating_
  location: interface com.bookommerce.resource_server.dto.mapper.RatingMapper
[ERROR] /C:/Users/PC/OneDrive/Desktop/bookommerce/resource-server/src/main/java/com/bookommerce/resource_server/dto/mapper/RatingMapper.java:[18,23] cannot find symbol
  symbol:   variable Rating_
  location: interface com.bookommerce.resource_server.dto.mapper.RatingMapper
[ERROR] /C:/Users/PC/OneDrive/Desktop/bookommerce/resource-server/src/main/java/com/bookommerce/resource_server/dto/mapper/RatingMapper.java:[19,23] cannot find symbol
  symbol:   variable Rating_
  location: interface com.bookommerce.resource_server.dto.mapper.RatingMapper
[ERROR] /C:/Users/PC/OneDrive/Desktop/bookommerce/resource-server/src/main/java/com/bookommerce/resource_server/dto/mapper/RatingMapper.java:[20,23] cannot find symbol
  symbol:   variable Rating_
  location: interface com.bookommerce.resource_server.dto.mapper.RatingMapper
[ERROR] /C:/Users/PC/OneDrive/Desktop/bookommerce/resource-server/src/main/java/com/bookommerce/resource_server/dto/mapper/RatingMapper.java:[21,23] cannot find symbol
  symbol:   variable Rating_
  location: interface com.bookommerce.resource_server.dto.mapper.RatingMapper
[ERROR] /C:/Users/PC/OneDrive/Desktop/bookommerce/resource-server/src/main/java/com/bookommerce/resource_server/dto/mapper/RatingMapper.java:[17,5] expression not allowed as annotation value
[ERROR] /C:/Users/PC/OneDrive/Desktop/bookommerce/resource-server/src/main/java/com/bookommerce/resource_server/repository/RatingRepository.java:[17,37] cannot find symbol
  symbol:   variable Rating_
  location: interface com.bookommerce.resource_server.repository.RatingRepository
[ERROR] /C:/Users/PC/OneDrive/Desktop/bookommerce/resource-server/src/main/java/com/bookommerce/resource_server/repository/RatingRepository.java:[20,37] cannot find symbol
  symbol:   variable Rating_
  location: interface com.bookommerce.resource_server.repository.RatingRepository
[ERROR] /C:/Users/PC/OneDrive/Desktop/bookommerce/resource-server/src/main/java/com/bookommerce/resource_server/dto/response/GetBookByIdResponseDto.java:[28,31] cannot find symbol
  symbol:   variable RatingStatistic_
  location: class com.bookommerce.resource_server.dto.response.GetBookByIdResponseDto.RatingStatistic
[ERROR] /C:/Users/PC/OneDrive/Desktop/bookommerce/resource-server/src/main/java/com/bookommerce/resource_server/dto/response/GetBookByIdResponseDto.java:[31,31] cannot find symbol
  symbol:   variable RatingStatistic_
  location: class com.bookommerce.resource_server.dto.response.GetBookByIdResponseDto.RatingStatistic
[ERROR] /C:/Users/PC/OneDrive/Desktop/bookommerce/resource-server/src/main/java/com/bookommerce/resource_server/dto/response/GetBookByIdResponseDto.java:[34,31] cannot find symbol
  symbol:   variable RatingStatistic_
  location: class com.bookommerce.resource_server.dto.response.GetBookByIdResponseDto.RatingStatistic
[ERROR] /C:/Users/PC/OneDrive/Desktop/bookommerce/resource-server/src/main/java/com/bookommerce/resource_server/dto/response/GetBookByIdResponseDto.java:[37,31] cannot find symbol
  symbol:   variable RatingStatistic_
  location: class com.bookommerce.resource_server.dto.response.GetBookByIdResponseDto.RatingStatistic
[ERROR] /C:/Users/PC/OneDrive/Desktop/bookommerce/resource-server/src/main/java/com/bookommerce/resource_server/dto/response/GetBookByIdResponseDto.java:[40,31] cannot find symbol
  symbol:   variable RatingStatistic_
  location: class com.bookommerce.resource_server.dto.response.GetBookByIdResponseDto.RatingStatistic
[ERROR] /C:/Users/PC/OneDrive/Desktop/bookommerce/resource-server/src/main/java/com/bookommerce/resource_server/dto/mapper/BookMapper.java:[15,23] cannot find symbol
  symbol:   variable Book_
  location: interface com.bookommerce.resource_server.dto.mapper.BookMapper
[ERROR] /C:/Users/PC/OneDrive/Desktop/bookommerce/resource-server/src/main/java/com/bookommerce/resource_server/dto/mapper/BookMapper.java:[16,23] cannot find symbol
  symbol:   variable Book_
  location: interface com.bookommerce.resource_server.dto.mapper.BookMapper
[ERROR] /C:/Users/PC/OneDrive/Desktop/bookommerce/resource-server/src/main/java/com/bookommerce/resource_server/dto/mapper/BookMapper.java:[17,23] cannot find symbol
  symbol:   variable Book_
  location: interface com.bookommerce.resource_server.dto.mapper.BookMapper
[ERROR] /C:/Users/PC/OneDrive/Desktop/bookommerce/resource-server/src/main/java/com/bookommerce/resource_server/dto/mapper/BookMapper.java:[18,23] cannot find symbol
  symbol:   variable Book_
  location: interface com.bookommerce.resource_server.dto.mapper.BookMapper
[ERROR] /C:/Users/PC/OneDrive/Desktop/bookommerce/resource-server/src/main/java/com/bookommerce/resource_server/dto/mapper/BookMapper.java:[19,23] cannot find symbol
  symbol:   variable Book_
  location: interface com.bookommerce.resource_server.dto.mapper.BookMapper
[ERROR] /C:/Users/PC/OneDrive/Desktop/bookommerce/resource-server/src/main/java/com/bookommerce/resource_server/dto/mapper/BookMapper.java:[20,23] cannot find symbol
  symbol:   variable Book_
  location: interface com.bookommerce.resource_server.dto.mapper.BookMapper
[ERROR] /C:/Users/PC/OneDrive/Desktop/bookommerce/resource-server/src/main/java/com/bookommerce/resource_server/dto/mapper/BookMapper.java:[15,5] expression not allowed as annotation value
[ERROR] /C:/Users/PC/OneDrive/Desktop/bookommerce/resource-server/src/main/java/com/bookommerce/resource_server/exception/GlobalExceptionHandler.java:[40,50] cannot find symbol
  symbol:   method getBindingResult()
  location: variable bookNotFoundException of type com.bookommerce.resource_server.exception.BookNotFoundException
[ERROR] /C:/Users/PC/OneDrive/Desktop/bookommerce/resource-server/src/main/java/com/bookommerce/resource_server/exception/GlobalExceptionHandler.java:[42,52] cannot find symbol
  symbol:   method getBindingResult()
  location: variable stockNotEnoughException of type com.bookommerce.resource_server.exception.StockNotEnoughException
[ERROR] /C:/Users/PC/OneDrive/Desktop/bookommerce/resource-server/src/main/java/com/bookommerce/resource_server/exception/GlobalExceptionHandler.java:[44,54] cannot find symbol
  symbol:   method getBindingResult()
  location: variable cartItemNotFoundException of type com.bookommerce.resource_server.exception.CartItemNotFoundException
[ERROR] /C:/Users/PC/OneDrive/Desktop/bookommerce/resource-server/src/main/java/com/bookommerce/resource_server/exception/GlobalExceptionHandler.java:[46,47] cannot find symbol
  symbol:   method getBindingResult()
  location: variable emptyCartException of type com.bookommerce.resource_server.exception.EmptyCartException
[ERROR] /C:/Users/PC/OneDrive/Desktop/bookommerce/resource-server/src/main/java/com/bookommerce/resource_server/exception/GlobalExceptionHandler.java:[48,61] cannot find symbol
  symbol:   method getBindingResult()
  location: variable invalidImageContentTypeException of type com.bookommerce.resource_server.exception.InvalidImageContentTypeException
[ERROR] /C:/Users/PC/OneDrive/Desktop/bookommerce/resource-server/src/main/java/com/bookommerce/resource_server/exception/GlobalExceptionHandler.java:[50,63] cannot find symbol
  symbol:   method getBindingResult()
  location: variable invalidImageFileExtensionException of type com.bookommerce.resource_server.exception.InvalidImageFileExtensionException
[ERROR] /C:/Users/PC/OneDrive/Desktop/bookommerce/resource-server/src/main/java/com/bookommerce/resource_server/exception/GlobalExceptionHandler.java:[52,52] cannot find symbol
  symbol:   method getBindingResult()
  location: variable bookImageEmptyException of type com.bookommerce.resource_server.exception.BookImageEmptyException
[ERROR] /C:/Users/PC/OneDrive/Desktop/bookommerce/resource-server/src/main/java/com/bookommerce/resource_server/exception/GlobalExceptionHandler.java:[54,53] cannot find symbol
  symbol:   method getBindingResult()
  location: variable duplicateRatingException of type com.bookommerce.resource_server.exception.DuplicateRatingException
[ERROR] /C:/Users/PC/OneDrive/Desktop/bookommerce/resource-server/src/main/java/com/bookommerce/resource_server/exception/GlobalExceptionHandler.java:[56,54] cannot find symbol
  symbol:   method getBindingResult()
  location: variable resourceNotFoundException of type com.bookommerce.resource_server.exception.ResourceNotFoundException
[ERROR] /C:/Users/PC/OneDrive/Desktop/bookommerce/resource-server/src/main/java/com/bookommerce/resource_server/exception/GlobalExceptionHandler.java:[58,58] cannot find symbol
  symbol:   method getBindingResult()
  location: variable illegalResourceStateException of type com.bookommerce.resource_server.exception.IllegalResourceStateException
[ERROR] /C:/Users/PC/OneDrive/Desktop/bookommerce/resource-server/src/main/java/com/bookommerce/resource_server/exception/GlobalExceptionHandler.java:[72,65] cannot find symbol
  symbol:   method <java.util.Map<java.lang.String,java.lang.Object>>builder()
  location: class com.bookommerce.resource_server.dto.response.ApiErrorResponse
[ERROR] /C:/Users/PC/OneDrive/Desktop/bookommerce/resource-server/src/main/java/com/bookommerce/resource_server/exception/DuplicateRatingException.java:[7,9] constructor BusinessException in class com.bookommerce.resource_server.exception.BusinessException cannot be applied to given types;
  required: no arguments
  found:    org.springframework.validation.BindingResult
  reason: actual and formal argument lists differ in length
[ERROR] /C:/Users/PC/OneDrive/Desktop/bookommerce/resource-server/src/main/java/com/bookommerce/resource_server/exception/EmptyCartException.java:[7,9] constructor BusinessException in class com.bookommerce.resource_server.exception.BusinessException cannot be applied to given types;
  required: no arguments
  found:    org.springframework.validation.BindingResult
  reason: actual and formal argument lists differ in length
[ERROR] /C:/Users/PC/OneDrive/Desktop/bookommerce/resource-server/src/main/java/com/bookommerce/resource_server/service/GenreService.java:[39,68] cannot find symbol
  symbol:   method getName()
  location: variable createGenreRequestDto of type com.bookommerce.resource_server.dto.request.CreateGenreRequestDto
[ERROR] /C:/Users/PC/OneDrive/Desktop/bookommerce/resource-server/src/main/java/com/bookommerce/resource_server/service/RatingService.java:[84,15] cannot find symbol
  symbol:   method setBook(com.bookommerce.resource_server.entity.Book)
  location: variable rating of type com.bookommerce.resource_server.entity.Rating
[ERROR] /C:/Users/PC/OneDrive/Desktop/bookommerce/resource-server/src/main/java/com/bookommerce/resource_server/service/RatingService.java:[85,15] cannot find symbol
  symbol:   method setRater(java.lang.String)
  location: variable rating of type com.bookommerce.resource_server.entity.Rating
[ERROR] /C:/Users/PC/OneDrive/Desktop/bookommerce/resource-server/src/main/java/com/bookommerce/resource_server/service/RatingService.java:[86,15] cannot find symbol
  symbol:   method setCreatedAt(java.time.Instant)
  location: variable rating of type com.bookommerce.resource_server.entity.Rating
[ERROR] /C:/Users/PC/OneDrive/Desktop/bookommerce/resource-server/src/main/java/com/bookommerce/resource_server/service/RatingService.java:[87,15] cannot find symbol
  symbol:   method setApproved(boolean)
  location: variable rating of type com.bookommerce.resource_server.entity.Rating
[ERROR] /C:/Users/PC/OneDrive/Desktop/bookommerce/resource-server/src/main/java/com/bookommerce/resource_server/service/RatingService.java:[98,27] cannot find symbol
  symbol:   variable Rating_
  location: class com.bookommerce.resource_server.service.RatingService
[ERROR] /C:/Users/PC/OneDrive/Desktop/bookommerce/resource-server/src/main/java/com/bookommerce/resource_server/service/RatingService.java:[121,62] cannot find symbol
  symbol:   method getProperty()
  location: class com.bookommerce.resource_server.constant.RatingsSortCriteria
[ERROR] /C:/Users/PC/OneDrive/Desktop/bookommerce/resource-server/src/main/java/com/bookommerce/resource_server/service/RatingService.java:[136,57] cannot find symbol
  symbol:   method getProperty()
  location: class com.bookommerce.resource_server.constant.RatingsSortCriteria
[ERROR] /C:/Users/PC/OneDrive/Desktop/bookommerce/resource-server/src/main/java/com/bookommerce/resource_server/service/RatingService.java:[145,117] cannot find symbol
  symbol:   method getBook()
  location: variable rating of type com.bookommerce.resource_server.entity.Rating
[ERROR] /C:/Users/PC/OneDrive/Desktop/bookommerce/resource-server/src/main/java/com/bookommerce/resource_server/service/RatingService.java:[159,19] cannot find symbol
  symbol:   method isApproved()
  location: variable rating of type com.bookommerce.resource_server.entity.Rating
[ERROR] /C:/Users/PC/OneDrive/Desktop/bookommerce/resource-server/src/main/java/com/bookommerce/resource_server/service/RatingService.java:[164,15] cannot find symbol
  symbol:   method setApproved(boolean)
  location: variable rating of type com.bookommerce.resource_server.entity.Rating
[ERROR] /C:/Users/PC/OneDrive/Desktop/bookommerce/resource-server/src/main/java/com/bookommerce/resource_server/service/RatingService.java:[166,49] cannot find symbol
  symbol:   method getBook()
  location: variable rating of type com.bookommerce.resource_server.entity.Rating
[ERROR] /C:/Users/PC/OneDrive/Desktop/bookommerce/resource-server/src/main/java/com/bookommerce/resource_server/service/RatingService.java:[167,23] cannot find symbol
  symbol:   method getPoint()
  location: variable rating of type com.bookommerce.resource_server.entity.Rating
[ERROR] /C:/Users/PC/OneDrive/Desktop/bookommerce/resource-server/src/main/java/com/bookommerce/resource_server/service/RatingService.java:[169,64] cannot find symbol
  symbol:   method get_1PointCount()
  location: variable ratingStatistic of type com.bookommerce.resource_server.entity.RatingStatistic
[ERROR] /C:/Users/PC/OneDrive/Desktop/bookommerce/resource-server/src/main/java/com/bookommerce/resource_server/service/RatingService.java:[172,64] cannot find symbol
  symbol:   method get_2PointCount()
  location: variable ratingStatistic of type com.bookommerce.resource_server.entity.RatingStatistic
[ERROR] /C:/Users/PC/OneDrive/Desktop/bookommerce/resource-server/src/main/java/com/bookommerce/resource_server/service/RatingService.java:[175,64] cannot find symbol
  symbol:   method get_3PointCount()
  location: variable ratingStatistic of type com.bookommerce.resource_server.entity.RatingStatistic
[ERROR] /C:/Users/PC/OneDrive/Desktop/bookommerce/resource-server/src/main/java/com/bookommerce/resource_server/service/RatingService.java:[178,64] cannot find symbol
  symbol:   method get_4PointCount()
  location: variable ratingStatistic of type com.bookommerce.resource_server.entity.RatingStatistic
[ERROR] /C:/Users/PC/OneDrive/Desktop/bookommerce/resource-server/src/main/java/com/bookommerce/resource_server/service/RatingService.java:[181,64] cannot find symbol
  symbol:   method get_5PointCount()
  location: variable ratingStatistic of type com.bookommerce.resource_server.entity.RatingStatistic
[ERROR] /C:/Users/PC/OneDrive/Desktop/bookommerce/resource-server/src/main/java/com/bookommerce/resource_server/service/RatingService.java:[186,55] cannot find symbol
  symbol:   method getRatingCount()
  location: variable ratingStatistic of type com.bookommerce.resource_server.entity.RatingStatistic
[ERROR] /C:/Users/PC/OneDrive/Desktop/bookommerce/resource-server/src/main/java/com/bookommerce/resource_server/service/RatingService.java:[188,30] cannot find symbol
  symbol:   method get_1PointCount()
  location: variable ratingStatistic of type com.bookommerce.resource_server.entity.RatingStatistic
[ERROR] /C:/Users/PC/OneDrive/Desktop/bookommerce/resource-server/src/main/java/com/bookommerce/resource_server/service/RatingService.java:[189,30] cannot find symbol
  symbol:   method get_2PointCount()
  location: variable ratingStatistic of type com.bookommerce.resource_server.entity.RatingStatistic
[ERROR] /C:/Users/PC/OneDrive/Desktop/bookommerce/resource-server/src/main/java/com/bookommerce/resource_server/service/RatingService.java:[190,30] cannot find symbol
  symbol:   method get_3PointCount()
  location: variable ratingStatistic of type com.bookommerce.resource_server.entity.RatingStatistic
[ERROR] /C:/Users/PC/OneDrive/Desktop/bookommerce/resource-server/src/main/java/com/bookommerce/resource_server/service/RatingService.java:[191,30] cannot find symbol
  symbol:   method get_4PointCount()
  location: variable ratingStatistic of type com.bookommerce.resource_server.entity.RatingStatistic
[ERROR] /C:/Users/PC/OneDrive/Desktop/bookommerce/resource-server/src/main/java/com/bookommerce/resource_server/service/RatingService.java:[192,30] cannot find symbol
  symbol:   method get_5PointCount()
  location: variable ratingStatistic of type com.bookommerce.resource_server.entity.RatingStatistic
[ERROR] /C:/Users/PC/OneDrive/Desktop/bookommerce/resource-server/src/main/java/com/bookommerce/resource_server/service/RatingService.java:[193,78] cannot find symbol
  symbol:   method getRatingCount()
  location: variable ratingStatistic of type com.bookommerce.resource_server.entity.RatingStatistic
[ERROR] /C:/Users/PC/OneDrive/Desktop/bookommerce/resource-server/src/main/java/com/bookommerce/resource_server/service/RatingService.java:[206,20] cannot find symbol
  symbol:   method isApproved()
  location: variable rating of type com.bookommerce.resource_server.entity.Rating
[ERROR] /C:/Users/PC/OneDrive/Desktop/bookommerce/resource-server/src/main/java/com/bookommerce/resource_server/service/RatingService.java:[210,15] cannot find symbol
  symbol:   method setApproved(boolean)
  location: variable rating of type com.bookommerce.resource_server.entity.Rating
[ERROR] /C:/Users/PC/OneDrive/Desktop/bookommerce/resource-server/src/main/java/com/bookommerce/resource_server/service/RatingService.java:[213,49] cannot find symbol
  symbol:   method getBook()
  location: variable rating of type com.bookommerce.resource_server.entity.Rating
[ERROR] /C:/Users/PC/OneDrive/Desktop/bookommerce/resource-server/src/main/java/com/bookommerce/resource_server/service/RatingService.java:[214,23] cannot find symbol
  symbol:   method getPoint()
  location: variable rating of type com.bookommerce.resource_server.entity.Rating
[ERROR] /C:/Users/PC/OneDrive/Desktop/bookommerce/resource-server/src/main/java/com/bookommerce/resource_server/service/RatingService.java:[215,68] cannot find symbol
  symbol:   method get_1PointCount()
  location: variable ratingStatistic of type com.bookommerce.resource_server.entity.RatingStatistic
[ERROR] /C:/Users/PC/OneDrive/Desktop/bookommerce/resource-server/src/main/java/com/bookommerce/resource_server/service/RatingService.java:[216,68] cannot find symbol
  symbol:   method get_2PointCount()
  location: variable ratingStatistic of type com.bookommerce.resource_server.entity.RatingStatistic
[ERROR] /C:/Users/PC/OneDrive/Desktop/bookommerce/resource-server/src/main/java/com/bookommerce/resource_server/service/RatingService.java:[217,68] cannot find symbol
  symbol:   method get_3PointCount()
  location: variable ratingStatistic of type com.bookommerce.resource_server.entity.RatingStatistic
[ERROR] /C:/Users/PC/OneDrive/Desktop/bookommerce/resource-server/src/main/java/com/bookommerce/resource_server/service/RatingService.java:[218,68] cannot find symbol
  symbol:   method get_4PointCount()
  location: variable ratingStatistic of type com.bookommerce.resource_server.entity.RatingStatistic
[ERROR] /C:/Users/PC/OneDrive/Desktop/bookommerce/resource-server/src/main/java/com/bookommerce/resource_server/service/RatingService.java:[219,68] cannot find symbol
  symbol:   method get_5PointCount()
  location: variable ratingStatistic of type com.bookommerce.resource_server.entity.RatingStatistic
[ERROR] /C:/Users/PC/OneDrive/Desktop/bookommerce/resource-server/src/main/java/com/bookommerce/resource_server/service/RatingService.java:[222,55] cannot find symbol
  symbol:   method getRatingCount()
  location: variable ratingStatistic of type com.bookommerce.resource_server.entity.RatingStatistic
[ERROR] /C:/Users/PC/OneDrive/Desktop/bookommerce/resource-server/src/main/java/com/bookommerce/resource_server/service/RatingService.java:[224,30] cannot find symbol
  symbol:   method get_1PointCount()
  location: variable ratingStatistic of type com.bookommerce.resource_server.entity.RatingStatistic
[ERROR] /C:/Users/PC/OneDrive/Desktop/bookommerce/resource-server/src/main/java/com/bookommerce/resource_server/service/RatingService.java:[225,30] cannot find symbol
  symbol:   method get_2PointCount()
  location: variable ratingStatistic of type com.bookommerce.resource_server.entity.RatingStatistic
[ERROR] /C:/Users/PC/OneDrive/Desktop/bookommerce/resource-server/src/main/java/com/bookommerce/resource_server/service/RatingService.java:[226,30] cannot find symbol
  symbol:   method get_3PointCount()
  location: variable ratingStatistic of type com.bookommerce.resource_server.entity.RatingStatistic
[ERROR] /C:/Users/PC/OneDrive/Desktop/bookommerce/resource-server/src/main/java/com/bookommerce/resource_server/service/RatingService.java:[227,30] cannot find symbol
  symbol:   method get_4PointCount()
  location: variable ratingStatistic of type com.bookommerce.resource_server.entity.RatingStatistic
[ERROR] /C:/Users/PC/OneDrive/Desktop/bookommerce/resource-server/src/main/java/com/bookommerce/resource_server/service/RatingService.java:[228,30] cannot find symbol
  symbol:   method get_5PointCount()
  location: variable ratingStatistic of type com.bookommerce.resource_server.entity.RatingStatistic
[ERROR] /C:/Users/PC/OneDrive/Desktop/bookommerce/resource-server/src/main/java/com/bookommerce/resource_server/service/RatingService.java:[229,68] cannot find symbol
  symbol:   method getRatingCount()
  location: variable ratingStatistic of type com.bookommerce.resource_server.entity.RatingStatistic
[ERROR] /C:/Users/PC/OneDrive/Desktop/bookommerce/resource-server/src/main/java/com/bookommerce/resource_server/service/RatingService.java:[233,24] cannot find symbol
  symbol:   method setAveragePoint(double)
  location: variable ratingStatistic of type com.bookommerce.resource_server.entity.RatingStatistic
[ERROR] /C:/Users/PC/OneDrive/Desktop/bookommerce/resource-server/src/main/java/com/bookommerce/resource_server/service/RatingService.java:[248,69] cannot find symbol
  symbol:   method getRater()
  location: variable rating of type com.bookommerce.resource_server.entity.Rating
[ERROR] /C:/Users/PC/OneDrive/Desktop/bookommerce/resource-server/src/main/java/com/bookommerce/resource_server/service/RatingService.java:[255,19] cannot find symbol
  symbol:   method isApproved()
  location: variable rating of type com.bookommerce.resource_server.entity.Rating
[ERROR] /C:/Users/PC/OneDrive/Desktop/bookommerce/resource-server/src/main/java/com/bookommerce/resource_server/service/RatingService.java:[256,53] cannot find symbol
  symbol:   method getBook()
  location: variable rating of type com.bookommerce.resource_server.entity.Rating
[INFO] 100 errors 
[INFO] -------------------------------------------------------------
[INFO] ------------------------------------------------------------------------
[INFO] BUILD FAILURE
[INFO] ------------------------------------------------------------------------
[INFO] Total time:  5.501 s
[INFO] Finished at: 2026-01-03T19:49:57+07:00
[INFO] ------------------------------------------------------------------------
[ERROR] Failed to execute goal org.apache.maven.plugins:maven-compiler-plugin:3.8.1:compile (default-compile) on project resource-server: Compilation failure: Compilation failure: 
[ERROR] /C:/Users/PC/OneDrive/Desktop/bookommerce/resource-server/src/main/java/com/bookommerce/resource_server/dto/mapper/GenreMapper.java:[8,46] cannot find symbol
[ERROR]   symbol:   class Genre_
[ERROR]   location: package com.bookommerce.resource_server.entity
[ERROR] /C:/Users/PC/OneDrive/Desktop/bookommerce/resource-server/src/main/java/com/bookommerce/resource_server/service/RatingService.java:[29,46] cannot find symbol
[ERROR]   symbol:   class Rating_
[ERROR]   location: package com.bookommerce.resource_server.entity
[ERROR] /C:/Users/PC/OneDrive/Desktop/bookommerce/resource-server/src/main/java/com/bookommerce/resource_server/repository/RatingRepository.java:[12,46] cannot find symbol
[ERROR]   symbol:   class Rating_
[ERROR]   location: package com.bookommerce.resource_server.entity
[ERROR] /C:/Users/PC/OneDrive/Desktop/bookommerce/resource-server/src/main/java/com/bookommerce/resource_server/dto/mapper/RatingMapper.java:[11,46] cannot find symbol
[ERROR]   symbol:   class Rating_
[ERROR]   location: package com.bookommerce.resource_server.entity
[ERROR] /C:/Users/PC/OneDrive/Desktop/bookommerce/resource-server/src/main/java/com/bookommerce/resource_server/repository/BookRepository.java:[14,46] cannot find symbol
[ERROR]   symbol:   class Book_
[ERROR]   location: package com.bookommerce.resource_server.entity
[ERROR] /C:/Users/PC/OneDrive/Desktop/bookommerce/resource-server/src/main/java/com/bookommerce/resource_server/constant/RatingsSortCriteria.java:[3,46] cannot find symbol
[ERROR]   symbol:   class Rating_
[ERROR]   location: package com.bookommerce.resource_server.entity
[ERROR] /C:/Users/PC/OneDrive/Desktop/bookommerce/resource-server/src/main/java/com/bookommerce/resource_server/constant/BooksSortCriteria.java:[3,46] cannot find symbol
[ERROR]   symbol:   class Book_
[ERROR]   location: package com.bookommerce.resource_server.entity
[ERROR] /C:/Users/PC/OneDrive/Desktop/bookommerce/resource-server/src/main/java/com/bookommerce/resource_server/repository/specification/BookSpecification.java:[11,46] cannot find symbol
[ERROR]   symbol:   class Book_
[ERROR]   location: package com.bookommerce.resource_server.entity
[ERROR] /C:/Users/PC/OneDrive/Desktop/bookommerce/resource-server/src/main/java/com/bookommerce/resource_server/repository/specification/BookSpecification.java:[12,46] cannot find symbol
[ERROR]   symbol:   class Genre_
[ERROR]   location: package com.bookommerce.resource_server.entity
[ERROR] /C:/Users/PC/OneDrive/Desktop/bookommerce/resource-server/src/main/java/com/bookommerce/resource_server/repository/specification/BookSpecification.java:[13,46] cannot find symbol
[ERROR]   symbol:   class RatingStatistic_
[ERROR]   location: package com.bookommerce.resource_server.entity
[ERROR] /C:/Users/PC/OneDrive/Desktop/bookommerce/resource-server/src/main/java/com/bookommerce/resource_server/dto/mapper/BookMapper.java:[10,46] cannot find symbol
[ERROR]   symbol:   class Book_
[ERROR]   location: package com.bookommerce.resource_server.entity
[ERROR] /C:/Users/PC/OneDrive/Desktop/bookommerce/resource-server/src/main/java/com/bookommerce/resource_server/dto/response/GetBookByIdResponseDto.java:[6,46] cannot find symbol
[ERROR]   symbol:   class RatingStatistic_
[ERROR]   location: package com.bookommerce.resource_server.entity
[ERROR] /C:/Users/PC/OneDrive/Desktop/bookommerce/resource-server/src/main/java/com/bookommerce/resource_server/dto/mapper/GenreMapper.java:[13,23] cannot find symbol
[ERROR]   symbol:   variable Genre_
[ERROR]   location: interface com.bookommerce.resource_server.dto.mapper.GenreMapper
[ERROR] /C:/Users/PC/OneDrive/Desktop/bookommerce/resource-server/src/main/java/com/bookommerce/resource_server/dto/mapper/GenreMapper.java:[14,23] cannot find symbol
[ERROR]   symbol:   variable Genre_
[ERROR]   location: interface com.bookommerce.resource_server.dto.mapper.GenreMapper
[ERROR] /C:/Users/PC/OneDrive/Desktop/bookommerce/resource-server/src/main/java/com/bookommerce/resource_server/dto/mapper/GenreMapper.java:[13,5] expression not allowed as annotation value
[ERROR] /C:/Users/PC/OneDrive/Desktop/bookommerce/resource-server/src/main/java/com/bookommerce/resource_server/entity/Genre.java:[36,27] cannot find symbol
[ERROR]   symbol:   variable Book_
[ERROR]   location: class com.bookommerce.resource_server.entity.Genre
[ERROR] /C:/Users/PC/OneDrive/Desktop/bookommerce/resource-server/src/main/java/com/bookommerce/resource_server/entity/Book.java:[53,27] cannot find symbol
[ERROR]   symbol:   variable Rating_
[ERROR]   location: class com.bookommerce.resource_server.entity.Book
[ERROR] /C:/Users/PC/OneDrive/Desktop/bookommerce/resource-server/src/main/java/com/bookommerce/resource_server/entity/Book.java:[57,26] cannot find symbol
[ERROR]   symbol:   variable RatingStatistic_
[ERROR]   location: class com.bookommerce.resource_server.entity.Book
[ERROR] /C:/Users/PC/OneDrive/Desktop/bookommerce/resource-server/src/main/java/com/bookommerce/resource_server/entity/Book.java:[61,27] cannot find symbol
[ERROR]   symbol:   variable CartItem_
[ERROR]   location: class com.bookommerce.resource_server.entity.Book
[ERROR] /C:/Users/PC/OneDrive/Desktop/bookommerce/resource-server/src/main/java/com/bookommerce/resource_server/entity/Cart.java:[36,27] cannot find symbol
[ERROR]   symbol:   variable CartItem_
[ERROR]   location: class com.bookommerce.resource_server.entity.Cart
[ERROR] /C:/Users/PC/OneDrive/Desktop/bookommerce/resource-server/src/main/java/com/bookommerce/resource_server/repository/BookRepository.java:[19,37] cannot find symbol
[ERROR]   symbol:   variable Book_
[ERROR]   location: interface com.bookommerce.resource_server.repository.BookRepository
[ERROR] /C:/Users/PC/OneDrive/Desktop/bookommerce/resource-server/src/main/java/com/bookommerce/resource_server/repository/BookRepository.java:[22,37] cannot find symbol
[ERROR]   symbol:   variable Book_
[ERROR]   location: interface com.bookommerce.resource_server.repository.BookRepository
[ERROR] /C:/Users/PC/OneDrive/Desktop/bookommerce/resource-server/src/main/java/com/bookommerce/resource_server/dto/mapper/RatingMapper.java:[17,23] cannot find symbol
[ERROR]   symbol:   variable Rating_
[ERROR]   location: interface com.bookommerce.resource_server.dto.mapper.RatingMapper
[ERROR] /C:/Users/PC/OneDrive/Desktop/bookommerce/resource-server/src/main/java/com/bookommerce/resource_server/dto/mapper/RatingMapper.java:[18,23] cannot find symbol
[ERROR]   symbol:   variable Rating_
[ERROR]   location: interface com.bookommerce.resource_server.dto.mapper.RatingMapper
[ERROR] /C:/Users/PC/OneDrive/Desktop/bookommerce/resource-server/src/main/java/com/bookommerce/resource_server/dto/mapper/RatingMapper.java:[19,23] cannot find symbol
[ERROR]   symbol:   variable Rating_
[ERROR]   location: interface com.bookommerce.resource_server.dto.mapper.RatingMapper
[ERROR] /C:/Users/PC/OneDrive/Desktop/bookommerce/resource-server/src/main/java/com/bookommerce/resource_server/dto/mapper/RatingMapper.java:[20,23] cannot find symbol
[ERROR]   symbol:   variable Rating_
[ERROR]   location: interface com.bookommerce.resource_server.dto.mapper.RatingMapper
[ERROR] /C:/Users/PC/OneDrive/Desktop/bookommerce/resource-server/src/main/java/com/bookommerce/resource_server/dto/mapper/RatingMapper.java:[21,23] cannot find symbol
[ERROR]   symbol:   variable Rating_
[ERROR]   location: interface com.bookommerce.resource_server.dto.mapper.RatingMapper
[ERROR] /C:/Users/PC/OneDrive/Desktop/bookommerce/resource-server/src/main/java/com/bookommerce/resource_server/dto/mapper/RatingMapper.java:[17,5] expression not allowed as annotation value
[ERROR] /C:/Users/PC/OneDrive/Desktop/bookommerce/resource-server/src/main/java/com/bookommerce/resource_server/repository/RatingRepository.java:[17,37] cannot find symbol
[ERROR]   symbol:   variable Rating_
[ERROR]   location: interface com.bookommerce.resource_server.repository.RatingRepository
[ERROR] /C:/Users/PC/OneDrive/Desktop/bookommerce/resource-server/src/main/java/com/bookommerce/resource_server/repository/RatingRepository.java:[20,37] cannot find symbol
[ERROR]   symbol:   variable Rating_
[ERROR]   location: interface com.bookommerce.resource_server.repository.RatingRepository
[ERROR] /C:/Users/PC/OneDrive/Desktop/bookommerce/resource-server/src/main/java/com/bookommerce/resource_server/dto/response/GetBookByIdResponseDto.java:[28,31] cannot find symbol
[ERROR]   symbol:   variable RatingStatistic_
[ERROR]   location: class com.bookommerce.resource_server.dto.response.GetBookByIdResponseDto.RatingStatistic
[ERROR] /C:/Users/PC/OneDrive/Desktop/bookommerce/resource-server/src/main/java/com/bookommerce/resource_server/dto/response/GetBookByIdResponseDto.java:[31,31] cannot find symbol
[ERROR]   symbol:   variable RatingStatistic_
[ERROR]   location: class com.bookommerce.resource_server.dto.response.GetBookByIdResponseDto.RatingStatistic
[ERROR] /C:/Users/PC/OneDrive/Desktop/bookommerce/resource-server/src/main/java/com/bookommerce/resource_server/dto/response/GetBookByIdResponseDto.java:[34,31] cannot find symbol
[ERROR]   symbol:   variable RatingStatistic_
[ERROR]   location: class com.bookommerce.resource_server.dto.response.GetBookByIdResponseDto.RatingStatistic
[ERROR] /C:/Users/PC/OneDrive/Desktop/bookommerce/resource-server/src/main/java/com/bookommerce/resource_server/dto/response/GetBookByIdResponseDto.java:[37,31] cannot find symbol
[ERROR]   symbol:   variable RatingStatistic_
[ERROR]   location: class com.bookommerce.resource_server.dto.response.GetBookByIdResponseDto.RatingStatistic
[ERROR] /C:/Users/PC/OneDrive/Desktop/bookommerce/resource-server/src/main/java/com/bookommerce/resource_server/dto/response/GetBookByIdResponseDto.java:[40,31] cannot find symbol
[ERROR]   symbol:   variable RatingStatistic_
[ERROR]   location: class com.bookommerce.resource_server.dto.response.GetBookByIdResponseDto.RatingStatistic
[ERROR] /C:/Users/PC/OneDrive/Desktop/bookommerce/resource-server/src/main/java/com/bookommerce/resource_server/dto/mapper/BookMapper.java:[15,23] cannot find symbol
[ERROR]   symbol:   variable Book_
[ERROR]   location: interface com.bookommerce.resource_server.dto.mapper.BookMapper
[ERROR] /C:/Users/PC/OneDrive/Desktop/bookommerce/resource-server/src/main/java/com/bookommerce/resource_server/dto/mapper/BookMapper.java:[16,23] cannot find symbol
[ERROR]   symbol:   variable Book_
[ERROR]   location: interface com.bookommerce.resource_server.dto.mapper.BookMapper
[ERROR] /C:/Users/PC/OneDrive/Desktop/bookommerce/resource-server/src/main/java/com/bookommerce/resource_server/dto/mapper/BookMapper.java:[17,23] cannot find symbol
[ERROR]   symbol:   variable Book_
[ERROR]   location: interface com.bookommerce.resource_server.dto.mapper.BookMapper
[ERROR] /C:/Users/PC/OneDrive/Desktop/bookommerce/resource-server/src/main/java/com/bookommerce/resource_server/dto/mapper/BookMapper.java:[18,23] cannot find symbol
[ERROR]   symbol:   variable Book_
[ERROR]   location: interface com.bookommerce.resource_server.dto.mapper.BookMapper
[ERROR] /C:/Users/PC/OneDrive/Desktop/bookommerce/resource-server/src/main/java/com/bookommerce/resource_server/dto/mapper/BookMapper.java:[19,23] cannot find symbol
[ERROR]   symbol:   variable Book_
[ERROR]   location: interface com.bookommerce.resource_server.dto.mapper.BookMapper
[ERROR] /C:/Users/PC/OneDrive/Desktop/bookommerce/resource-server/src/main/java/com/bookommerce/resource_server/dto/mapper/BookMapper.java:[20,23] cannot find symbol
[ERROR]   symbol:   variable Book_
[ERROR]   location: interface com.bookommerce.resource_server.dto.mapper.BookMapper
[ERROR] /C:/Users/PC/OneDrive/Desktop/bookommerce/resource-server/src/main/java/com/bookommerce/resource_server/dto/mapper/BookMapper.java:[15,5] expression not allowed as annotation value
[ERROR] /C:/Users/PC/OneDrive/Desktop/bookommerce/resource-server/src/main/java/com/bookommerce/resource_server/exception/GlobalExceptionHandler.java:[40,50] cannot find symbol
[ERROR]   symbol:   method getBindingResult()
[ERROR]   location: variable bookNotFoundException of type com.bookommerce.resource_server.exception.BookNotFoundException
[ERROR] /C:/Users/PC/OneDrive/Desktop/bookommerce/resource-server/src/main/java/com/bookommerce/resource_server/exception/GlobalExceptionHandler.java:[42,52] cannot find symbol
[ERROR]   symbol:   method getBindingResult()
[ERROR]   location: variable stockNotEnoughException of type com.bookommerce.resource_server.exception.StockNotEnoughException
[ERROR] /C:/Users/PC/OneDrive/Desktop/bookommerce/resource-server/src/main/java/com/bookommerce/resource_server/exception/GlobalExceptionHandler.java:[44,54] cannot find symbol
[ERROR]   symbol:   method getBindingResult()
[ERROR]   location: variable cartItemNotFoundException of type com.bookommerce.resource_server.exception.CartItemNotFoundException
[ERROR] /C:/Users/PC/OneDrive/Desktop/bookommerce/resource-server/src/main/java/com/bookommerce/resource_server/exception/GlobalExceptionHandler.java:[46,47] cannot find symbol
[ERROR]   symbol:   method getBindingResult()
[ERROR]   location: variable emptyCartException of type com.bookommerce.resource_server.exception.EmptyCartException
[ERROR] /C:/Users/PC/OneDrive/Desktop/bookommerce/resource-server/src/main/java/com/bookommerce/resource_server/exception/GlobalExceptionHandler.java:[48,61] cannot find symbol
[ERROR]   symbol:   method getBindingResult()
[ERROR]   location: variable invalidImageContentTypeException of type com.bookommerce.resource_server.exception.InvalidImageContentTypeException
[ERROR] /C:/Users/PC/OneDrive/Desktop/bookommerce/resource-server/src/main/java/com/bookommerce/resource_server/exception/GlobalExceptionHandler.java:[50,63] cannot find symbol
[ERROR]   symbol:   method getBindingResult()
[ERROR]   location: variable invalidImageFileExtensionException of type com.bookommerce.resource_server.exception.InvalidImageFileExtensionException
[ERROR] /C:/Users/PC/OneDrive/Desktop/bookommerce/resource-server/src/main/java/com/bookommerce/resource_server/exception/GlobalExceptionHandler.java:[52,52] cannot find symbol
[ERROR]   symbol:   method getBindingResult()
[ERROR]   location: variable bookImageEmptyException of type com.bookommerce.resource_server.exception.BookImageEmptyException
[ERROR] /C:/Users/PC/OneDrive/Desktop/bookommerce/resource-server/src/main/java/com/bookommerce/resource_server/exception/GlobalExceptionHandler.java:[54,53] cannot find symbol
[ERROR]   symbol:   method getBindingResult()
[ERROR]   location: variable duplicateRatingException of type com.bookommerce.resource_server.exception.DuplicateRatingException
[ERROR] /C:/Users/PC/OneDrive/Desktop/bookommerce/resource-server/src/main/java/com/bookommerce/resource_server/exception/GlobalExceptionHandler.java:[56,54] cannot find symbol
[ERROR]   symbol:   method getBindingResult()
[ERROR]   location: variable resourceNotFoundException of type com.bookommerce.resource_server.exception.ResourceNotFoundException
[ERROR] /C:/Users/PC/OneDrive/Desktop/bookommerce/resource-server/src/main/java/com/bookommerce/resource_server/exception/GlobalExceptionHandler.java:[58,58] cannot find symbol
[ERROR]   symbol:   method getBindingResult()
[ERROR]   location: variable illegalResourceStateException of type com.bookommerce.resource_server.exception.IllegalResourceStateException
[ERROR] /C:/Users/PC/OneDrive/Desktop/bookommerce/resource-server/src/main/java/com/bookommerce/resource_server/exception/GlobalExceptionHandler.java:[72,65] cannot find symbol
[ERROR]   symbol:   method <java.util.Map<java.lang.String,java.lang.Object>>builder()
[ERROR]   location: class com.bookommerce.resource_server.dto.response.ApiErrorResponse
[ERROR] /C:/Users/PC/OneDrive/Desktop/bookommerce/resource-server/src/main/java/com/bookommerce/resource_server/exception/DuplicateRatingException.java:[7,9] constructor BusinessException in class com.bookommerce.resource_server.exception.BusinessException cannot be applied to given types;
[ERROR]   required: no arguments
[ERROR]   found:    org.springframework.validation.BindingResult
[ERROR]   reason: actual and formal argument lists differ in length
[ERROR] /C:/Users/PC/OneDrive/Desktop/bookommerce/resource-server/src/main/java/com/bookommerce/resource_server/exception/EmptyCartException.java:[7,9] constructor BusinessException in class com.bookommerce.resource_server.exception.BusinessException cannot be applied to given types;
[ERROR]   required: no arguments
[ERROR]   found:    org.springframework.validation.BindingResult
[ERROR]   reason: actual and formal argument lists differ in length
[ERROR] /C:/Users/PC/OneDrive/Desktop/bookommerce/resource-server/src/main/java/com/bookommerce/resource_server/service/GenreService.java:[39,68] cannot find symbol
[ERROR]   symbol:   method getName()
[ERROR]   location: variable createGenreRequestDto of type com.bookommerce.resource_server.dto.request.CreateGenreRequestDto
[ERROR] /C:/Users/PC/OneDrive/Desktop/bookommerce/resource-server/src/main/java/com/bookommerce/resource_server/service/RatingService.java:[84,15] cannot find symbol
[ERROR]   symbol:   method setBook(com.bookommerce.resource_server.entity.Book)
[ERROR]   location: variable rating of type com.bookommerce.resource_server.entity.Rating
[ERROR] /C:/Users/PC/OneDrive/Desktop/bookommerce/resource-server/src/main/java/com/bookommerce/resource_server/service/RatingService.java:[85,15] cannot find symbol
[ERROR]   symbol:   method setRater(java.lang.String)
[ERROR]   location: variable rating of type com.bookommerce.resource_server.entity.Rating
[ERROR] /C:/Users/PC/OneDrive/Desktop/bookommerce/resource-server/src/main/java/com/bookommerce/resource_server/service/RatingService.java:[86,15] cannot find symbol
[ERROR]   symbol:   method setCreatedAt(java.time.Instant)
[ERROR]   location: variable rating of type com.bookommerce.resource_server.entity.Rating
[ERROR] /C:/Users/PC/OneDrive/Desktop/bookommerce/resource-server/src/main/java/com/bookommerce/resource_server/service/RatingService.java:[87,15] cannot find symbol
[ERROR]   symbol:   method setApproved(boolean)
[ERROR]   location: variable rating of type com.bookommerce.resource_server.entity.Rating
[ERROR] /C:/Users/PC/OneDrive/Desktop/bookommerce/resource-server/src/main/java/com/bookommerce/resource_server/service/RatingService.java:[98,27] cannot find symbol
[ERROR]   symbol:   variable Rating_
[ERROR]   location: class com.bookommerce.resource_server.service.RatingService
[ERROR] /C:/Users/PC/OneDrive/Desktop/bookommerce/resource-server/src/main/java/com/bookommerce/resource_server/service/RatingService.java:[121,62] cannot find symbol
[ERROR]   symbol:   method getProperty()
[ERROR]   location: class com.bookommerce.resource_server.constant.RatingsSortCriteria
[ERROR] /C:/Users/PC/OneDrive/Desktop/bookommerce/resource-server/src/main/java/com/bookommerce/resource_server/service/RatingService.java:[136,57] cannot find symbol
[ERROR]   symbol:   method getProperty()
[ERROR]   location: class com.bookommerce.resource_server.constant.RatingsSortCriteria
[ERROR] /C:/Users/PC/OneDrive/Desktop/bookommerce/resource-server/src/main/java/com/bookommerce/resource_server/service/RatingService.java:[145,117] cannot find symbol
[ERROR]   symbol:   method getBook()
[ERROR]   location: variable rating of type com.bookommerce.resource_server.entity.Rating
[ERROR] /C:/Users/PC/OneDrive/Desktop/bookommerce/resource-server/src/main/java/com/bookommerce/resource_server/service/RatingService.java:[159,19] cannot find symbol
[ERROR]   symbol:   method isApproved()
[ERROR]   location: variable rating of type com.bookommerce.resource_server.entity.Rating
[ERROR] /C:/Users/PC/OneDrive/Desktop/bookommerce/resource-server/src/main/java/com/bookommerce/resource_server/service/RatingService.java:[164,15] cannot find symbol
[ERROR]   symbol:   method setApproved(boolean)
[ERROR]   location: variable rating of type com.bookommerce.resource_server.entity.Rating
[ERROR] /C:/Users/PC/OneDrive/Desktop/bookommerce/resource-server/src/main/java/com/bookommerce/resource_server/service/RatingService.java:[166,49] cannot find symbol
[ERROR]   symbol:   method getBook()
[ERROR]   location: variable rating of type com.bookommerce.resource_server.entity.Rating
[ERROR] /C:/Users/PC/OneDrive/Desktop/bookommerce/resource-server/src/main/java/com/bookommerce/resource_server/service/RatingService.java:[167,23] cannot find symbol
[ERROR]   symbol:   method getPoint()
[ERROR]   location: variable rating of type com.bookommerce.resource_server.entity.Rating
[ERROR] /C:/Users/PC/OneDrive/Desktop/bookommerce/resource-server/src/main/java/com/bookommerce/resource_server/service/RatingService.java:[169,64] cannot find symbol
[ERROR]   symbol:   method get_1PointCount()
[ERROR]   location: variable ratingStatistic of type com.bookommerce.resource_server.entity.RatingStatistic
[ERROR] /C:/Users/PC/OneDrive/Desktop/bookommerce/resource-server/src/main/java/com/bookommerce/resource_server/service/RatingService.java:[172,64] cannot find symbol
[ERROR]   symbol:   method get_2PointCount()
[ERROR]   location: variable ratingStatistic of type com.bookommerce.resource_server.entity.RatingStatistic
[ERROR] /C:/Users/PC/OneDrive/Desktop/bookommerce/resource-server/src/main/java/com/bookommerce/resource_server/service/RatingService.java:[175,64] cannot find symbol
[ERROR]   symbol:   method get_3PointCount()
[ERROR]   location: variable ratingStatistic of type com.bookommerce.resource_server.entity.RatingStatistic
[ERROR] /C:/Users/PC/OneDrive/Desktop/bookommerce/resource-server/src/main/java/com/bookommerce/resource_server/service/RatingService.java:[178,64] cannot find symbol
[ERROR]   symbol:   method get_4PointCount()
[ERROR]   location: variable ratingStatistic of type com.bookommerce.resource_server.entity.RatingStatistic
[ERROR] /C:/Users/PC/OneDrive/Desktop/bookommerce/resource-server/src/main/java/com/bookommerce/resource_server/service/RatingService.java:[181,64] cannot find symbol
[ERROR]   symbol:   method get_5PointCount()
[ERROR]   location: variable ratingStatistic of type com.bookommerce.resource_server.entity.RatingStatistic
[ERROR] /C:/Users/PC/OneDrive/Desktop/bookommerce/resource-server/src/main/java/com/bookommerce/resource_server/service/RatingService.java:[186,55] cannot find symbol
[ERROR]   symbol:   method getRatingCount()
[ERROR]   location: variable ratingStatistic of type com.bookommerce.resource_server.entity.RatingStatistic
[ERROR] /C:/Users/PC/OneDrive/Desktop/bookommerce/resource-server/src/main/java/com/bookommerce/resource_server/service/RatingService.java:[188,30] cannot find symbol
[ERROR]   symbol:   method get_1PointCount()
[ERROR]   location: variable ratingStatistic of type com.bookommerce.resource_server.entity.RatingStatistic
[ERROR] /C:/Users/PC/OneDrive/Desktop/bookommerce/resource-server/src/main/java/com/bookommerce/resource_server/service/RatingService.java:[189,30] cannot find symbol
[ERROR]   symbol:   method get_2PointCount()
[ERROR]   location: variable ratingStatistic of type com.bookommerce.resource_server.entity.RatingStatistic
[ERROR] /C:/Users/PC/OneDrive/Desktop/bookommerce/resource-server/src/main/java/com/bookommerce/resource_server/service/RatingService.java:[190,30] cannot find symbol
[ERROR]   symbol:   method get_3PointCount()
[ERROR]   location: variable ratingStatistic of type com.bookommerce.resource_server.entity.RatingStatistic
[ERROR] /C:/Users/PC/OneDrive/Desktop/bookommerce/resource-server/src/main/java/com/bookommerce/resource_server/service/RatingService.java:[191,30] cannot find symbol
[ERROR]   symbol:   method get_4PointCount()
[ERROR]   location: variable ratingStatistic of type com.bookommerce.resource_server.entity.RatingStatistic
[ERROR] /C:/Users/PC/OneDrive/Desktop/bookommerce/resource-server/src/main/java/com/bookommerce/resource_server/service/RatingService.java:[192,30] cannot find symbol
[ERROR]   symbol:   method get_5PointCount()
[ERROR]   location: variable ratingStatistic of type com.bookommerce.resource_server.entity.RatingStatistic
[ERROR] /C:/Users/PC/OneDrive/Desktop/bookommerce/resource-server/src/main/java/com/bookommerce/resource_server/service/RatingService.java:[193,78] cannot find symbol
[ERROR]   symbol:   method getRatingCount()
[ERROR]   location: variable ratingStatistic of type com.bookommerce.resource_server.entity.RatingStatistic
[ERROR] /C:/Users/PC/OneDrive/Desktop/bookommerce/resource-server/src/main/java/com/bookommerce/resource_server/service/RatingService.java:[206,20] cannot find symbol
[ERROR]   symbol:   method isApproved()
[ERROR]   location: variable rating of type com.bookommerce.resource_server.entity.Rating
[ERROR] /C:/Users/PC/OneDrive/Desktop/bookommerce/resource-server/src/main/java/com/bookommerce/resource_server/service/RatingService.java:[210,15] cannot find symbol
[ERROR]   symbol:   method setApproved(boolean)
[ERROR]   location: variable rating of type com.bookommerce.resource_server.entity.Rating
[ERROR] /C:/Users/PC/OneDrive/Desktop/bookommerce/resource-server/src/main/java/com/bookommerce/resource_server/service/RatingService.java:[213,49] cannot find symbol
[ERROR]   symbol:   method getBook()
[ERROR]   location: variable rating of type com.bookommerce.resource_server.entity.Rating
[ERROR] /C:/Users/PC/OneDrive/Desktop/bookommerce/resource-server/src/main/java/com/bookommerce/resource_server/service/RatingService.java:[214,23] cannot find symbol
[ERROR]   symbol:   method getPoint()
[ERROR]   location: variable rating of type com.bookommerce.resource_server.entity.Rating
[ERROR] /C:/Users/PC/OneDrive/Desktop/bookommerce/resource-server/src/main/java/com/bookommerce/resource_server/service/RatingService.java:[215,68] cannot find symbol
[ERROR]   symbol:   method get_1PointCount()
[ERROR]   location: variable ratingStatistic of type com.bookommerce.resource_server.entity.RatingStatistic
[ERROR] /C:/Users/PC/OneDrive/Desktop/bookommerce/resource-server/src/main/java/com/bookommerce/resource_server/service/RatingService.java:[216,68] cannot find symbol
[ERROR]   symbol:   method get_2PointCount()
[ERROR]   location: variable ratingStatistic of type com.bookommerce.resource_server.entity.RatingStatistic
[ERROR] /C:/Users/PC/OneDrive/Desktop/bookommerce/resource-server/src/main/java/com/bookommerce/resource_server/service/RatingService.java:[217,68] cannot find symbol
[ERROR]   symbol:   method get_3PointCount()
[ERROR]   location: variable ratingStatistic of type com.bookommerce.resource_server.entity.RatingStatistic
[ERROR] /C:/Users/PC/OneDrive/Desktop/bookommerce/resource-server/src/main/java/com/bookommerce/resource_server/service/RatingService.java:[218,68] cannot find symbol
[ERROR]   symbol:   method get_4PointCount()
[ERROR]   location: variable ratingStatistic of type com.bookommerce.resource_server.entity.RatingStatistic
[ERROR] /C:/Users/PC/OneDrive/Desktop/bookommerce/resource-server/src/main/java/com/bookommerce/resource_server/service/RatingService.java:[219,68] cannot find symbol
[ERROR]   symbol:   method get_5PointCount()
[ERROR]   location: variable ratingStatistic of type com.bookommerce.resource_server.entity.RatingStatistic
[ERROR] /C:/Users/PC/OneDrive/Desktop/bookommerce/resource-server/src/main/java/com/bookommerce/resource_server/service/RatingService.java:[222,55] cannot find symbol
[ERROR]   symbol:   method getRatingCount()
[ERROR]   location: variable ratingStatistic of type com.bookommerce.resource_server.entity.RatingStatistic
[ERROR] /C:/Users/PC/OneDrive/Desktop/bookommerce/resource-server/src/main/java/com/bookommerce/resource_server/service/RatingService.java:[224,30] cannot find symbol
[ERROR]   symbol:   method get_1PointCount()
[ERROR]   location: variable ratingStatistic of type com.bookommerce.resource_server.entity.RatingStatistic
[ERROR] /C:/Users/PC/OneDrive/Desktop/bookommerce/resource-server/src/main/java/com/bookommerce/resource_server/service/RatingService.java:[225,30] cannot find symbol
[ERROR]   symbol:   method get_2PointCount()
[ERROR]   location: variable ratingStatistic of type com.bookommerce.resource_server.entity.RatingStatistic
[ERROR] /C:/Users/PC/OneDrive/Desktop/bookommerce/resource-server/src/main/java/com/bookommerce/resource_server/service/RatingService.java:[226,30] cannot find symbol
[ERROR]   symbol:   method get_3PointCount()
[ERROR]   location: variable ratingStatistic of type com.bookommerce.resource_server.entity.RatingStatistic
[ERROR] /C:/Users/PC/OneDrive/Desktop/bookommerce/resource-server/src/main/java/com/bookommerce/resource_server/service/RatingService.java:[227,30] cannot find symbol
[ERROR]   symbol:   method get_4PointCount()
[ERROR]   location: variable ratingStatistic of type com.bookommerce.resource_server.entity.RatingStatistic
[ERROR] /C:/Users/PC/OneDrive/Desktop/bookommerce/resource-server/src/main/java/com/bookommerce/resource_server/service/RatingService.java:[228,30] cannot find symbol
[ERROR]   symbol:   method get_5PointCount()
[ERROR]   location: variable ratingStatistic of type com.bookommerce.resource_server.entity.RatingStatistic
[ERROR] /C:/Users/PC/OneDrive/Desktop/bookommerce/resource-server/src/main/java/com/bookommerce/resource_server/service/RatingService.java:[229,68] cannot find symbol
[ERROR]   symbol:   method getRatingCount()
[ERROR]   location: variable ratingStatistic of type com.bookommerce.resource_server.entity.RatingStatistic
[ERROR] /C:/Users/PC/OneDrive/Desktop/bookommerce/resource-server/src/main/java/com/bookommerce/resource_server/service/RatingService.java:[233,24] cannot find symbol
[ERROR]   symbol:   method setAveragePoint(double)
[ERROR]   location: variable ratingStatistic of type com.bookommerce.resource_server.entity.RatingStatistic
[ERROR] /C:/Users/PC/OneDrive/Desktop/bookommerce/resource-server/src/main/java/com/bookommerce/resource_server/service/RatingService.java:[248,69] cannot find symbol
[ERROR]   symbol:   method getRater()
[ERROR]   location: variable rating of type com.bookommerce.resource_server.entity.Rating
[ERROR] /C:/Users/PC/OneDrive/Desktop/bookommerce/resource-server/src/main/java/com/bookommerce/resource_server/service/RatingService.java:[255,19] cannot find symbol
[ERROR]   symbol:   method isApproved()
[ERROR]   location: variable rating of type com.bookommerce.resource_server.entity.Rating
[ERROR] /C:/Users/PC/OneDrive/Desktop/bookommerce/resource-server/src/main/java/com/bookommerce/resource_server/service/RatingService.java:[256,53] cannot find symbol
[ERROR]   symbol:   method getBook()
[ERROR]   location: variable rating of type com.bookommerce.resource_server.entity.Rating
[ERROR] -> [Help 1]
[ERROR] 
[ERROR] To see the full stack trace of the errors, re-run Maven with the -e switch.
[ERROR] Re-run Maven using the -X switch to enable full debug logging.
[ERROR] 
[ERROR] For more information about the errors and possible solutions, please read the following articles:
[ERROR] [Help 1] http://cwiki.apache.org/confluence/display/MAVEN/MojoFailureException
