2025-12-29T16:21:36.104+07:00  INFO 1436 --- [auth-server] [restartedMain] c.b.auth_server.AuthServerApplication    : Starting AuthServerApplication using Java 21.0.3 with PID 1436 (C:\Users\PC\OneDrive\Desktop\bookommerce\auth-server\target\classes started by PC in C:\Users\PC\OneDrive\Desktop\bookommerce)
2025-12-29T16:21:36.108+07:00  INFO 1436 --- [auth-server] [restartedMain] c.b.auth_server.AuthServerApplication    : No active profile set, falling back to 1 default profile: "default"
2025-12-29T16:21:36.183+07:00  INFO 1436 --- [auth-server] [restartedMain] .e.DevToolsPropertyDefaultsPostProcessor : Devtools property defaults active! Set 'spring.devtools.add-properties' to 'false' to disable
2025-12-29T16:21:36.184+07:00  INFO 1436 --- [auth-server] [restartedMain] .e.DevToolsPropertyDefaultsPostProcessor : For additional web related logging consider setting the 'logging.level.web' property to 'DEBUG'
2025-12-29T16:21:37.898+07:00  INFO 1436 --- [auth-server] [restartedMain] .s.d.r.c.RepositoryConfigurationDelegate : Bootstrapping Spring Data JPA repositories in DEFAULT mode.
2025-12-29T16:21:37.983+07:00  INFO 1436 --- [auth-server] [restartedMain] .s.d.r.c.RepositoryConfigurationDelegate : Finished Spring Data repository scanning in 67 ms. Found 1 JPA repository interface.
2025-12-29T16:21:39.040+07:00  INFO 1436 --- [auth-server] [restartedMain] o.s.b.w.embedded.tomcat.TomcatWebServer  : Tomcat initialized with port 8282 (https)
2025-12-29T16:21:39.068+07:00  INFO 1436 --- [auth-server] [restartedMain] o.apache.catalina.core.StandardService   : Starting service [Tomcat]
2025-12-29T16:21:39.071+07:00  INFO 1436 --- [auth-server] [restartedMain] o.apache.catalina.core.StandardEngine    : Starting Servlet engine: [Apache Tomcat/10.1.49]
2025-12-29T16:21:39.148+07:00  INFO 1436 --- [auth-server] [restartedMain] o.a.c.c.C.[Tomcat].[localhost].[/]       : Initializing Spring embedded WebApplicationContext
2025-12-29T16:21:39.150+07:00  INFO 1436 --- [auth-server] [restartedMain] w.s.c.ServletWebServerApplicationContext : Root WebApplicationContext: initialization completed in 2966 ms
2025-12-29T16:21:39.442+07:00  INFO 1436 --- [auth-server] [restartedMain] com.zaxxer.hikari.HikariDataSource       : HikariPool-1 - Starting...
2025-12-29T16:21:40.024+07:00  INFO 1436 --- [auth-server] [restartedMain] com.zaxxer.hikari.pool.HikariPool        : HikariPool-1 - Added connection com.mysql.cj.jdbc.ConnectionImpl@69ae2b0d
2025-12-29T16:21:40.030+07:00  INFO 1436 --- [auth-server] [restartedMain] com.zaxxer.hikari.HikariDataSource       : HikariPool-1 - Start completed.
2025-12-29T16:21:40.721+07:00  INFO 1436 --- [auth-server] [restartedMain] o.hibernate.jpa.internal.util.LogHelper  : HHH000204: Processing PersistenceUnitInfo [name: default]
2025-12-29T16:21:40.855+07:00  INFO 1436 --- [auth-server] [restartedMain] org.hibernate.Version                    : HHH000412: Hibernate ORM core version 6.6.36.Final
2025-12-29T16:21:40.919+07:00  INFO 1436 --- [auth-server] [restartedMain] o.h.c.internal.RegionFactoryInitiator    : HHH000026: Second-level cache disabled
2025-12-29T16:21:41.295+07:00  INFO 1436 --- [auth-server] [restartedMain] o.s.o.j.p.SpringPersistenceUnitInfo      : No LoadTimeWeaver setup: ignoring JPA class transformer
2025-12-29T16:21:41.377+07:00  WARN 1436 --- [auth-server] [restartedMain] org.hibernate.orm.deprecation            : HHH90000025: MySQLDialect does not need to be specified explicitly using 'hibernate.dialect' (remove the property setting and it will be selected by default)
2025-12-29T16:21:41.394+07:00  INFO 1436 --- [auth-server] [restartedMain] org.hibernate.orm.connections.pooling    : HHH10001005: Database info:
	Database JDBC URL [Connecting through datasource 'HikariDataSource (HikariPool-1)']
	Database driver: undefined/unknown
	Database version: 8.0.44
	Autocommit mode: undefined/unknown
	Isolation level: undefined/unknown
	Minimum pool size: undefined/unknown
	Maximum pool size: undefined/unknown
2025-12-29T16:21:42.265+07:00  INFO 1436 --- [auth-server] [restartedMain] o.h.e.t.j.p.i.JtaPlatformInitiator       : HHH000489: No JTA platform available (set 'hibernate.transaction.jta.platform' to enable JTA platform integration)
2025-12-29T16:21:42.322+07:00  INFO 1436 --- [auth-server] [restartedMain] j.LocalContainerEntityManagerFactoryBean : Initialized JPA EntityManagerFactory for persistence unit 'default'
2025-12-29T16:21:42.684+07:00  INFO 1436 --- [auth-server] [restartedMain] r$InitializeUserDetailsManagerConfigurer : Global AuthenticationManager configured with UserDetailsService bean with name userDetailsService
2025-12-29T16:21:42.806+07:00  WARN 1436 --- [auth-server] [restartedMain] JpaBaseConfiguration$JpaWebConfiguration : spring.jpa.open-in-view is enabled by default. Therefore, database queries may be performed during view rendering. Explicitly configure spring.jpa.open-in-view to disable this warning
2025-12-29T16:21:43.408+07:00  INFO 1436 --- [auth-server] [restartedMain] o.s.b.a.e.web.EndpointLinksResolver      : Exposing 1 endpoint beneath base path '/actuator'
2025-12-29T16:21:43.809+07:00 DEBUG 1436 --- [auth-server] [restartedMain] o.s.s.web.DefaultSecurityFilterChain     : Will secure org.springframework.security.oauth2.server.authorization.config.annotation.web.configurers.OAuth2AuthorizationServerConfigurer$$Lambda/0x0000020e5fb024c8@39241a73 with filters: DisableEncodeUrlFilter, WebAsyncManagerIntegrationFilter, SecurityContextHolderFilter, AuthorizationServerContextFilter, HeaderWriterFilter, CsrfFilter, OidcLogoutEndpointFilter, LogoutFilter, OAuth2AuthorizationServerMetadataEndpointFilter, OAuth2AuthorizationEndpointFilter, OAuth2DeviceVerificationEndpointFilter, OidcProviderConfigurationEndpointFilter, NimbusJwkSetEndpointFilter, OAuth2ClientAuthenticationFilter, BearerTokenAuthenticationFilter, AuthenticationFilter, RequestCacheAwareFilter, SecurityContextHolderAwareRequestFilter, AnonymousAuthenticationFilter, ExceptionTranslationFilter, AuthorizationFilter, OAuth2TokenEndpointFilter, OAuth2TokenIntrospectionEndpointFilter, OAuth2TokenRevocationEndpointFilter, OAuth2DeviceAuthorizationEndpointFilter, OidcUserInfoEndpointFilter
2025-12-29T16:21:43.871+07:00 DEBUG 1436 --- [auth-server] [restartedMain] o.s.s.web.DefaultSecurityFilterChain     : Will secure any request with filters: DisableEncodeUrlFilter, ForceEagerSessionCreationFilter, WebAsyncManagerIntegrationFilter, SecurityContextHolderFilter, HeaderWriterFilter, CorsFilter, CsrfFilter, LogoutFilter, OAuth2AuthorizationRequestRedirectFilter, OAuth2LoginAuthenticationFilter, RequestCacheAwareFilter, SecurityContextHolderAwareRequestFilter, AnonymousAuthenticationFilter, SessionManagementFilter, ExceptionTranslationFilter, AuthorizationFilter
2025-12-29T16:21:43.901+07:00  INFO 1436 --- [auth-server] [restartedMain] c.b.a.config.SessionCookieConfig         : >>>>>>>>>>>>>>>>>>>> CookieSerializer configured
2025-12-29T16:21:44.270+07:00  INFO 1436 --- [auth-server] [restartedMain] o.s.b.d.a.OptionalLiveReloadServer       : LiveReload server is running on port 35729
2025-12-29T16:21:44.402+07:00  INFO 1436 --- [auth-server] [restartedMain] o.a.t.util.net.NioEndpoint.certificate   : Connector [https-jsse-nio-8282], TLS virtual host [_default_], certificate type [UNDEFINED] configured from keystore [C:\Users\PC\.keystore] using alias [bookommerce_ssl] with trust store [null]
2025-12-29T16:21:44.425+07:00  INFO 1436 --- [auth-server] [restartedMain] o.s.b.w.embedded.tomcat.TomcatWebServer  : Tomcat started on port 8282 (https) with context path '/'
2025-12-29T16:21:44.440+07:00  INFO 1436 --- [auth-server] [restartedMain] c.b.auth_server.AuthServerApplication    : Started AuthServerApplication in 8.997 seconds (process running for 9.859)
2025-12-29T16:21:44.685+07:00  INFO 1436 --- [auth-server] [RMI TCP Connection(2)-127.0.0.1] o.a.c.c.C.[Tomcat].[localhost].[/]       : Initializing Spring DispatcherServlet 'dispatcherServlet'
2025-12-29T16:21:44.685+07:00  INFO 1436 --- [auth-server] [RMI TCP Connection(2)-127.0.0.1] o.s.web.servlet.DispatcherServlet        : Initializing Servlet 'dispatcherServlet'
2025-12-29T16:21:44.687+07:00  INFO 1436 --- [auth-server] [RMI TCP Connection(2)-127.0.0.1] o.s.web.servlet.DispatcherServlet        : Completed initialization in 1 ms
2025-12-29T16:21:56.487+07:00 DEBUG 1436 --- [auth-server] [https-jsse-nio-8282-exec-6] o.s.security.web.FilterChainProxy        : Securing GET /.well-known/openid-configuration
2025-12-29T16:21:56.615+07:00 DEBUG 1436 --- [auth-server] [https-jsse-nio-8282-exec-7] o.s.security.web.FilterChainProxy        : Securing GET /oauth2/jwks
2025-12-29T16:22:52.497+07:00 DEBUG 1436 --- [auth-server] [https-jsse-nio-8282-exec-5] o.s.security.web.FilterChainProxy        : Securing GET /.well-known/openid-configuration
2025-12-29T16:22:52.593+07:00 DEBUG 1436 --- [auth-server] [https-jsse-nio-8282-exec-6] o.s.security.web.FilterChainProxy        : Securing GET /oauth2/jwks
2025-12-29T16:34:46.568+07:00 DEBUG 1436 --- [auth-server] [https-jsse-nio-8282-exec-2] o.s.security.web.FilterChainProxy        : Securing GET /.well-known/openid-configuration
2025-12-29T16:34:46.591+07:00 DEBUG 1436 --- [auth-server] [https-jsse-nio-8282-exec-3] o.s.security.web.FilterChainProxy        : Securing GET /oauth2/jwks
2025-12-29T16:34:52.905+07:00 DEBUG 1436 --- [auth-server] [https-jsse-nio-8282-exec-4] o.s.security.web.FilterChainProxy        : Securing GET /.well-known/openid-configuration
2025-12-29T16:34:52.923+07:00 DEBUG 1436 --- [auth-server] [https-jsse-nio-8282-exec-5] o.s.security.web.FilterChainProxy        : Securing GET /oauth2/jwks
2025-12-29T16:43:55.167+07:00 DEBUG 1436 --- [auth-server] [https-jsse-nio-8282-exec-1] o.s.security.web.FilterChainProxy        : Securing GET /.well-known/openid-configuration
2025-12-29T16:43:55.233+07:00 DEBUG 1436 --- [auth-server] [https-jsse-nio-8282-exec-2] o.s.security.web.FilterChainProxy        : Securing GET /oauth2/jwks
2025-12-29T16:43:58.980+07:00 DEBUG 1436 --- [auth-server] [https-jsse-nio-8282-exec-3] o.s.security.web.FilterChainProxy        : Securing GET /.well-known/openid-configuration
2025-12-29T16:43:58.999+07:00 DEBUG 1436 --- [auth-server] [https-jsse-nio-8282-exec-4] o.s.security.web.FilterChainProxy        : Securing GET /oauth2/jwks
2025-12-29T16:44:06.582+07:00 DEBUG 1436 --- [auth-server] [https-jsse-nio-8282-exec-5] o.s.security.web.FilterChainProxy        : Securing GET /.well-known/openid-configuration
2025-12-29T16:44:06.603+07:00 DEBUG 1436 --- [auth-server] [https-jsse-nio-8282-exec-6] o.s.security.web.FilterChainProxy        : Securing GET /oauth2/jwks
2025-12-29T16:48:39.194+07:00 DEBUG 1436 --- [auth-server] [https-jsse-nio-8282-exec-2] o.s.security.web.FilterChainProxy        : Securing GET /.well-known/openid-configuration
2025-12-29T16:48:39.212+07:00 DEBUG 1436 --- [auth-server] [https-jsse-nio-8282-exec-3] o.s.security.web.FilterChainProxy        : Securing GET /oauth2/jwks
2025-12-29T16:48:41.839+07:00 DEBUG 1436 --- [auth-server] [https-jsse-nio-8282-exec-4] o.s.security.web.FilterChainProxy        : Securing GET /.well-known/openid-configuration
2025-12-29T16:48:41.858+07:00 DEBUG 1436 --- [auth-server] [https-jsse-nio-8282-exec-5] o.s.security.web.FilterChainProxy        : Securing GET /oauth2/jwks
2025-12-29T17:52:43.573+07:00 DEBUG 1436 --- [auth-server] [https-jsse-nio-8282-exec-1] o.s.security.web.FilterChainProxy        : Securing GET /.well-known/openid-configuration
2025-12-29T17:52:43.643+07:00 DEBUG 1436 --- [auth-server] [https-jsse-nio-8282-exec-2] o.s.security.web.FilterChainProxy        : Securing GET /oauth2/jwks
2025-12-29T17:52:46.584+07:00 DEBUG 1436 --- [auth-server] [https-jsse-nio-8282-exec-3] o.s.security.web.FilterChainProxy        : Securing GET /.well-known/openid-configuration
2025-12-29T17:52:46.610+07:00 DEBUG 1436 --- [auth-server] [https-jsse-nio-8282-exec-4] o.s.security.web.FilterChainProxy        : Securing GET /oauth2/jwks
2025-12-29T17:52:52.618+07:00 DEBUG 1436 --- [auth-server] [https-jsse-nio-8282-exec-5] o.s.security.web.FilterChainProxy        : Securing GET /.well-known/openid-configuration
2025-12-29T17:52:52.632+07:00 DEBUG 1436 --- [auth-server] [https-jsse-nio-8282-exec-6] o.s.security.web.FilterChainProxy        : Securing GET /oauth2/jwks
2025-12-29T17:53:17.812+07:00 DEBUG 1436 --- [auth-server] [https-jsse-nio-8282-exec-7] o.s.security.web.FilterChainProxy        : Securing GET /.well-known/openid-configuration
2025-12-29T17:53:17.824+07:00 DEBUG 1436 --- [auth-server] [https-jsse-nio-8282-exec-8] o.s.security.web.FilterChainProxy        : Securing GET /oauth2/jwks
2025-12-29T17:57:26.089+07:00 DEBUG 1436 --- [auth-server] [https-jsse-nio-8282-exec-4] o.s.security.web.FilterChainProxy        : Securing GET /.well-known/openid-configuration
2025-12-29T17:57:26.112+07:00 DEBUG 1436 --- [auth-server] [https-jsse-nio-8282-exec-5] o.s.security.web.FilterChainProxy        : Securing GET /oauth2/jwks
2025-12-29T18:00:17.956+07:00 DEBUG 1436 --- [auth-server] [https-jsse-nio-8282-exec-2] o.s.security.web.FilterChainProxy        : Securing GET /.well-known/openid-configuration
2025-12-29T18:00:18.086+07:00 DEBUG 1436 --- [auth-server] [https-jsse-nio-8282-exec-3] o.s.security.web.FilterChainProxy        : Securing GET /oauth2/jwks
2025-12-29T18:00:52.556+07:00 DEBUG 1436 --- [auth-server] [https-jsse-nio-8282-exec-4] o.s.security.web.FilterChainProxy        : Securing GET /.well-known/openid-configuration
2025-12-29T18:00:52.567+07:00 DEBUG 1436 --- [auth-server] [https-jsse-nio-8282-exec-5] o.s.security.web.FilterChainProxy        : Securing GET /oauth2/jwks
2025-12-29T18:02:09.602+07:00 DEBUG 1436 --- [auth-server] [https-jsse-nio-8282-exec-1] o.s.security.web.FilterChainProxy        : Securing GET /api/me
2025-12-29T18:02:09.847+07:00 DEBUG 1436 --- [auth-server] [https-jsse-nio-8282-exec-1] .s.s.w.s.ForceEagerSessionCreationFilter : Created session eagerly
2025-12-29T18:02:10.030+07:00 DEBUG 1436 --- [auth-server] [https-jsse-nio-8282-exec-1] o.s.s.w.a.AnonymousAuthenticationFilter  : Set SecurityContextHolder to anonymous SecurityContext
2025-12-29T18:02:10.034+07:00 DEBUG 1436 --- [auth-server] [https-jsse-nio-8282-exec-1] o.s.s.w.session.SessionManagementFilter  : Request requested invalid session id eef6bbe2-5d9c-4b63-bbff-41e2dc79631a
2025-12-29T18:02:10.321+07:00 DEBUG 1436 --- [auth-server] [https-jsse-nio-8282-exec-1] s.w.a.DelegatingAuthenticationEntryPoint : Trying to match using MediaTypeRequestMatcher [contentNegotiationStrategy=org.springframework.web.accept.HeaderContentNegotiationStrategy@1f8372c, matchingMediaTypes=[text/html], useEquals=false, ignoredMediaTypes=[]]
2025-12-29T18:02:10.321+07:00 DEBUG 1436 --- [auth-server] [https-jsse-nio-8282-exec-1] s.w.a.DelegatingAuthenticationEntryPoint : Trying to match using MediaTypeRequestMatcher [contentNegotiationStrategy=org.springframework.web.accept.HeaderContentNegotiationStrategy@6d354635, matchingMediaTypes=[application/json], useEquals=false, ignoredMediaTypes=[]]
2025-12-29T18:02:10.321+07:00 DEBUG 1436 --- [auth-server] [https-jsse-nio-8282-exec-1] s.w.a.DelegatingAuthenticationEntryPoint : Match found! Executing org.springframework.security.web.authentication.HttpStatusEntryPoint@7a20e1ea
2025-12-29T18:02:26.511+07:00 DEBUG 1436 --- [auth-server] [https-jsse-nio-8282-exec-7] o.s.security.web.FilterChainProxy        : Securing GET /api/me
2025-12-29T18:02:26.518+07:00 DEBUG 1436 --- [auth-server] [https-jsse-nio-8282-exec-7] .s.s.w.s.ForceEagerSessionCreationFilter : Created session eagerly
2025-12-29T18:02:26.522+07:00 DEBUG 1436 --- [auth-server] [https-jsse-nio-8282-exec-7] o.s.s.w.a.AnonymousAuthenticationFilter  : Set SecurityContextHolder to anonymous SecurityContext
2025-12-29T18:02:26.526+07:00 DEBUG 1436 --- [auth-server] [https-jsse-nio-8282-exec-7] s.w.a.DelegatingAuthenticationEntryPoint : Trying to match using MediaTypeRequestMatcher [contentNegotiationStrategy=org.springframework.web.accept.HeaderContentNegotiationStrategy@1f8372c, matchingMediaTypes=[text/html], useEquals=false, ignoredMediaTypes=[]]
2025-12-29T18:02:26.526+07:00 DEBUG 1436 --- [auth-server] [https-jsse-nio-8282-exec-7] s.w.a.DelegatingAuthenticationEntryPoint : Trying to match using MediaTypeRequestMatcher [contentNegotiationStrategy=org.springframework.web.accept.HeaderContentNegotiationStrategy@6d354635, matchingMediaTypes=[application/json], useEquals=false, ignoredMediaTypes=[]]
2025-12-29T18:02:26.527+07:00 DEBUG 1436 --- [auth-server] [https-jsse-nio-8282-exec-7] s.w.a.DelegatingAuthenticationEntryPoint : Match found! Executing org.springframework.security.web.authentication.HttpStatusEntryPoint@7a20e1ea
2025-12-29T18:02:47.849+07:00 DEBUG 1436 --- [auth-server] [https-jsse-nio-8282-exec-4] o.s.security.web.FilterChainProxy        : Securing GET /page/signup
2025-12-29T18:02:47.864+07:00 DEBUG 1436 --- [auth-server] [https-jsse-nio-8282-exec-4] o.s.s.w.a.AnonymousAuthenticationFilter  : Set SecurityContextHolder to anonymous SecurityContext
2025-12-29T18:02:47.899+07:00 DEBUG 1436 --- [auth-server] [https-jsse-nio-8282-exec-4] o.s.security.web.FilterChainProxy        : Secured GET /page/signup
2025-12-29T18:02:49.299+07:00 DEBUG 1436 --- [auth-server] [https-jsse-nio-8282-exec-9] o.s.security.web.FilterChainProxy        : Securing GET /page/signup
2025-12-29T18:02:49.308+07:00 DEBUG 1436 --- [auth-server] [https-jsse-nio-8282-exec-9] o.s.s.w.a.AnonymousAuthenticationFilter  : Set SecurityContextHolder to anonymous SecurityContext
2025-12-29T18:02:49.310+07:00 DEBUG 1436 --- [auth-server] [https-jsse-nio-8282-exec-9] o.s.security.web.FilterChainProxy        : Secured GET /page/signup
2025-12-29T18:03:02.929+07:00 DEBUG 1436 --- [auth-server] [https-jsse-nio-8282-exec-7] o.s.security.web.FilterChainProxy        : Securing POST /api/register
2025-12-29T18:03:02.933+07:00 DEBUG 1436 --- [auth-server] [https-jsse-nio-8282-exec-7] o.s.s.w.a.AnonymousAuthenticationFilter  : Set SecurityContextHolder to anonymous SecurityContext
2025-12-29T18:03:02.933+07:00 DEBUG 1436 --- [auth-server] [https-jsse-nio-8282-exec-7] o.s.security.web.FilterChainProxy        : Secured POST /api/register
2025-12-29T18:03:05.902+07:00 DEBUG 1436 --- [auth-server] [https-jsse-nio-8282-exec-8] o.s.security.web.FilterChainProxy        : Securing GET /page/login
2025-12-29T18:03:05.909+07:00 DEBUG 1436 --- [auth-server] [https-jsse-nio-8282-exec-8] o.s.s.w.a.AnonymousAuthenticationFilter  : Set SecurityContextHolder to anonymous SecurityContext
2025-12-29T18:03:05.913+07:00 DEBUG 1436 --- [auth-server] [https-jsse-nio-8282-exec-8] o.s.security.web.FilterChainProxy        : Secured GET /page/login
2025-12-29T18:03:05.995+07:00 DEBUG 1436 --- [auth-server] [https-jsse-nio-8282-exec-10] o.s.security.web.FilterChainProxy        : Securing GET /page/login
2025-12-29T18:03:06.000+07:00 DEBUG 1436 --- [auth-server] [https-jsse-nio-8282-exec-10] o.s.s.w.a.AnonymousAuthenticationFilter  : Set SecurityContextHolder to anonymous SecurityContext
2025-12-29T18:03:06.001+07:00 DEBUG 1436 --- [auth-server] [https-jsse-nio-8282-exec-10] o.s.security.web.FilterChainProxy        : Secured GET /page/login
2025-12-29T18:03:09.484+07:00 DEBUG 1436 --- [auth-server] [https-jsse-nio-8282-exec-5] o.s.security.web.FilterChainProxy        : Securing POST /api/login
2025-12-29T18:03:09.491+07:00 DEBUG 1436 --- [auth-server] [https-jsse-nio-8282-exec-5] o.s.s.w.a.AnonymousAuthenticationFilter  : Set SecurityContextHolder to anonymous SecurityContext
2025-12-29T18:03:09.491+07:00 DEBUG 1436 --- [auth-server] [https-jsse-nio-8282-exec-5] o.s.security.web.FilterChainProxy        : Secured POST /api/login
2025-12-29T18:03:09.739+07:00 DEBUG 1436 --- [auth-server] [https-jsse-nio-8282-exec-5] o.s.s.a.dao.DaoAuthenticationProvider    : Authenticated user
2025-12-29T18:03:09.740+07:00 DEBUG 1436 --- [auth-server] [https-jsse-nio-8282-exec-5] w.c.HttpSessionSecurityContextRepository : Stored SecurityContextImpl [Authentication=UsernamePasswordAuthenticationToken [Principal=org.springframework.security.core.userdetails.User [Username=vanh2k3@gmail.com, Password=[PROTECTED], Enabled=true, AccountNonExpired=true, CredentialsNonExpired=true, AccountNonLocked=true, Granted Authorities=[]], Credentials=[PROTECTED], Authenticated=true, Details=null, Granted Authorities=[]]] to HttpSession [org.springframework.session.web.http.SessionRepositoryFilter$SessionRepositoryRequestWrapper$HttpSessionWrapper@17e5fbd7]
2025-12-29T18:03:10.925+07:00 DEBUG 1436 --- [auth-server] [https-jsse-nio-8282-exec-6] o.s.security.web.FilterChainProxy        : Securing GET /oauth2/authorize?response_type=code&client_id=bff&scope=openid%20profile&state=4ZkRQ5dn6HdbMtMHcT3tAEIXeot54NdAXszRUXGinyU%3D&redirect_uri=https://bff.bookommerce.com:8181/login/oauth2/code/bff&nonce=Nq4FQ0C7o2dDbpH0jxEUI4Loxs0FcpeQ_BatqkI-KmQ
2025-12-29T18:03:10.949+07:00 DEBUG 1436 --- [auth-server] [https-jsse-nio-8282-exec-6] w.c.HttpSessionSecurityContextRepository : Retrieved SecurityContextImpl [Authentication=UsernamePasswordAuthenticationToken [Principal=org.springframework.security.core.userdetails.User [Username=vanh2k3@gmail.com, Password=[PROTECTED], Enabled=true, AccountNonExpired=true, CredentialsNonExpired=true, AccountNonLocked=true, Granted Authorities=[]], Credentials=[PROTECTED], Authenticated=true, Details=null, Granted Authorities=[]]]
2025-12-29T18:03:10.984+07:00 DEBUG 1436 --- [auth-server] [https-jsse-nio-8282-exec-6] o.s.s.core.session.SessionRegistryImpl   : Registering session ba4be0ec-5199-4b98-8c85-110ad0235a24, for principal org.springframework.security.core.userdetails.User [Username=vanh2k3@gmail.com, Password=[PROTECTED], Enabled=true, AccountNonExpired=true, CredentialsNonExpired=true, AccountNonLocked=true, Granted Authorities=[]]
2025-12-29T18:03:10.988+07:00 DEBUG 1436 --- [auth-server] [https-jsse-nio-8282-exec-6] o.s.s.web.DefaultRedirectStrategy        : Redirecting to https://bff.bookommerce.com:8181/login/oauth2/code/bff?code=Jp9FS3S6kBZjmdyPQoEVJabYF9nr_kytuYKY62LhYUulmyQ5BGO610br4awEUqCIHu4fDubVIlZWMzWg9cWLN69p2p6yWpqGVL0is_gBi8ueDdgygNWanx5fdNoZJ3ao&state=4ZkRQ5dn6HdbMtMHcT3tAEIXeot54NdAXszRUXGinyU%3D
2025-12-29T18:03:11.095+07:00 DEBUG 1436 --- [auth-server] [https-jsse-nio-8282-exec-8] o.s.security.web.FilterChainProxy        : Securing POST /oauth2/token
2025-12-29T18:03:11.524+07:00  INFO 1436 --- [auth-server] [https-jsse-nio-8282-exec-8] CustomOAuth2AuthenticationSuccessHandler : >>>>>>>>>>>>>>>>>>>> Access token value: eyJraWQiOiJib29rb21tZXJjZS10b2tlbi1rZXkiLCJhbGciOiJSUzI1NiJ9.eyJzdWIiOiJ2YW5oMmszQGdtYWlsLmNvbSIsImF1ZCI6ImJmZiIsIm5iZiI6MTc2NzAwNjE5MSwic2NvcGUiOlsib3BlbmlkIiwicHJvZmlsZSJdLCJpc3MiOiJodHRwczovL2F1dGguYm9va29tbWVyY2UuY29tOjgyODIiLCJleHAiOjE3OTg1NDIxOTEsImlhdCI6MTc2NzAwNjE5MSwianRpIjoiNzFmMTgyMmEtYzBkZi00YzliLWFlZDktODk3NTQzMmM5M2QzIn0.E7RnqSJGdpnuDo19gOhIskOUPJ2vjeceQmN9OVAh3GMhkFNikL58Tx3UjZcXooRqk5nsqc9d_7-rfATivgWmBwDCKDRMYDfFVd_JrhH7jkPkbGMhq6B-kdWWxXFO9OQOkLf-D8wn-uwFgaLvhVTQwApF3lW-Fv-1hRsY7yxxcEw7seB4cByH_Q7oTcWC_M90twRiZGQrpz7CKTAMBtPuFO--V7uWr6lmdeD8PEqIedAs1Co6kBw5ch7P21nhPbnKTZXOam8rZ0L2DFncbYH68SDJdR7Bb-TWf5IKx7Dz2pNjXsnL7ktCJjrgEVbP6bqScxwuVtWxhk7I5xBRhLGggQ
2025-12-29T18:03:11.524+07:00  INFO 1436 --- [auth-server] [https-jsse-nio-8282-exec-8] CustomOAuth2AuthenticationSuccessHandler : >>>>>>>>>>>>>>>>>>>> Refresh token value: kZRygzTOKMgByN5MTXQEjiHV52fPbd8SxQL_WY0OBxoYKdttDZY0RKkJWM9txcLi2M5r7kyGZMBNbcH62FiZJTDKleufLpAbxnjJezZ2LrZuoNnAttDLg-6aofimEZNC
2025-12-29T18:03:11.768+07:00 DEBUG 1436 --- [auth-server] [https-jsse-nio-8282-exec-10] o.s.security.web.FilterChainProxy        : Securing GET /oauth2/jwks
2025-12-29T18:03:11.826+07:00 DEBUG 1436 --- [auth-server] [https-jsse-nio-8282-exec-5] o.s.security.web.FilterChainProxy        : Securing GET /userinfo
2025-12-29T18:03:11.861+07:00 DEBUG 1436 --- [auth-server] [https-jsse-nio-8282-exec-5] o.s.s.o.s.r.a.JwtAuthenticationProvider  : Authenticated token
2025-12-29T18:03:11.871+07:00 DEBUG 1436 --- [auth-server] [https-jsse-nio-8282-exec-5] .s.r.w.a.BearerTokenAuthenticationFilter : Set SecurityContextHolder to JwtAuthenticationToken [Principal=org.springframework.security.oauth2.jwt.Jwt@652d587f, Credentials=[PROTECTED], Authenticated=true, Details=WebAuthenticationDetails [RemoteIpAddress=127.0.0.1, SessionId=null], Granted Authorities=[SCOPE_openid, SCOPE_profile]]
2025-12-29T18:03:12.195+07:00 DEBUG 1436 --- [auth-server] [https-jsse-nio-8282-exec-6] o.s.security.web.FilterChainProxy        : Securing GET /api/me
2025-12-29T18:03:12.206+07:00 DEBUG 1436 --- [auth-server] [https-jsse-nio-8282-exec-6] w.c.HttpSessionSecurityContextRepository : Retrieved SecurityContextImpl [Authentication=UsernamePasswordAuthenticationToken [Principal=org.springframework.security.core.userdetails.User [Username=vanh2k3@gmail.com, Password=[PROTECTED], Enabled=true, AccountNonExpired=true, CredentialsNonExpired=true, AccountNonLocked=true, Granted Authorities=[]], Credentials=[PROTECTED], Authenticated=true, Details=null, Granted Authorities=[]]]
2025-12-29T18:03:12.208+07:00 DEBUG 1436 --- [auth-server] [https-jsse-nio-8282-exec-6] o.s.security.web.FilterChainProxy        : Secured GET /api/me
2025-12-29T18:03:52.233+07:00 DEBUG 1436 --- [auth-server] [https-jsse-nio-8282-exec-8] o.s.security.web.FilterChainProxy        : Securing GET /api/me
2025-12-29T18:03:52.233+07:00 DEBUG 1436 --- [auth-server] [https-jsse-nio-8282-exec-8] .s.s.w.s.ForceEagerSessionCreationFilter : Created session eagerly
2025-12-29T18:03:52.233+07:00 DEBUG 1436 --- [auth-server] [https-jsse-nio-8282-exec-8] o.s.s.w.a.AnonymousAuthenticationFilter  : Set SecurityContextHolder to anonymous SecurityContext
2025-12-29T18:03:52.233+07:00 DEBUG 1436 --- [auth-server] [https-jsse-nio-8282-exec-8] s.w.a.DelegatingAuthenticationEntryPoint : Trying to match using MediaTypeRequestMatcher [contentNegotiationStrategy=org.springframework.web.accept.HeaderContentNegotiationStrategy@1f8372c, matchingMediaTypes=[text/html], useEquals=false, ignoredMediaTypes=[]]
2025-12-29T18:03:52.233+07:00 DEBUG 1436 --- [auth-server] [https-jsse-nio-8282-exec-8] s.w.a.DelegatingAuthenticationEntryPoint : Trying to match using MediaTypeRequestMatcher [contentNegotiationStrategy=org.springframework.web.accept.HeaderContentNegotiationStrategy@6d354635, matchingMediaTypes=[application/json], useEquals=false, ignoredMediaTypes=[]]
2025-12-29T18:03:52.233+07:00 DEBUG 1436 --- [auth-server] [https-jsse-nio-8282-exec-8] s.w.a.DelegatingAuthenticationEntryPoint : Match found! Executing org.springframework.security.web.authentication.HttpStatusEntryPoint@7a20e1ea
2025-12-29T18:03:58.731+07:00 DEBUG 1436 --- [auth-server] [https-jsse-nio-8282-exec-10] o.s.security.web.FilterChainProxy        : Securing GET /oauth2/authorize?response_type=code&client_id=bff&scope=openid%20profile&state=pydcGx5DTCnZ6ue-P2X_4Rb31knqoj3V4NymvMDzaEo%3D&redirect_uri=https://bff.bookommerce.com:8181/login/oauth2/code/bff&nonce=AjA2vR0DJoX2HTTtsS7XTSBZKhVoMLwvFq1La3jSbr8
2025-12-29T18:03:58.740+07:00 DEBUG 1436 --- [auth-server] [https-jsse-nio-8282-exec-10] o.s.s.w.a.AnonymousAuthenticationFilter  : Set SecurityContextHolder to anonymous SecurityContext
2025-12-29T18:03:58.749+07:00 DEBUG 1436 --- [auth-server] [https-jsse-nio-8282-exec-10] o.s.s.w.s.HttpSessionRequestCache        : Saved request https://auth.bookommerce.com:8282/oauth2/authorize?response_type=code&client_id=bff&scope=openid%20profile&state=pydcGx5DTCnZ6ue-P2X_4Rb31knqoj3V4NymvMDzaEo%3D&redirect_uri=https://bff.bookommerce.com:8181/login/oauth2/code/bff&nonce=AjA2vR0DJoX2HTTtsS7XTSBZKhVoMLwvFq1La3jSbr8&continue to session
2025-12-29T18:03:58.752+07:00 DEBUG 1436 --- [auth-server] [https-jsse-nio-8282-exec-10] o.s.s.web.DefaultRedirectStrategy        : Redirecting to https://auth.bookommerce.com:8282/page/login
2025-12-29T18:03:58.784+07:00 DEBUG 1436 --- [auth-server] [https-jsse-nio-8282-exec-5] o.s.security.web.FilterChainProxy        : Securing GET /page/login
2025-12-29T18:03:58.784+07:00 DEBUG 1436 --- [auth-server] [https-jsse-nio-8282-exec-5] o.s.s.w.a.AnonymousAuthenticationFilter  : Set SecurityContextHolder to anonymous SecurityContext
2025-12-29T18:03:58.784+07:00 DEBUG 1436 --- [auth-server] [https-jsse-nio-8282-exec-5] o.s.security.web.FilterChainProxy        : Secured GET /page/login
2025-12-29T18:03:59.179+07:00 DEBUG 1436 --- [auth-server] [https-jsse-nio-8282-exec-6] o.s.security.web.FilterChainProxy        : Securing GET /page/login
2025-12-29T18:03:59.184+07:00 DEBUG 1436 --- [auth-server] [https-jsse-nio-8282-exec-6] o.s.s.w.a.AnonymousAuthenticationFilter  : Set SecurityContextHolder to anonymous SecurityContext
2025-12-29T18:03:59.184+07:00 DEBUG 1436 --- [auth-server] [https-jsse-nio-8282-exec-6] o.s.security.web.FilterChainProxy        : Secured GET /page/login
2025-12-29T18:04:06.155+07:00 DEBUG 1436 --- [auth-server] [https-jsse-nio-8282-exec-3] o.s.security.web.FilterChainProxy        : Securing POST /api/login
2025-12-29T18:04:06.162+07:00 DEBUG 1436 --- [auth-server] [https-jsse-nio-8282-exec-3] o.s.s.w.a.AnonymousAuthenticationFilter  : Set SecurityContextHolder to anonymous SecurityContext
2025-12-29T18:04:06.164+07:00 DEBUG 1436 --- [auth-server] [https-jsse-nio-8282-exec-3] o.s.security.web.FilterChainProxy        : Secured POST /api/login
2025-12-29T18:04:06.303+07:00 DEBUG 1436 --- [auth-server] [https-jsse-nio-8282-exec-3] o.s.s.a.dao.DaoAuthenticationProvider    : Authenticated user
2025-12-29T18:04:06.303+07:00 DEBUG 1436 --- [auth-server] [https-jsse-nio-8282-exec-3] w.c.HttpSessionSecurityContextRepository : Stored SecurityContextImpl [Authentication=UsernamePasswordAuthenticationToken [Principal=org.springframework.security.core.userdetails.User [Username=vanh2k3@gmail.com, Password=[PROTECTED], Enabled=true, AccountNonExpired=true, CredentialsNonExpired=true, AccountNonLocked=true, Granted Authorities=[]], Credentials=[PROTECTED], Authenticated=true, Details=null, Granted Authorities=[]]] to HttpSession [org.springframework.session.web.http.SessionRepositoryFilter$SessionRepositoryRequestWrapper$HttpSessionWrapper@45b487fe]
2025-12-29T18:04:07.370+07:00 DEBUG 1436 --- [auth-server] [https-jsse-nio-8282-exec-8] o.s.security.web.FilterChainProxy        : Securing GET /oauth2/authorize?response_type=code&client_id=bff&scope=openid%20profile&state=y0Ra4rIDIemP2fJboujVkb9E_iRAmraeG33Tvmb9c2k%3D&redirect_uri=https://bff.bookommerce.com:8181/login/oauth2/code/bff&nonce=PXJEqtzr-MAm56aNZOr-The0aweZI4FK6UQi-yHkk6s
2025-12-29T18:04:07.386+07:00 DEBUG 1436 --- [auth-server] [https-jsse-nio-8282-exec-8] w.c.HttpSessionSecurityContextRepository : Retrieved SecurityContextImpl [Authentication=UsernamePasswordAuthenticationToken [Principal=org.springframework.security.core.userdetails.User [Username=vanh2k3@gmail.com, Password=[PROTECTED], Enabled=true, AccountNonExpired=true, CredentialsNonExpired=true, AccountNonLocked=true, Granted Authorities=[]], Credentials=[PROTECTED], Authenticated=true, Details=null, Granted Authorities=[]]]
2025-12-29T18:04:07.386+07:00 DEBUG 1436 --- [auth-server] [https-jsse-nio-8282-exec-8] o.s.s.core.session.SessionRegistryImpl   : Registering session 1555dac6-1743-4185-b618-4c4822f32c29, for principal org.springframework.security.core.userdetails.User [Username=vanh2k3@gmail.com, Password=[PROTECTED], Enabled=true, AccountNonExpired=true, CredentialsNonExpired=true, AccountNonLocked=true, Granted Authorities=[]]
2025-12-29T18:04:07.386+07:00 DEBUG 1436 --- [auth-server] [https-jsse-nio-8282-exec-8] o.s.s.web.DefaultRedirectStrategy        : Redirecting to https://bff.bookommerce.com:8181/login/oauth2/code/bff?code=SRnf1AB3eymDw3SWXxdmxwvu54ymjgWnPQJw2G1rgS0ntOs30NN8xMzhlRmxiljk3YJhLnEwhQAEAPttmKw69E-7yK4idTPSIXVEiVLGi0xS0MTYFiOREPBV73O8eiTt&state=y0Ra4rIDIemP2fJboujVkb9E_iRAmraeG33Tvmb9c2k%3D
2025-12-29T18:04:07.423+07:00 DEBUG 1436 --- [auth-server] [https-jsse-nio-8282-exec-10] o.s.security.web.FilterChainProxy        : Securing POST /oauth2/token
2025-12-29T18:04:07.836+07:00  INFO 1436 --- [auth-server] [https-jsse-nio-8282-exec-10] CustomOAuth2AuthenticationSuccessHandler : >>>>>>>>>>>>>>>>>>>> Access token value: eyJraWQiOiJib29rb21tZXJjZS10b2tlbi1rZXkiLCJhbGciOiJSUzI1NiJ9.eyJzdWIiOiJ2YW5oMmszQGdtYWlsLmNvbSIsImF1ZCI6ImJmZiIsIm5iZiI6MTc2NzAwNjI0Nywic2NvcGUiOlsib3BlbmlkIiwicHJvZmlsZSJdLCJpc3MiOiJodHRwczovL2F1dGguYm9va29tbWVyY2UuY29tOjgyODIiLCJleHAiOjE3OTg1NDIyNDcsImlhdCI6MTc2NzAwNjI0NywianRpIjoiN2Q4ZTA0YTQtZmYyYS00MTNiLTk3ODEtMGJlYzYzMDA4MmQ5In0.ISvsjbqchh7JN9rGHy0ynMKmI7rcPBKOgR3vicaKVIR7uZoxqLbabPUNDO69x_14vIU-8NcYcLOqYaXx1BkXTq4MQinHgr7L53jU-H4K2G1Cg48HRTP7Nb4xXcmCX0D-8LECWplvaA2G_8PY_4pE4k6dbRnaeXe7dHuIm7DMpOA8cEQ1uJeX1NLUZEf0ocmbPilMfb6hg3l0nYgNXEkrdLd1k--4SF0BKqTgoZLj8XJNLtojIqivpMtHGHirpwKhGKarpboWGP76im3dNI1Uvo-NHxyZ4RsRd8rNveVhmDSQQyiKj5P8hXphT8GQgDaShS0ZYZD2JsortZbcLdl8sw
2025-12-29T18:04:07.836+07:00  INFO 1436 --- [auth-server] [https-jsse-nio-8282-exec-10] CustomOAuth2AuthenticationSuccessHandler : >>>>>>>>>>>>>>>>>>>> Refresh token value: ipfKTwyiI0vRtErceW66HqXqIDuGtzyd2R-bj-gy4sv5HC6X8nu-i1uXQDCEXfvivAK-lIMWoVWHKZlFKqFydqIXGwKimho1Xse0GQwaGnLB4PMHXr6wlTX3fTVMQBro
2025-12-29T18:04:07.853+07:00 DEBUG 1436 --- [auth-server] [https-jsse-nio-8282-exec-5] o.s.security.web.FilterChainProxy        : Securing GET /userinfo
2025-12-29T18:04:07.855+07:00 DEBUG 1436 --- [auth-server] [https-jsse-nio-8282-exec-5] o.s.s.o.s.r.a.JwtAuthenticationProvider  : Authenticated token
2025-12-29T18:04:07.855+07:00 DEBUG 1436 --- [auth-server] [https-jsse-nio-8282-exec-5] .s.r.w.a.BearerTokenAuthenticationFilter : Set SecurityContextHolder to JwtAuthenticationToken [Principal=org.springframework.security.oauth2.jwt.Jwt@863c9f4a, Credentials=[PROTECTED], Authenticated=true, Details=WebAuthenticationDetails [RemoteIpAddress=127.0.0.1, SessionId=null], Granted Authorities=[SCOPE_openid, SCOPE_profile]]
2025-12-29T18:04:08.045+07:00 DEBUG 1436 --- [auth-server] [https-jsse-nio-8282-exec-6] o.s.security.web.FilterChainProxy        : Securing GET /api/me
2025-12-29T18:04:08.053+07:00 DEBUG 1436 --- [auth-server] [https-jsse-nio-8282-exec-6] w.c.HttpSessionSecurityContextRepository : Retrieved SecurityContextImpl [Authentication=UsernamePasswordAuthenticationToken [Principal=org.springframework.security.core.userdetails.User [Username=vanh2k3@gmail.com, Password=[PROTECTED], Enabled=true, AccountNonExpired=true, CredentialsNonExpired=true, AccountNonLocked=true, Granted Authorities=[]], Credentials=[PROTECTED], Authenticated=true, Details=null, Granted Authorities=[]]]
2025-12-29T18:04:08.053+07:00 DEBUG 1436 --- [auth-server] [https-jsse-nio-8282-exec-6] o.s.security.web.FilterChainProxy        : Secured GET /api/me
2025-12-29T18:04:15.601+07:00 DEBUG 1436 --- [auth-server] [https-jsse-nio-8282-exec-3] o.s.security.web.FilterChainProxy        : Securing GET /connect/logout?id_token_hint=eyJraWQiOiJib29rb21tZXJjZS10b2tlbi1rZXkiLCJhbGciOiJSUzI1NiJ9.eyJzdWIiOiJ2YW5oMmszQGdtYWlsLmNvbSIsImF1ZCI6ImJmZiIsImF6cCI6ImJmZiIsImF1dGhfdGltZSI6MTc2NzAwNjE5MCwiaXNzIjoiaHR0cHM6Ly9hdXRoLmJvb2tvbW1lcmNlLmNvbTo4MjgyIiwiZXhwIjoxNzY3MDA3OTkxLCJpYXQiOjE3NjcwMDYxOTEsIm5vbmNlIjoiTnE0RlEwQzdvMmREYnBIMGp4RVVJNExveHMwRmNwZVFfQmF0cWtJLUttUSIsImp0aSI6ImNiN2E0MmQzLTdlZTctNDNmNS04ZGM3LTMxZmY3ODAyODk4YSIsInNpZCI6IlNaY1lwTzNmQ0JSVzI5ZjFmMmMybGlDOFcza05tUFNkeGxMZDliX1JBZ28ifQ.bFa-hatTA6DFLEK6HMdOlpxiXiXchpX9H4yeSalYjqjTXiLjIFuwBn88WS7e5HdGhmBriUTn18x2TYpk5__vV6IJ2JN5oxwWCI4DBH0-WYCNQ8DFD_OL_LAeVWKBosiVyY12zPVBSxlI5bDQRgUw3dgH00RrxL1pldiVZVShzpCQjKIbemTGyXoL450SqyA41E5chNbkz_Rc850dHEp3mcebh8k5A92wbDWFhoKx4iEeim1CIkhByUux34QJMA7L0OAsmHSA5SDUPh4-gI2-zWAOL_4Td0Bn4abI8R7rMqDRYBWbhMZxL_Ikd5zkNYjdFpZZNO1sLzPfQacn5uHzbA&post_logout_redirect_uri=https://app.bookommerce.com:8080
2025-12-29T18:04:15.610+07:00 DEBUG 1436 --- [auth-server] [https-jsse-nio-8282-exec-3] w.c.HttpSessionSecurityContextRepository : Retrieved SecurityContextImpl [Authentication=UsernamePasswordAuthenticationToken [Principal=org.springframework.security.core.userdetails.User [Username=vanh2k3@gmail.com, Password=[PROTECTED], Enabled=true, AccountNonExpired=true, CredentialsNonExpired=true, AccountNonLocked=true, Granted Authorities=[]], Credentials=[PROTECTED], Authenticated=true, Details=null, Granted Authorities=[]]]
2025-12-29T18:04:15.621+07:00 DEBUG 1436 --- [auth-server] [https-jsse-nio-8282-exec-3] o.s.s.w.a.l.SecurityContextLogoutHandler : Invalidated session ba4be0ec-5199-4b98-8c85-110ad0235a24
2025-12-29T18:04:15.627+07:00 DEBUG 1436 --- [auth-server] [https-jsse-nio-8282-exec-3] o.s.s.web.DefaultRedirectStrategy        : Redirecting to https://app.bookommerce.com:8080
2025-12-29T18:04:15.836+07:00 DEBUG 1436 --- [auth-server] [https-jsse-nio-8282-exec-8] o.s.security.web.FilterChainProxy        : Securing GET /api/me
2025-12-29T18:04:15.837+07:00 DEBUG 1436 --- [auth-server] [https-jsse-nio-8282-exec-8] .s.s.w.s.ForceEagerSessionCreationFilter : Created session eagerly
2025-12-29T18:04:15.838+07:00 DEBUG 1436 --- [auth-server] [https-jsse-nio-8282-exec-8] o.s.s.w.a.AnonymousAuthenticationFilter  : Set SecurityContextHolder to anonymous SecurityContext
2025-12-29T18:04:15.840+07:00 DEBUG 1436 --- [auth-server] [https-jsse-nio-8282-exec-8] s.w.a.DelegatingAuthenticationEntryPoint : Trying to match using MediaTypeRequestMatcher [contentNegotiationStrategy=org.springframework.web.accept.HeaderContentNegotiationStrategy@1f8372c, matchingMediaTypes=[text/html], useEquals=false, ignoredMediaTypes=[]]
2025-12-29T18:04:15.841+07:00 DEBUG 1436 --- [auth-server] [https-jsse-nio-8282-exec-8] s.w.a.DelegatingAuthenticationEntryPoint : Trying to match using MediaTypeRequestMatcher [contentNegotiationStrategy=org.springframework.web.accept.HeaderContentNegotiationStrategy@6d354635, matchingMediaTypes=[application/json], useEquals=false, ignoredMediaTypes=[]]
2025-12-29T18:04:15.843+07:00 DEBUG 1436 --- [auth-server] [https-jsse-nio-8282-exec-8] s.w.a.DelegatingAuthenticationEntryPoint : Match found! Executing org.springframework.security.web.authentication.HttpStatusEntryPoint@7a20e1ea
2025-12-29T18:04:18.349+07:00 DEBUG 1436 --- [auth-server] [https-jsse-nio-8282-exec-10] o.s.security.web.FilterChainProxy        : Securing GET /oauth2/authorize?response_type=code&client_id=bff&scope=openid%20profile&state=8swPp3yOoTvvtO5xy-7J-kbpOyDXGP6yqIz4hm3lw2k%3D&redirect_uri=https://bff.bookommerce.com:8181/login/oauth2/code/bff&nonce=nkvdvqmvEUIyzkT4VZjltUMUF4ngVJGiRYGgb5vwMwk
2025-12-29T18:04:18.353+07:00 DEBUG 1436 --- [auth-server] [https-jsse-nio-8282-exec-10] o.s.s.w.a.AnonymousAuthenticationFilter  : Set SecurityContextHolder to anonymous SecurityContext
2025-12-29T18:04:18.354+07:00 DEBUG 1436 --- [auth-server] [https-jsse-nio-8282-exec-10] o.s.s.w.s.HttpSessionRequestCache        : Saved request https://auth.bookommerce.com:8282/oauth2/authorize?response_type=code&client_id=bff&scope=openid%20profile&state=8swPp3yOoTvvtO5xy-7J-kbpOyDXGP6yqIz4hm3lw2k%3D&redirect_uri=https://bff.bookommerce.com:8181/login/oauth2/code/bff&nonce=nkvdvqmvEUIyzkT4VZjltUMUF4ngVJGiRYGgb5vwMwk&continue to session
2025-12-29T18:04:18.355+07:00 DEBUG 1436 --- [auth-server] [https-jsse-nio-8282-exec-10] o.s.s.web.DefaultRedirectStrategy        : Redirecting to https://auth.bookommerce.com:8282/page/login
2025-12-29T18:04:18.364+07:00 DEBUG 1436 --- [auth-server] [https-jsse-nio-8282-exec-5] o.s.security.web.FilterChainProxy        : Securing GET /page/login
2025-12-29T18:04:18.371+07:00 DEBUG 1436 --- [auth-server] [https-jsse-nio-8282-exec-5] o.s.s.w.a.AnonymousAuthenticationFilter  : Set SecurityContextHolder to anonymous SecurityContext
2025-12-29T18:04:18.371+07:00 DEBUG 1436 --- [auth-server] [https-jsse-nio-8282-exec-5] o.s.security.web.FilterChainProxy        : Secured GET /page/login
2025-12-29T18:04:18.469+07:00 DEBUG 1436 --- [auth-server] [https-jsse-nio-8282-exec-6] o.s.security.web.FilterChainProxy        : Securing GET /page/login
2025-12-29T18:04:18.478+07:00 DEBUG 1436 --- [auth-server] [https-jsse-nio-8282-exec-6] o.s.s.w.a.AnonymousAuthenticationFilter  : Set SecurityContextHolder to anonymous SecurityContext
2025-12-29T18:04:18.478+07:00 DEBUG 1436 --- [auth-server] [https-jsse-nio-8282-exec-6] o.s.security.web.FilterChainProxy        : Secured GET /page/login
2025-12-29T18:04:19.883+07:00 DEBUG 1436 --- [auth-server] [https-jsse-nio-8282-exec-7] o.s.security.web.FilterChainProxy        : Securing GET /oauth2/authorization/google
2025-12-29T18:04:19.893+07:00 DEBUG 1436 --- [auth-server] [https-jsse-nio-8282-exec-7] o.s.s.web.DefaultRedirectStrategy        : Redirecting to https://accounts.google.com/o/oauth2/v2/auth?response_type=code&client_id=722886029697-prvrbn20cvrv7l5mgqviu5a35rjrco1p.apps.googleusercontent.com&scope=openid%20profile%20email%20address%20phone&state=Lel3zmWoUz8jivXoHDWbS-868xApr4LFL9UfB9KcCXA%3D&redirect_uri=https://auth.bookommerce.com:8282/login/oauth2/code/google&nonce=BfM47aBhI2xdUq-EONTEkD9iVKi_JIS3xrhPerlExho
2025-12-29T18:04:20.284+07:00 DEBUG 1436 --- [auth-server] [https-jsse-nio-8282-exec-8] o.s.security.web.FilterChainProxy        : Securing GET /login/oauth2/code/google?state=Lel3zmWoUz8jivXoHDWbS-868xApr4LFL9UfB9KcCXA%3D&code=4%2F0ATX87lODkhMP0VK4uZR2tSVMV6ehPQxO01HuWxxjolsGCtA4QNhcQnIoZjBTOye4xz4tAw&scope=email+profile+https%3A%2F%2Fwww.googleapis.com%2Fauth%2Fuserinfo.email+https%3A%2F%2Fwww.googleapis.com%2Fauth%2Fuserinfo.profile+openid&authuser=0&prompt=none
2025-12-29T18:04:20.887+07:00 DEBUG 1436 --- [auth-server] [https-jsse-nio-8282-exec-8] .s.ChangeSessionIdAuthenticationStrategy : Changed session id from bce7f175-ea72-4ef5-a8db-c2d92103ef52
2025-12-29T18:04:20.888+07:00 DEBUG 1436 --- [auth-server] [https-jsse-nio-8282-exec-8] o.s.s.w.csrf.CsrfAuthenticationStrategy  : Replaced CSRF Token
2025-12-29T18:04:20.890+07:00 DEBUG 1436 --- [auth-server] [https-jsse-nio-8282-exec-8] w.c.HttpSessionSecurityContextRepository : Stored SecurityContextImpl [Authentication=OAuth2AuthenticationToken [Principal=Name: [vanhnehss@gmail.com], Granted Authorities: [[OIDC_USER, SCOPE_https://www.googleapis.com/auth/userinfo.email, SCOPE_https://www.googleapis.com/auth/userinfo.profile, SCOPE_openid]], User Attributes: [{at_hash=hndu3dSJDsnttr1VCiUwWg, sub=117007272852212058957, email_verified=true, iss=https://accounts.google.com, given_name=Việt Anh, nonce=BfM47aBhI2xdUq-EONTEkD9iVKi_JIS3xrhPerlExho, picture=https://lh3.googleusercontent.com/a/ACg8ocJwB-2U4XCXbtON65f8PGonFqgbRxoWdBE6rsiKwBTT2swsMQ=s96-c, aud=[722886029697-prvrbn20cvrv7l5mgqviu5a35rjrco1p.apps.googleusercontent.com], azp=722886029697-prvrbn20cvrv7l5mgqviu5a35rjrco1p.apps.googleusercontent.com, name=Việt Anh Nguyễn, exp=2025-12-29T12:04:18Z, family_name=Nguyễn, iat=2025-12-29T11:04:18Z, email=vanhnehss@gmail.com}], Credentials=[PROTECTED], Authenticated=true, Details=WebAuthenticationDetails [RemoteIpAddress=127.0.0.1, SessionId=bce7f175-ea72-4ef5-a8db-c2d92103ef52], Granted Authorities=[OIDC_USER, SCOPE_https://www.googleapis.com/auth/userinfo.email, SCOPE_https://www.googleapis.com/auth/userinfo.profile, SCOPE_openid]]] to HttpSession [org.springframework.session.web.http.SessionRepositoryFilter$SessionRepositoryRequestWrapper$HttpSessionWrapper@795a2e8]
2025-12-29T18:04:20.890+07:00 DEBUG 1436 --- [auth-server] [https-jsse-nio-8282-exec-8] .s.o.c.w.OAuth2LoginAuthenticationFilter : Set SecurityContextHolder to OAuth2AuthenticationToken [Principal=Name: [vanhnehss@gmail.com], Granted Authorities: [[OIDC_USER, SCOPE_https://www.googleapis.com/auth/userinfo.email, SCOPE_https://www.googleapis.com/auth/userinfo.profile, SCOPE_openid]], User Attributes: [{at_hash=hndu3dSJDsnttr1VCiUwWg, sub=117007272852212058957, email_verified=true, iss=https://accounts.google.com, given_name=Việt Anh, nonce=BfM47aBhI2xdUq-EONTEkD9iVKi_JIS3xrhPerlExho, picture=https://lh3.googleusercontent.com/a/ACg8ocJwB-2U4XCXbtON65f8PGonFqgbRxoWdBE6rsiKwBTT2swsMQ=s96-c, aud=[722886029697-prvrbn20cvrv7l5mgqviu5a35rjrco1p.apps.googleusercontent.com], azp=722886029697-prvrbn20cvrv7l5mgqviu5a35rjrco1p.apps.googleusercontent.com, name=Việt Anh Nguyễn, exp=2025-12-29T12:04:18Z, family_name=Nguyễn, iat=2025-12-29T11:04:18Z, email=vanhnehss@gmail.com}], Credentials=[PROTECTED], Authenticated=true, Details=WebAuthenticationDetails [RemoteIpAddress=127.0.0.1, SessionId=bce7f175-ea72-4ef5-a8db-c2d92103ef52], Granted Authorities=[OIDC_USER, SCOPE_https://www.googleapis.com/auth/userinfo.email, SCOPE_https://www.googleapis.com/auth/userinfo.profile, SCOPE_openid]]
2025-12-29T18:04:20.895+07:00 DEBUG 1436 --- [auth-server] [https-jsse-nio-8282-exec-8] o.s.s.web.DefaultRedirectStrategy        : Redirecting to https://bff.bookommerce.com:8181/oauth2/authorization/bff
2025-12-29T18:04:20.956+07:00 DEBUG 1436 --- [auth-server] [https-jsse-nio-8282-exec-10] o.s.security.web.FilterChainProxy        : Securing GET /oauth2/authorize?response_type=code&client_id=bff&scope=openid%20profile&state=t-mKvW8yHdtthQvMNeBJNXHgOOTgp7x6CIudOITk3bk%3D&redirect_uri=https://bff.bookommerce.com:8181/login/oauth2/code/bff&nonce=Zt1yypueOPZwIXbk54XEEcZRcrg4ujkFNUh1_JpFLP4
2025-12-29T18:04:20.967+07:00 DEBUG 1436 --- [auth-server] [https-jsse-nio-8282-exec-10] w.c.HttpSessionSecurityContextRepository : Retrieved SecurityContextImpl [Authentication=OAuth2AuthenticationToken [Principal=Name: [vanhnehss@gmail.com], Granted Authorities: [[OIDC_USER, SCOPE_https://www.googleapis.com/auth/userinfo.email, SCOPE_https://www.googleapis.com/auth/userinfo.profile, SCOPE_openid]], User Attributes: [{at_hash=hndu3dSJDsnttr1VCiUwWg, sub=117007272852212058957, email_verified=true, iss=https://accounts.google.com, given_name=Việt Anh, nonce=BfM47aBhI2xdUq-EONTEkD9iVKi_JIS3xrhPerlExho, picture=https://lh3.googleusercontent.com/a/ACg8ocJwB-2U4XCXbtON65f8PGonFqgbRxoWdBE6rsiKwBTT2swsMQ=s96-c, aud=[722886029697-prvrbn20cvrv7l5mgqviu5a35rjrco1p.apps.googleusercontent.com], azp=722886029697-prvrbn20cvrv7l5mgqviu5a35rjrco1p.apps.googleusercontent.com, name=Việt Anh Nguyễn, exp=2025-12-29T12:04:18Z, family_name=Nguyễn, iat=2025-12-29T11:04:18Z, email=vanhnehss@gmail.com}], Credentials=[PROTECTED], Authenticated=true, Details=WebAuthenticationDetails [RemoteIpAddress=127.0.0.1, SessionId=bce7f175-ea72-4ef5-a8db-c2d92103ef52], Granted Authorities=[OIDC_USER, SCOPE_https://www.googleapis.com/auth/userinfo.email, SCOPE_https://www.googleapis.com/auth/userinfo.profile, SCOPE_openid]]]
2025-12-29T18:04:20.969+07:00 DEBUG 1436 --- [auth-server] [https-jsse-nio-8282-exec-10] o.s.s.core.session.SessionRegistryImpl   : Registering session 004e8bda-af21-4cad-b726-8fdafb1151c0, for principal Name: [vanhnehss@gmail.com], Granted Authorities: [[OIDC_USER, SCOPE_https://www.googleapis.com/auth/userinfo.email, SCOPE_https://www.googleapis.com/auth/userinfo.profile, SCOPE_openid]], User Attributes: [{at_hash=hndu3dSJDsnttr1VCiUwWg, sub=117007272852212058957, email_verified=true, iss=https://accounts.google.com, given_name=Việt Anh, nonce=BfM47aBhI2xdUq-EONTEkD9iVKi_JIS3xrhPerlExho, picture=https://lh3.googleusercontent.com/a/ACg8ocJwB-2U4XCXbtON65f8PGonFqgbRxoWdBE6rsiKwBTT2swsMQ=s96-c, aud=[722886029697-prvrbn20cvrv7l5mgqviu5a35rjrco1p.apps.googleusercontent.com], azp=722886029697-prvrbn20cvrv7l5mgqviu5a35rjrco1p.apps.googleusercontent.com, name=Việt Anh Nguyễn, exp=2025-12-29T12:04:18Z, family_name=Nguyễn, iat=2025-12-29T11:04:18Z, email=vanhnehss@gmail.com}]
2025-12-29T18:04:20.973+07:00 DEBUG 1436 --- [auth-server] [https-jsse-nio-8282-exec-10] o.s.s.web.DefaultRedirectStrategy        : Redirecting to https://bff.bookommerce.com:8181/login/oauth2/code/bff?code=_NQ0sqgNvIw-mFTYsNjJmI1D1dyT4CEalkt94BXxMbB-X8snzEElZSCeDUZzZo6nKNnn0o0470282aRd8rMGW44x9w_qyka2NJe8prZ4oMgYlALln79szpp_IZpmla6C&state=t-mKvW8yHdtthQvMNeBJNXHgOOTgp7x6CIudOITk3bk%3D
2025-12-29T18:04:20.992+07:00 DEBUG 1436 --- [auth-server] [https-jsse-nio-8282-exec-5] o.s.security.web.FilterChainProxy        : Securing POST /oauth2/token
2025-12-29T18:04:21.471+07:00  INFO 1436 --- [auth-server] [https-jsse-nio-8282-exec-5] CustomOAuth2AuthenticationSuccessHandler : >>>>>>>>>>>>>>>>>>>> Access token value: eyJraWQiOiJib29rb21tZXJjZS10b2tlbi1rZXkiLCJhbGciOiJSUzI1NiJ9.eyJzdWIiOiJ2YW5obmVoc3NAZ21haWwuY29tIiwiYXVkIjoiYmZmIiwibmJmIjoxNzY3MDA2MjYxLCJzY29wZSI6WyJvcGVuaWQiLCJwcm9maWxlIl0sImlzcyI6Imh0dHBzOi8vYXV0aC5ib29rb21tZXJjZS5jb206ODI4MiIsImV4cCI6MTc5ODU0MjI2MSwiaWF0IjoxNzY3MDA2MjYxLCJqdGkiOiIyOTI0OTMxMC03ZTExLTRjM2YtYjM4NS0zZGM0MmU5MGQzMzEifQ.VLD56A9RfraMVAsbywgyEnEjVzH1PzGs0koarB7CM3w_IiF1gVIyYE1n5UpQmpjhmx8vFmE2vYktKkhTfNN0tpqap2vfnyXVhjgFSeGBaHTyn9zNjyOvnLec9fOO_lAAE6c8tdk1RxPRjbtLsdcKgmAwD3SOzXUJKil0k1pMb5MwT5PsL4e2R_aAx5QhPkbNhj9AU5-C8rbh6Z2xcT0k6QxzCMUYDBDA68vtbY2boDyBXPwkkFzHAYpZ3GQMMfN8bxjqjdv_ER0_a1W8YZiUAXK7BpBcVx7oaN-Xz5kWn49YVck2MBrlK09ky6lMtim830QqjrkThL1X5-flLb66aw
2025-12-29T18:04:21.471+07:00  INFO 1436 --- [auth-server] [https-jsse-nio-8282-exec-5] CustomOAuth2AuthenticationSuccessHandler : >>>>>>>>>>>>>>>>>>>> Refresh token value: GFV3SgLiFIherQ-Tm8seHVr-27lzEtQNCGKEnEJk7R_F4TuWHPk4lUR2yHij0BmF_xKfVZVWJXZ-Hh9UhMZgEAxuWuv7RwnIk8CCkGChUgpCEpvXA7ecKyQTcfjHB2Fl
2025-12-29T18:04:21.479+07:00 DEBUG 1436 --- [auth-server] [https-jsse-nio-8282-exec-6] o.s.security.web.FilterChainProxy        : Securing GET /userinfo
2025-12-29T18:04:21.482+07:00 DEBUG 1436 --- [auth-server] [https-jsse-nio-8282-exec-6] o.s.s.o.s.r.a.JwtAuthenticationProvider  : Authenticated token
2025-12-29T18:04:21.484+07:00 DEBUG 1436 --- [auth-server] [https-jsse-nio-8282-exec-6] .s.r.w.a.BearerTokenAuthenticationFilter : Set SecurityContextHolder to JwtAuthenticationToken [Principal=org.springframework.security.oauth2.jwt.Jwt@340a0ff8, Credentials=[PROTECTED], Authenticated=true, Details=WebAuthenticationDetails [RemoteIpAddress=127.0.0.1, SessionId=null], Granted Authorities=[SCOPE_openid, SCOPE_profile]]
2025-12-29T18:04:21.654+07:00 DEBUG 1436 --- [auth-server] [https-jsse-nio-8282-exec-4] o.s.security.web.FilterChainProxy        : Securing GET /api/me
2025-12-29T18:04:21.661+07:00 DEBUG 1436 --- [auth-server] [https-jsse-nio-8282-exec-4] w.c.HttpSessionSecurityContextRepository : Retrieved SecurityContextImpl [Authentication=OAuth2AuthenticationToken [Principal=Name: [vanhnehss@gmail.com], Granted Authorities: [[OIDC_USER, SCOPE_https://www.googleapis.com/auth/userinfo.email, SCOPE_https://www.googleapis.com/auth/userinfo.profile, SCOPE_openid]], User Attributes: [{at_hash=hndu3dSJDsnttr1VCiUwWg, sub=117007272852212058957, email_verified=true, iss=https://accounts.google.com, given_name=Việt Anh, nonce=BfM47aBhI2xdUq-EONTEkD9iVKi_JIS3xrhPerlExho, picture=https://lh3.googleusercontent.com/a/ACg8ocJwB-2U4XCXbtON65f8PGonFqgbRxoWdBE6rsiKwBTT2swsMQ=s96-c, aud=[722886029697-prvrbn20cvrv7l5mgqviu5a35rjrco1p.apps.googleusercontent.com], azp=722886029697-prvrbn20cvrv7l5mgqviu5a35rjrco1p.apps.googleusercontent.com, name=Việt Anh Nguyễn, exp=2025-12-29T12:04:18Z, family_name=Nguyễn, iat=2025-12-29T11:04:18Z, email=vanhnehss@gmail.com}], Credentials=[PROTECTED], Authenticated=true, Details=WebAuthenticationDetails [RemoteIpAddress=127.0.0.1, SessionId=bce7f175-ea72-4ef5-a8db-c2d92103ef52], Granted Authorities=[OIDC_USER, SCOPE_https://www.googleapis.com/auth/userinfo.email, SCOPE_https://www.googleapis.com/auth/userinfo.profile, SCOPE_openid]]]
2025-12-29T18:04:21.662+07:00 DEBUG 1436 --- [auth-server] [https-jsse-nio-8282-exec-4] o.s.security.web.FilterChainProxy        : Secured GET /api/me
2025-12-29T18:07:23.027+07:00 DEBUG 1436 --- [auth-server] [https-jsse-nio-8282-exec-5] o.s.security.web.FilterChainProxy        : Securing GET /api/me
2025-12-29T18:07:23.043+07:00 DEBUG 1436 --- [auth-server] [https-jsse-nio-8282-exec-5] w.c.HttpSessionSecurityContextRepository : Retrieved SecurityContextImpl [Authentication=UsernamePasswordAuthenticationToken [Principal=org.springframework.security.core.userdetails.User [Username=vanh2k3@gmail.com, Password=[PROTECTED], Enabled=true, AccountNonExpired=true, CredentialsNonExpired=true, AccountNonLocked=true, Granted Authorities=[]], Credentials=[PROTECTED], Authenticated=true, Details=null, Granted Authorities=[]]]
2025-12-29T18:07:23.045+07:00 DEBUG 1436 --- [auth-server] [https-jsse-nio-8282-exec-5] o.s.security.web.FilterChainProxy        : Secured GET /api/me
2025-12-29T18:07:56.796+07:00 DEBUG 1436 --- [auth-server] [https-jsse-nio-8282-exec-3] o.s.security.web.FilterChainProxy        : Securing GET /oauth2/jwks
2025-12-29T18:14:45.957+07:00 DEBUG 1436 --- [auth-server] [https-jsse-nio-8282-exec-9] o.s.security.web.FilterChainProxy        : Securing GET /.well-known/openid-configuration
2025-12-29T18:14:46.138+07:00 DEBUG 1436 --- [auth-server] [https-jsse-nio-8282-exec-1] o.s.security.web.FilterChainProxy        : Securing GET /oauth2/jwks
