2025-12-26T12:11:58.911+07:00  INFO 16192 --- [auth-server] [restartedMain] c.b.auth_server.AuthServerApplication    : Starting AuthServerApplication using Java 21.0.3 with PID 16192 (C:\Users\PC\OneDrive\Desktop\bookommerce\auth-server\target\classes started by PC in C:\Users\PC\OneDrive\Desktop\bookommerce\auth-server)
2025-12-26T12:11:58.928+07:00  INFO 16192 --- [auth-server] [restartedMain] c.b.auth_server.AuthServerApplication    : No active profile set, falling back to 1 default profile: "default"
2025-12-26T12:11:59.032+07:00  INFO 16192 --- [auth-server] [restartedMain] .e.DevToolsPropertyDefaultsPostProcessor : Devtools property defaults active! Set 'spring.devtools.add-properties' to 'false' to disable
2025-12-26T12:11:59.033+07:00  INFO 16192 --- [auth-server] [restartedMain] .e.DevToolsPropertyDefaultsPostProcessor : For additional web related logging consider setting the 'logging.level.web' property to 'DEBUG'
2025-12-26T12:12:01.230+07:00  INFO 16192 --- [auth-server] [restartedMain] .s.d.r.c.RepositoryConfigurationDelegate : Bootstrapping Spring Data JPA repositories in DEFAULT mode.
2025-12-26T12:12:01.318+07:00  INFO 16192 --- [auth-server] [restartedMain] .s.d.r.c.RepositoryConfigurationDelegate : Finished Spring Data repository scanning in 75 ms. Found 1 JPA repository interface.
2025-12-26T12:12:02.565+07:00  INFO 16192 --- [auth-server] [restartedMain] o.s.b.w.embedded.tomcat.TomcatWebServer  : Tomcat initialized with port 8282 (https)
2025-12-26T12:12:02.591+07:00  INFO 16192 --- [auth-server] [restartedMain] o.apache.catalina.core.StandardService   : Starting service [Tomcat]
2025-12-26T12:12:02.592+07:00  INFO 16192 --- [auth-server] [restartedMain] o.apache.catalina.core.StandardEngine    : Starting Servlet engine: [Apache Tomcat/10.1.49]
2025-12-26T12:12:02.725+07:00  INFO 16192 --- [auth-server] [restartedMain] o.a.c.c.C.[Tomcat].[localhost].[/]       : Initializing Spring embedded WebApplicationContext
2025-12-26T12:12:02.726+07:00  INFO 16192 --- [auth-server] [restartedMain] w.s.c.ServletWebServerApplicationContext : Root WebApplicationContext: initialization completed in 3692 ms
2025-12-26T12:12:03.177+07:00  INFO 16192 --- [auth-server] [restartedMain] com.zaxxer.hikari.HikariDataSource       : HikariPool-1 - Starting...
2025-12-26T12:12:03.750+07:00  INFO 16192 --- [auth-server] [restartedMain] com.zaxxer.hikari.pool.HikariPool        : HikariPool-1 - Added connection com.mysql.cj.jdbc.ConnectionImpl@345813e
2025-12-26T12:12:03.758+07:00  INFO 16192 --- [auth-server] [restartedMain] com.zaxxer.hikari.HikariDataSource       : HikariPool-1 - Start completed.
2025-12-26T12:12:04.576+07:00  INFO 16192 --- [auth-server] [restartedMain] o.hibernate.jpa.internal.util.LogHelper  : HHH000204: Processing PersistenceUnitInfo [name: default]
2025-12-26T12:12:04.637+07:00  INFO 16192 --- [auth-server] [restartedMain] org.hibernate.Version                    : HHH000412: Hibernate ORM core version 6.6.36.Final
2025-12-26T12:12:04.706+07:00  INFO 16192 --- [auth-server] [restartedMain] o.h.c.internal.RegionFactoryInitiator    : HHH000026: Second-level cache disabled
2025-12-26T12:12:05.189+07:00  INFO 16192 --- [auth-server] [restartedMain] o.s.o.j.p.SpringPersistenceUnitInfo      : No LoadTimeWeaver setup: ignoring JPA class transformer
2025-12-26T12:12:05.274+07:00  WARN 16192 --- [auth-server] [restartedMain] org.hibernate.orm.deprecation            : HHH90000025: MySQLDialect does not need to be specified explicitly using 'hibernate.dialect' (remove the property setting and it will be selected by default)
2025-12-26T12:12:05.288+07:00  INFO 16192 --- [auth-server] [restartedMain] org.hibernate.orm.connections.pooling    : HHH10001005: Database info:
	Database JDBC URL [Connecting through datasource 'HikariDataSource (HikariPool-1)']
	Database driver: undefined/unknown
	Database version: 8.0.44
	Autocommit mode: undefined/unknown
	Isolation level: undefined/unknown
	Minimum pool size: undefined/unknown
	Maximum pool size: undefined/unknown
2025-12-26T12:12:05.979+07:00  INFO 16192 --- [auth-server] [restartedMain] o.h.e.t.j.p.i.JtaPlatformInitiator       : HHH000489: No JTA platform available (set 'hibernate.transaction.jta.platform' to enable JTA platform integration)
2025-12-26T12:12:06.064+07:00  INFO 16192 --- [auth-server] [restartedMain] j.LocalContainerEntityManagerFactoryBean : Initialized JPA EntityManagerFactory for persistence unit 'default'
2025-12-26T12:12:06.464+07:00  INFO 16192 --- [auth-server] [restartedMain] r$InitializeUserDetailsManagerConfigurer : Global AuthenticationManager configured with UserDetailsService bean with name userDetailsService
2025-12-26T12:12:06.581+07:00  WARN 16192 --- [auth-server] [restartedMain] JpaBaseConfiguration$JpaWebConfiguration : spring.jpa.open-in-view is enabled by default. Therefore, database queries may be performed during view rendering. Explicitly configure spring.jpa.open-in-view to disable this warning
2025-12-26T12:12:07.225+07:00  INFO 16192 --- [auth-server] [restartedMain] o.s.b.a.e.web.EndpointLinksResolver      : Exposing 1 endpoint beneath base path '/actuator'
2025-12-26T12:12:07.545+07:00 DEBUG 16192 --- [auth-server] [restartedMain] o.s.s.web.DefaultSecurityFilterChain     : Will secure org.springframework.security.oauth2.server.authorization.config.annotation.web.configurers.OAuth2AuthorizationServerConfigurer$$Lambda/0x00000205ddb07a00@6ca6a320 with filters: DisableEncodeUrlFilter, WebAsyncManagerIntegrationFilter, SecurityContextHolderFilter, AuthorizationServerContextFilter, HeaderWriterFilter, CsrfFilter, OidcLogoutEndpointFilter, LogoutFilter, OAuth2AuthorizationServerMetadataEndpointFilter, OAuth2AuthorizationEndpointFilter, OAuth2DeviceVerificationEndpointFilter, OidcProviderConfigurationEndpointFilter, NimbusJwkSetEndpointFilter, OAuth2ClientAuthenticationFilter, BearerTokenAuthenticationFilter, AuthenticationFilter, RequestCacheAwareFilter, SecurityContextHolderAwareRequestFilter, AnonymousAuthenticationFilter, ExceptionTranslationFilter, AuthorizationFilter, OAuth2TokenEndpointFilter, OAuth2TokenIntrospectionEndpointFilter, OAuth2TokenRevocationEndpointFilter, OAuth2DeviceAuthorizationEndpointFilter, OidcUserInfoEndpointFilter
2025-12-26T12:12:07.606+07:00 DEBUG 16192 --- [auth-server] [restartedMain] o.s.s.web.DefaultSecurityFilterChain     : Will secure any request with filters: DisableEncodeUrlFilter, ForceEagerSessionCreationFilter, WebAsyncManagerIntegrationFilter, SecurityContextHolderFilter, HeaderWriterFilter, CorsFilter, CsrfFilter, LogoutFilter, OAuth2AuthorizationRequestRedirectFilter, OAuth2LoginAuthenticationFilter, RequestCacheAwareFilter, SecurityContextHolderAwareRequestFilter, AnonymousAuthenticationFilter, SessionManagementFilter, ExceptionTranslationFilter, AuthorizationFilter
2025-12-26T12:12:07.623+07:00  INFO 16192 --- [auth-server] [restartedMain] c.b.a.config.SessionCookieConfig         : >>>>>>>>>>>>>>>>>>>> CookieSerializer configured
2025-12-26T12:12:07.932+07:00  INFO 16192 --- [auth-server] [restartedMain] o.s.b.d.a.OptionalLiveReloadServer       : LiveReload server is running on port 35729
2025-12-26T12:12:08.087+07:00  INFO 16192 --- [auth-server] [restartedMain] o.a.t.util.net.NioEndpoint.certificate   : Connector [https-jsse-nio-8282], TLS virtual host [_default_], certificate type [UNDEFINED] configured from keystore [C:\Users\PC\.keystore] using alias [bookommerce_ssl] with trust store [null]
2025-12-26T12:12:08.104+07:00  INFO 16192 --- [auth-server] [restartedMain] o.s.b.w.embedded.tomcat.TomcatWebServer  : Tomcat started on port 8282 (https) with context path '/'
2025-12-26T12:12:08.118+07:00  INFO 16192 --- [auth-server] [restartedMain] c.b.auth_server.AuthServerApplication    : Started AuthServerApplication in 10.214 seconds (process running for 11.384)
2025-12-26T12:13:17.706+07:00  INFO 16192 --- [auth-server] [https-jsse-nio-8282-exec-6] o.a.c.c.C.[Tomcat].[localhost].[/]       : Initializing Spring DispatcherServlet 'dispatcherServlet'
2025-12-26T12:13:17.707+07:00  INFO 16192 --- [auth-server] [https-jsse-nio-8282-exec-6] o.s.web.servlet.DispatcherServlet        : Initializing Servlet 'dispatcherServlet'
2025-12-26T12:13:17.709+07:00  INFO 16192 --- [auth-server] [https-jsse-nio-8282-exec-6] o.s.web.servlet.DispatcherServlet        : Completed initialization in 2 ms
2025-12-26T12:13:17.739+07:00 DEBUG 16192 --- [auth-server] [https-jsse-nio-8282-exec-6] o.s.security.web.FilterChainProxy        : Securing GET /.well-known/openid-configuration
2025-12-26T12:13:17.857+07:00 DEBUG 16192 --- [auth-server] [https-jsse-nio-8282-exec-7] o.s.security.web.FilterChainProxy        : Securing GET /oauth2/jwks
2025-12-26T12:19:29.315+07:00 DEBUG 16192 --- [auth-server] [https-jsse-nio-8282-exec-3] o.s.security.web.FilterChainProxy        : Securing GET /api/me
2025-12-26T12:19:29.631+07:00 DEBUG 16192 --- [auth-server] [https-jsse-nio-8282-exec-3] .s.s.w.s.ForceEagerSessionCreationFilter : Created session eagerly
2025-12-26T12:19:29.852+07:00 DEBUG 16192 --- [auth-server] [https-jsse-nio-8282-exec-3] o.s.s.w.a.AnonymousAuthenticationFilter  : Set SecurityContextHolder to anonymous SecurityContext
2025-12-26T12:19:29.852+07:00 DEBUG 16192 --- [auth-server] [https-jsse-nio-8282-exec-3] o.s.s.w.session.SessionManagementFilter  : Request requested invalid session id 2e40680c-68d7-423a-a610-50d76d66ec65
2025-12-26T12:19:30.181+07:00 DEBUG 16192 --- [auth-server] [https-jsse-nio-8282-exec-3] s.w.a.DelegatingAuthenticationEntryPoint : Trying to match using MediaTypeRequestMatcher [contentNegotiationStrategy=org.springframework.web.accept.HeaderContentNegotiationStrategy@16cabab3, matchingMediaTypes=[text/html], useEquals=false, ignoredMediaTypes=[]]
2025-12-26T12:19:30.181+07:00 DEBUG 16192 --- [auth-server] [https-jsse-nio-8282-exec-3] s.w.a.DelegatingAuthenticationEntryPoint : Trying to match using MediaTypeRequestMatcher [contentNegotiationStrategy=org.springframework.web.accept.HeaderContentNegotiationStrategy@36308fdf, matchingMediaTypes=[application/json], useEquals=false, ignoredMediaTypes=[]]
2025-12-26T12:19:30.181+07:00 DEBUG 16192 --- [auth-server] [https-jsse-nio-8282-exec-3] s.w.a.DelegatingAuthenticationEntryPoint : Match found! Executing org.springframework.security.web.authentication.HttpStatusEntryPoint@22cc06c6
2025-12-26T12:20:50.186+07:00 DEBUG 16192 --- [auth-server] [https-jsse-nio-8282-exec-9] o.s.security.web.FilterChainProxy        : Securing GET /api/me
2025-12-26T12:20:50.187+07:00 DEBUG 16192 --- [auth-server] [https-jsse-nio-8282-exec-9] .s.s.w.s.ForceEagerSessionCreationFilter : Created session eagerly
2025-12-26T12:20:50.189+07:00 DEBUG 16192 --- [auth-server] [https-jsse-nio-8282-exec-9] o.s.s.w.a.AnonymousAuthenticationFilter  : Set SecurityContextHolder to anonymous SecurityContext
2025-12-26T12:20:50.193+07:00 DEBUG 16192 --- [auth-server] [https-jsse-nio-8282-exec-9] s.w.a.DelegatingAuthenticationEntryPoint : Trying to match using MediaTypeRequestMatcher [contentNegotiationStrategy=org.springframework.web.accept.HeaderContentNegotiationStrategy@16cabab3, matchingMediaTypes=[text/html], useEquals=false, ignoredMediaTypes=[]]
2025-12-26T12:20:50.194+07:00 DEBUG 16192 --- [auth-server] [https-jsse-nio-8282-exec-9] s.w.a.DelegatingAuthenticationEntryPoint : Trying to match using MediaTypeRequestMatcher [contentNegotiationStrategy=org.springframework.web.accept.HeaderContentNegotiationStrategy@36308fdf, matchingMediaTypes=[application/json], useEquals=false, ignoredMediaTypes=[]]
2025-12-26T12:20:50.196+07:00 DEBUG 16192 --- [auth-server] [https-jsse-nio-8282-exec-9] s.w.a.DelegatingAuthenticationEntryPoint : Match found! Executing org.springframework.security.web.authentication.HttpStatusEntryPoint@22cc06c6
2025-12-26T12:27:46.930+07:00 DEBUG 16192 --- [auth-server] [https-jsse-nio-8282-exec-5] o.s.security.web.FilterChainProxy        : Securing GET /api/me
2025-12-26T12:27:46.953+07:00 DEBUG 16192 --- [auth-server] [https-jsse-nio-8282-exec-5] o.s.s.w.a.AnonymousAuthenticationFilter  : Set SecurityContextHolder to anonymous SecurityContext
2025-12-26T12:27:46.956+07:00 DEBUG 16192 --- [auth-server] [https-jsse-nio-8282-exec-5] s.w.a.DelegatingAuthenticationEntryPoint : Trying to match using MediaTypeRequestMatcher [contentNegotiationStrategy=org.springframework.web.accept.HeaderContentNegotiationStrategy@16cabab3, matchingMediaTypes=[text/html], useEquals=false, ignoredMediaTypes=[]]
2025-12-26T12:27:46.957+07:00 DEBUG 16192 --- [auth-server] [https-jsse-nio-8282-exec-5] s.w.a.DelegatingAuthenticationEntryPoint : Trying to match using MediaTypeRequestMatcher [contentNegotiationStrategy=org.springframework.web.accept.HeaderContentNegotiationStrategy@36308fdf, matchingMediaTypes=[application/json], useEquals=false, ignoredMediaTypes=[]]
2025-12-26T12:27:46.957+07:00 DEBUG 16192 --- [auth-server] [https-jsse-nio-8282-exec-5] s.w.a.DelegatingAuthenticationEntryPoint : Match found! Executing org.springframework.security.web.authentication.HttpStatusEntryPoint@22cc06c6
2025-12-26T12:41:47.639+07:00 DEBUG 16192 --- [auth-server] [https-jsse-nio-8282-exec-1] o.s.security.web.FilterChainProxy        : Securing GET /.well-known/openid-configuration
2025-12-26T12:41:47.744+07:00 DEBUG 16192 --- [auth-server] [https-jsse-nio-8282-exec-4] o.s.security.web.FilterChainProxy        : Securing GET /oauth2/jwks
2025-12-26T12:43:23.158+07:00 DEBUG 16192 --- [auth-server] [https-jsse-nio-8282-exec-9] o.s.security.web.FilterChainProxy        : Securing GET /.well-known/openid-configuration
2025-12-26T12:43:23.166+07:00 DEBUG 16192 --- [auth-server] [https-jsse-nio-8282-exec-10] o.s.security.web.FilterChainProxy        : Securing GET /oauth2/jwks
2025-12-26T12:45:14.394+07:00 DEBUG 16192 --- [auth-server] [https-jsse-nio-8282-exec-7] o.s.security.web.FilterChainProxy        : Securing GET /.well-known/openid-configuration
2025-12-26T12:45:14.435+07:00 DEBUG 16192 --- [auth-server] [https-jsse-nio-8282-exec-8] o.s.security.web.FilterChainProxy        : Securing GET /oauth2/jwks
2025-12-26T12:45:18.107+07:00 DEBUG 16192 --- [auth-server] [https-jsse-nio-8282-exec-9] o.s.security.web.FilterChainProxy        : Securing GET /.well-known/openid-configuration
2025-12-26T12:45:18.123+07:00 DEBUG 16192 --- [auth-server] [https-jsse-nio-8282-exec-10] o.s.security.web.FilterChainProxy        : Securing GET /oauth2/jwks
2025-12-26T12:46:28.480+07:00 DEBUG 16192 --- [auth-server] [https-jsse-nio-8282-exec-7] o.s.security.web.FilterChainProxy        : Securing GET /.well-known/openid-configuration
2025-12-26T12:46:28.495+07:00 DEBUG 16192 --- [auth-server] [https-jsse-nio-8282-exec-8] o.s.security.web.FilterChainProxy        : Securing GET /oauth2/jwks
2025-12-26T12:48:18.046+07:00 DEBUG 16192 --- [auth-server] [https-jsse-nio-8282-exec-2] o.s.security.web.FilterChainProxy        : Securing GET /.well-known/openid-configuration
2025-12-26T12:48:18.059+07:00 DEBUG 16192 --- [auth-server] [https-jsse-nio-8282-exec-6] o.s.security.web.FilterChainProxy        : Securing GET /oauth2/jwks
2025-12-26T12:48:27.820+07:00 DEBUG 16192 --- [auth-server] [https-jsse-nio-8282-exec-7] o.s.security.web.FilterChainProxy        : Securing GET /.well-known/openid-configuration
2025-12-26T12:48:27.836+07:00 DEBUG 16192 --- [auth-server] [https-jsse-nio-8282-exec-8] o.s.security.web.FilterChainProxy        : Securing GET /oauth2/jwks
2025-12-26T12:49:09.485+07:00 DEBUG 16192 --- [auth-server] [https-jsse-nio-8282-exec-9] o.s.security.web.FilterChainProxy        : Securing GET /.well-known/openid-configuration
2025-12-26T12:49:09.494+07:00 DEBUG 16192 --- [auth-server] [https-jsse-nio-8282-exec-10] o.s.security.web.FilterChainProxy        : Securing GET /oauth2/jwks
2025-12-26T12:49:40.741+07:00 DEBUG 16192 --- [auth-server] [https-jsse-nio-8282-exec-1] o.s.security.web.FilterChainProxy        : Securing GET /.well-known/openid-configuration
2025-12-26T12:49:40.759+07:00 DEBUG 16192 --- [auth-server] [https-jsse-nio-8282-exec-4] o.s.security.web.FilterChainProxy        : Securing GET /oauth2/jwks
