2026-01-04T10:53:05.952+07:00  INFO 8980 --- [be-for-fe] [restartedMain] c.b.be_for_fe.BeForFeApplication         : Starting BeForFeApplication using Java 21.0.3 with PID 8980 (C:\Users\PC\OneDrive\Desktop\bookommerce\be-for-fe\target\classes started by PC in C:\Users\PC\OneDrive\Desktop\bookommerce\be-for-fe)
2026-01-04T10:53:05.966+07:00  INFO 8980 --- [be-for-fe] [restartedMain] c.b.be_for_fe.BeForFeApplication         : No active profile set, falling back to 1 default profile: "default"
2026-01-04T10:53:06.106+07:00  INFO 8980 --- [be-for-fe] [restartedMain] .e.DevToolsPropertyDefaultsPostProcessor : Devtools property defaults active! Set 'spring.devtools.add-properties' to 'false' to disable
2026-01-04T10:53:06.108+07:00  INFO 8980 --- [be-for-fe] [restartedMain] .e.DevToolsPropertyDefaultsPostProcessor : For additional web related logging consider setting the 'logging.level.web' property to 'DEBUG'
2026-01-04T10:53:10.469+07:00  INFO 8980 --- [be-for-fe] [restartedMain] .s.d.r.c.RepositoryConfigurationDelegate : Bootstrapping Spring Data JPA repositories in DEFAULT mode.
2026-01-04T10:53:10.530+07:00  INFO 8980 --- [be-for-fe] [restartedMain] .s.d.r.c.RepositoryConfigurationDelegate : Finished Spring Data repository scanning in 34 ms. Found 0 JPA repository interfaces.
2026-01-04T10:53:11.249+07:00  INFO 8980 --- [be-for-fe] [restartedMain] o.s.cloud.context.scope.GenericScope     : BeanFactory id=e4352ef9-7884-38c7-b22b-03834141ff91
2026-01-04T10:53:14.258+07:00  INFO 8980 --- [be-for-fe] [restartedMain] o.s.b.w.embedded.tomcat.TomcatWebServer  : Tomcat initialized with port 8181 (https)
2026-01-04T10:53:14.304+07:00  INFO 8980 --- [be-for-fe] [restartedMain] o.apache.catalina.core.StandardService   : Starting service [Tomcat]
2026-01-04T10:53:14.307+07:00  INFO 8980 --- [be-for-fe] [restartedMain] o.apache.catalina.core.StandardEngine    : Starting Servlet engine: [Apache Tomcat/10.1.50]
2026-01-04T10:53:14.468+07:00  INFO 8980 --- [be-for-fe] [restartedMain] o.a.c.c.C.[Tomcat].[localhost].[/]       : Initializing Spring embedded WebApplicationContext
2026-01-04T10:53:14.470+07:00  INFO 8980 --- [be-for-fe] [restartedMain] w.s.c.ServletWebServerApplicationContext : Root WebApplicationContext: initialization completed in 8016 ms
2026-01-04T10:53:14.842+07:00  INFO 8980 --- [be-for-fe] [restartedMain] com.zaxxer.hikari.HikariDataSource       : HikariPool-1 - Starting...
2026-01-04T10:53:16.230+07:00  INFO 8980 --- [be-for-fe] [restartedMain] com.zaxxer.hikari.pool.HikariPool        : HikariPool-1 - Added connection com.mysql.cj.jdbc.ConnectionImpl@4876b8ab
2026-01-04T10:53:16.245+07:00  INFO 8980 --- [be-for-fe] [restartedMain] com.zaxxer.hikari.HikariDataSource       : HikariPool-1 - Start completed.
2026-01-04T10:53:19.209+07:00  INFO 8980 --- [be-for-fe] [restartedMain] o.hibernate.jpa.internal.util.LogHelper  : HHH000204: Processing PersistenceUnitInfo [name: default]
2026-01-04T10:53:19.342+07:00  INFO 8980 --- [be-for-fe] [restartedMain] org.hibernate.Version                    : HHH000412: Hibernate ORM core version 6.6.39.Final
2026-01-04T10:53:19.439+07:00  INFO 8980 --- [be-for-fe] [restartedMain] o.h.c.internal.RegionFactoryInitiator    : HHH000026: Second-level cache disabled
2026-01-04T10:53:20.078+07:00  INFO 8980 --- [be-for-fe] [restartedMain] o.s.o.j.p.SpringPersistenceUnitInfo      : No LoadTimeWeaver setup: ignoring JPA class transformer
2026-01-04T10:53:20.236+07:00  WARN 8980 --- [be-for-fe] [restartedMain] org.hibernate.orm.deprecation            : HHH90000025: MySQLDialect does not need to be specified explicitly using 'hibernate.dialect' (remove the property setting and it will be selected by default)
2026-01-04T10:53:20.281+07:00  INFO 8980 --- [be-for-fe] [restartedMain] org.hibernate.orm.connections.pooling    : HHH10001005: Database info:
	Database JDBC URL [Connecting through datasource 'HikariDataSource (HikariPool-1)']
	Database driver: undefined/unknown
	Database version: 8.0.44
	Autocommit mode: undefined/unknown
	Isolation level: undefined/unknown
	Minimum pool size: undefined/unknown
	Maximum pool size: undefined/unknown
2026-01-04T10:53:23.751+07:00  INFO 8980 --- [be-for-fe] [restartedMain] o.h.e.t.j.p.i.JtaPlatformInitiator       : HHH000489: No JTA platform available (set 'hibernate.transaction.jta.platform' to enable JTA platform integration)
2026-01-04T10:53:23.912+07:00  INFO 8980 --- [be-for-fe] [restartedMain] j.LocalContainerEntityManagerFactoryBean : Initialized JPA EntityManagerFactory for persistence unit 'default'
2026-01-04T10:53:24.309+07:00  WARN 8980 --- [be-for-fe] [restartedMain] JpaBaseConfiguration$JpaWebConfiguration : spring.jpa.open-in-view is enabled by default. Therefore, database queries may be performed during view rendering. Explicitly configure spring.jpa.open-in-view to disable this warning
2026-01-04T10:53:26.220+07:00 DEBUG 8980 --- [be-for-fe] [restartedMain] swordEncoderAuthenticationManagerBuilder : No authenticationProviders and no parentAuthenticationManager defined. Returning null.
2026-01-04T10:53:27.318+07:00 DEBUG 8980 --- [be-for-fe] [restartedMain] o.s.s.web.DefaultSecurityFilterChain     : Will secure any request with filters: DisableEncodeUrlFilter, WebAsyncManagerIntegrationFilter, SecurityContextHolderFilter, HeaderWriterFilter, CorsFilter, CsrfFilter, LogoutFilter, OAuth2AuthorizationRequestRedirectFilter, OAuth2LoginAuthenticationFilter, DefaultResourcesFilter, DefaultLoginPageGeneratingFilter, DefaultLogoutPageGeneratingFilter, RequestCacheAwareFilter, SecurityContextHolderAwareRequestFilter, AnonymousAuthenticationFilter, ExceptionTranslationFilter, AuthorizationFilter
2026-01-04T10:53:27.375+07:00  INFO 8980 --- [be-for-fe] [restartedMain] c.b.b.config.SessionCookieConfig         : >>>>>>>>>>>>>>>>>>>> CookieSerializer configured
2026-01-04T10:53:30.743+07:00  INFO 8980 --- [be-for-fe] [restartedMain] o.s.b.d.a.OptionalLiveReloadServer       : LiveReload server is running on port 35729
2026-01-04T10:53:31.312+07:00  INFO 8980 --- [be-for-fe] [restartedMain] o.a.t.util.net.NioEndpoint.certificate   : Connector [https-jsse-nio-8181], TLS virtual host [_default_], certificate type [UNDEFINED] configured from keystore [Set directly - location unknown] using alias [bookommerce_ssl] with trust store [null]
2026-01-04T10:53:31.342+07:00  INFO 8980 --- [be-for-fe] [restartedMain] o.s.b.w.embedded.tomcat.TomcatWebServer  : Tomcat started on port 8181 (https) with context path '/'
2026-01-04T10:53:31.381+07:00  INFO 8980 --- [be-for-fe] [restartedMain] c.b.be_for_fe.BeForFeApplication         : Started BeForFeApplication in 26.505 seconds (process running for 30.317)
2026-01-04T10:56:19.162+07:00  INFO 8980 --- [be-for-fe] [https-jsse-nio-8181-exec-9] o.a.c.c.C.[Tomcat].[localhost].[/]       : Initializing Spring DispatcherServlet 'dispatcherServlet'
2026-01-04T10:56:19.174+07:00  INFO 8980 --- [be-for-fe] [https-jsse-nio-8181-exec-9] o.s.web.servlet.DispatcherServlet        : Initializing Servlet 'dispatcherServlet'
2026-01-04T10:56:19.203+07:00  INFO 8980 --- [be-for-fe] [https-jsse-nio-8181-exec-9] o.s.web.servlet.DispatcherServlet        : Completed initialization in 29 ms
2026-01-04T10:56:19.357+07:00 DEBUG 8980 --- [be-for-fe] [https-jsse-nio-8181-exec-9] o.s.security.web.FilterChainProxy        : Securing GET /api/genres
2026-01-04T10:56:19.357+07:00 DEBUG 8980 --- [be-for-fe] [https-jsse-nio-8181-exec-7] o.s.security.web.FilterChainProxy        : Securing GET /api/books?page=0&size=10&sort=TITLE&order=ASC
2026-01-04T10:56:19.469+07:00 DEBUG 8980 --- [be-for-fe] [https-jsse-nio-8181-exec-7] o.s.security.web.FilterChainProxy        : Secured GET /api/books?page=0&size=10&sort=TITLE&order=ASC
2026-01-04T10:56:19.469+07:00 DEBUG 8980 --- [be-for-fe] [https-jsse-nio-8181-exec-9] o.s.security.web.FilterChainProxy        : Secured GET /api/genres
2026-01-04T10:56:21.474+07:00 DEBUG 8980 --- [be-for-fe] [https-jsse-nio-8181-exec-9] o.s.s.w.a.AnonymousAuthenticationFilter  : Set SecurityContextHolder to anonymous SecurityContext
2026-01-04T10:56:21.474+07:00 DEBUG 8980 --- [be-for-fe] [https-jsse-nio-8181-exec-7] o.s.s.w.a.AnonymousAuthenticationFilter  : Set SecurityContextHolder to anonymous SecurityContext
2026-01-04T10:56:22.117+07:00 DEBUG 8980 --- [be-for-fe] [https-jsse-nio-8181-exec-3] o.s.security.web.FilterChainProxy        : Securing GET /images/books/8935212368209.jpg
2026-01-04T10:56:22.149+07:00 DEBUG 8980 --- [be-for-fe] [https-jsse-nio-8181-exec-1] o.s.security.web.FilterChainProxy        : Securing GET /images/books/8936213491361.jpg
2026-01-04T10:56:22.225+07:00 DEBUG 8980 --- [be-for-fe] [https-jsse-nio-8181-exec-1] o.s.security.web.FilterChainProxy        : Secured GET /images/books/8936213491361.jpg
2026-01-04T10:56:22.470+07:00 DEBUG 8980 --- [be-for-fe] [https-jsse-nio-8181-exec-3] o.s.security.web.FilterChainProxy        : Secured GET /images/books/8935212368209.jpg
2026-01-04T10:56:22.510+07:00 DEBUG 8980 --- [be-for-fe] [https-jsse-nio-8181-exec-6] o.s.security.web.FilterChainProxy        : Securing GET /images/books/4658760b-7502-4022-b337-9926fee60006.jpg
2026-01-04T10:56:22.520+07:00 DEBUG 8980 --- [be-for-fe] [https-jsse-nio-8181-exec-5] o.s.security.web.FilterChainProxy        : Securing GET /images/books/8935212349208.jpg
2026-01-04T10:56:22.675+07:00 DEBUG 8980 --- [be-for-fe] [https-jsse-nio-8181-exec-7] o.s.security.web.FilterChainProxy        : Securing GET /images/books/image_195509_1_30127_1.jpg
2026-01-04T10:56:22.723+07:00 DEBUG 8980 --- [be-for-fe] [https-jsse-nio-8181-exec-5] o.s.security.web.FilterChainProxy        : Secured GET /images/books/8935212349208.jpg
2026-01-04T10:56:22.774+07:00 DEBUG 8980 --- [be-for-fe] [https-jsse-nio-8181-exec-6] o.s.security.web.FilterChainProxy        : Secured GET /images/books/4658760b-7502-4022-b337-9926fee60006.jpg
2026-01-04T10:56:22.857+07:00 DEBUG 8980 --- [be-for-fe] [https-jsse-nio-8181-exec-7] o.s.security.web.FilterChainProxy        : Secured GET /images/books/image_195509_1_30127_1.jpg
2026-01-04T10:56:23.085+07:00 DEBUG 8980 --- [be-for-fe] [https-jsse-nio-8181-exec-9] o.s.security.web.FilterChainProxy        : Securing GET /images/books/8936213491866.jpg
2026-01-04T10:56:23.247+07:00 DEBUG 8980 --- [be-for-fe] [https-jsse-nio-8181-exec-9] o.s.security.web.FilterChainProxy        : Secured GET /images/books/8936213491866.jpg
2026-01-04T10:56:23.970+07:00 DEBUG 8980 --- [be-for-fe] [https-jsse-nio-8181-exec-1] o.s.s.w.a.AnonymousAuthenticationFilter  : Set SecurityContextHolder to anonymous SecurityContext
2026-01-04T10:56:23.966+07:00 DEBUG 8980 --- [be-for-fe] [https-jsse-nio-8181-exec-5] o.s.s.w.a.AnonymousAuthenticationFilter  : Set SecurityContextHolder to anonymous SecurityContext
2026-01-04T10:56:23.970+07:00 DEBUG 8980 --- [be-for-fe] [https-jsse-nio-8181-exec-3] o.s.s.w.a.AnonymousAuthenticationFilter  : Set SecurityContextHolder to anonymous SecurityContext
2026-01-04T10:56:23.996+07:00 DEBUG 8980 --- [be-for-fe] [https-jsse-nio-8181-exec-8] o.s.security.web.FilterChainProxy        : Securing GET /images/books/z6667803014073_b09f06964c4371f4fd5d5a532a319742.jpg
2026-01-04T10:56:24.003+07:00 DEBUG 8980 --- [be-for-fe] [https-jsse-nio-8181-exec-10] o.s.security.web.FilterChainProxy        : Securing GET /images/books/z6667802993996_444d1025739493a61e7c63ddfc8997fc.jpg
2026-01-04T10:56:24.030+07:00 DEBUG 8980 --- [be-for-fe] [https-jsse-nio-8181-exec-10] o.s.security.web.FilterChainProxy        : Secured GET /images/books/z6667802993996_444d1025739493a61e7c63ddfc8997fc.jpg
2026-01-04T10:56:24.054+07:00 DEBUG 8980 --- [be-for-fe] [https-jsse-nio-8181-exec-4] o.s.security.web.FilterChainProxy        : Securing GET /images/books/image_217968.jpg
2026-01-04T10:56:24.060+07:00 DEBUG 8980 --- [be-for-fe] [https-jsse-nio-8181-exec-8] o.s.security.web.FilterChainProxy        : Secured GET /images/books/z6667803014073_b09f06964c4371f4fd5d5a532a319742.jpg
2026-01-04T10:56:24.076+07:00 DEBUG 8980 --- [be-for-fe] [https-jsse-nio-8181-exec-4] o.s.security.web.FilterChainProxy        : Secured GET /images/books/image_217968.jpg
2026-01-04T10:56:24.108+07:00 DEBUG 8980 --- [be-for-fe] [https-jsse-nio-8181-exec-9] o.s.s.w.a.AnonymousAuthenticationFilter  : Set SecurityContextHolder to anonymous SecurityContext
2026-01-04T10:56:24.150+07:00 DEBUG 8980 --- [be-for-fe] [https-jsse-nio-8181-exec-9] o.s.security.web.FilterChainProxy        : Securing GET /images/books/f3767a63-a769-4dc6-a0ad-5faf57cfeda2.jpg
2026-01-04T10:56:24.169+07:00 DEBUG 8980 --- [be-for-fe] [https-jsse-nio-8181-exec-9] o.s.security.web.FilterChainProxy        : Secured GET /images/books/f3767a63-a769-4dc6-a0ad-5faf57cfeda2.jpg
2026-01-04T10:56:24.177+07:00 DEBUG 8980 --- [be-for-fe] [https-jsse-nio-8181-exec-7] o.s.s.w.a.AnonymousAuthenticationFilter  : Set SecurityContextHolder to anonymous SecurityContext
2026-01-04T10:56:24.242+07:00 DEBUG 8980 --- [be-for-fe] [https-jsse-nio-8181-exec-6] o.s.s.w.a.AnonymousAuthenticationFilter  : Set SecurityContextHolder to anonymous SecurityContext
2026-01-04T10:56:24.262+07:00 DEBUG 8980 --- [be-for-fe] [https-jsse-nio-8181-exec-10] o.s.s.w.a.AnonymousAuthenticationFilter  : Set SecurityContextHolder to anonymous SecurityContext
2026-01-04T10:56:24.256+07:00 DEBUG 8980 --- [be-for-fe] [https-jsse-nio-8181-exec-4] o.s.s.w.a.AnonymousAuthenticationFilter  : Set SecurityContextHolder to anonymous SecurityContext
2026-01-04T10:56:24.258+07:00 DEBUG 8980 --- [be-for-fe] [https-jsse-nio-8181-exec-8] o.s.s.w.a.AnonymousAuthenticationFilter  : Set SecurityContextHolder to anonymous SecurityContext
2026-01-04T10:56:24.354+07:00 DEBUG 8980 --- [be-for-fe] [https-jsse-nio-8181-exec-9] o.s.s.w.a.AnonymousAuthenticationFilter  : Set SecurityContextHolder to anonymous SecurityContext
2026-01-04T10:57:35.692+07:00 DEBUG 8980 --- [be-for-fe] [https-jsse-nio-8181-exec-2] o.s.security.web.FilterChainProxy        : Securing GET /oauth2/authorization/bff
2026-01-04T10:57:35.725+07:00 DEBUG 8980 --- [be-for-fe] [https-jsse-nio-8181-exec-2] o.s.s.web.DefaultRedirectStrategy        : Redirecting to https://auth.bookommerce.com:8282/oauth2/authorize?response_type=code&client_id=bff&scope=openid%20profile&state=pFVUcwuYj97iOL8cHGhzb16NYh1qEM2Jg4fqIfZnLaM%3D&redirect_uri=https://bff.bookommerce.com:8181/login/oauth2/code/bff&nonce=tjwFMn8nYC4gVfz7I3G8Cb4nhYc3p-VG3niFVEKmj8g
2026-01-04T10:57:36.470+07:00 DEBUG 8980 --- [be-for-fe] [https-jsse-nio-8181-exec-4] o.s.security.web.FilterChainProxy        : Securing GET /login/oauth2/code/bff?code=sgUcHBftbjScrgcLWFvEbuIz8kfldpdyhjB-16Vg2FVwLLdLLJYVRFN3DyG8DDZK6eyfnCCYEK2ThpZErfG44xBLdedccpmcwT095eqSRGBCS4tsE6i2Cs6LDF1SLcnc&state=pFVUcwuYj97iOL8cHGhzb16NYh1qEM2Jg4fqIfZnLaM%3D
2026-01-04T10:57:38.785+07:00 DEBUG 8980 --- [be-for-fe] [https-jsse-nio-8181-exec-4] .s.ChangeSessionIdAuthenticationStrategy : Changed session id from a4d35f72-7dbb-452d-a7eb-e35c6707037c
2026-01-04T10:57:38.791+07:00 DEBUG 8980 --- [be-for-fe] [https-jsse-nio-8181-exec-4] w.c.HttpSessionSecurityContextRepository : Stored SecurityContextImpl [Authentication=OAuth2AuthenticationToken [Principal=Name: [nguyenvietanh2k3@gmail.com], Granted Authorities: [[OIDC_USER, SCOPE_openid, SCOPE_profile]], User Attributes: [{sub=nguyenvietanh2k3@gmail.com, aud=[bff], azp=bff, auth_time=2026-01-04T03:57:36Z, iss=https://auth.bookommerce.com:8282, exp=2026-01-04T04:27:37Z, iat=2026-01-04T03:57:37Z, nonce=tjwFMn8nYC4gVfz7I3G8Cb4nhYc3p-VG3niFVEKmj8g, jti=3245fd45-a682-40e2-b19f-085ef7c3cc64, authorities=[ROLE_CUSTOMER], sid=KzQs2hCcGJjtfFLRPd6yCyzvlUkR2tmuTKa0jqOZheg}], Credentials=[PROTECTED], Authenticated=true, Details=WebAuthenticationDetails [RemoteIpAddress=127.0.0.1, SessionId=a4d35f72-7dbb-452d-a7eb-e35c6707037c], Granted Authorities=[ROLE_CUSTOMER]]] to HttpSession [org.springframework.session.web.http.SessionRepositoryFilter$SessionRepositoryRequestWrapper$HttpSessionWrapper@5f632f25]
2026-01-04T10:57:38.794+07:00 DEBUG 8980 --- [be-for-fe] [https-jsse-nio-8181-exec-4] .s.o.c.w.OAuth2LoginAuthenticationFilter : Set SecurityContextHolder to OAuth2AuthenticationToken [Principal=Name: [nguyenvietanh2k3@gmail.com], Granted Authorities: [[OIDC_USER, SCOPE_openid, SCOPE_profile]], User Attributes: [{sub=nguyenvietanh2k3@gmail.com, aud=[bff], azp=bff, auth_time=2026-01-04T03:57:36Z, iss=https://auth.bookommerce.com:8282, exp=2026-01-04T04:27:37Z, iat=2026-01-04T03:57:37Z, nonce=tjwFMn8nYC4gVfz7I3G8Cb4nhYc3p-VG3niFVEKmj8g, jti=3245fd45-a682-40e2-b19f-085ef7c3cc64, authorities=[ROLE_CUSTOMER], sid=KzQs2hCcGJjtfFLRPd6yCyzvlUkR2tmuTKa0jqOZheg}], Credentials=[PROTECTED], Authenticated=true, Details=WebAuthenticationDetails [RemoteIpAddress=127.0.0.1, SessionId=a4d35f72-7dbb-452d-a7eb-e35c6707037c], Granted Authorities=[ROLE_CUSTOMER]]
2026-01-04T10:57:41.039+07:00 DEBUG 8980 --- [be-for-fe] [https-jsse-nio-8181-exec-9] o.s.security.web.FilterChainProxy        : Securing GET /api/genres
2026-01-04T10:57:41.039+07:00 DEBUG 8980 --- [be-for-fe] [https-jsse-nio-8181-exec-8] o.s.security.web.FilterChainProxy        : Securing GET /api/books?page=0&size=10&sort=TITLE&order=ASC
2026-01-04T10:57:41.044+07:00 DEBUG 8980 --- [be-for-fe] [https-jsse-nio-8181-exec-9] o.s.security.web.FilterChainProxy        : Secured GET /api/genres
2026-01-04T10:57:41.044+07:00 DEBUG 8980 --- [be-for-fe] [https-jsse-nio-8181-exec-8] o.s.security.web.FilterChainProxy        : Secured GET /api/books?page=0&size=10&sort=TITLE&order=ASC
2026-01-04T10:57:41.247+07:00 DEBUG 8980 --- [be-for-fe] [https-jsse-nio-8181-exec-9] w.c.HttpSessionSecurityContextRepository : Retrieved SecurityContextImpl [Authentication=OAuth2AuthenticationToken [Principal=Name: [nguyenvietanh2k3@gmail.com], Granted Authorities: [[OIDC_USER, SCOPE_openid, SCOPE_profile]], User Attributes: [{sub=nguyenvietanh2k3@gmail.com, aud=[bff], azp=bff, auth_time=2026-01-04T03:57:36Z, iss=https://auth.bookommerce.com:8282, exp=2026-01-04T04:27:37Z, iat=2026-01-04T03:57:37Z, nonce=tjwFMn8nYC4gVfz7I3G8Cb4nhYc3p-VG3niFVEKmj8g, jti=3245fd45-a682-40e2-b19f-085ef7c3cc64, authorities=[ROLE_CUSTOMER], sid=KzQs2hCcGJjtfFLRPd6yCyzvlUkR2tmuTKa0jqOZheg}], Credentials=[PROTECTED], Authenticated=true, Details=WebAuthenticationDetails [RemoteIpAddress=127.0.0.1, SessionId=a4d35f72-7dbb-452d-a7eb-e35c6707037c], Granted Authorities=[ROLE_CUSTOMER]]]
2026-01-04T10:57:41.276+07:00 DEBUG 8980 --- [be-for-fe] [https-jsse-nio-8181-exec-8] w.c.HttpSessionSecurityContextRepository : Retrieved SecurityContextImpl [Authentication=OAuth2AuthenticationToken [Principal=Name: [nguyenvietanh2k3@gmail.com], Granted Authorities: [[OIDC_USER, SCOPE_openid, SCOPE_profile]], User Attributes: [{sub=nguyenvietanh2k3@gmail.com, aud=[bff], azp=bff, auth_time=2026-01-04T03:57:36Z, iss=https://auth.bookommerce.com:8282, exp=2026-01-04T04:27:37Z, iat=2026-01-04T03:57:37Z, nonce=tjwFMn8nYC4gVfz7I3G8Cb4nhYc3p-VG3niFVEKmj8g, jti=3245fd45-a682-40e2-b19f-085ef7c3cc64, authorities=[ROLE_CUSTOMER], sid=KzQs2hCcGJjtfFLRPd6yCyzvlUkR2tmuTKa0jqOZheg}], Credentials=[PROTECTED], Authenticated=true, Details=WebAuthenticationDetails [RemoteIpAddress=127.0.0.1, SessionId=a4d35f72-7dbb-452d-a7eb-e35c6707037c], Granted Authorities=[ROLE_CUSTOMER]]]
2026-01-04T10:57:42.292+07:00 DEBUG 8980 --- [be-for-fe] [https-jsse-nio-8181-exec-10] o.s.security.web.FilterChainProxy        : Securing GET /images/books/8936213491361.jpg
2026-01-04T10:57:42.301+07:00 DEBUG 8980 --- [be-for-fe] [https-jsse-nio-8181-exec-5] o.s.security.web.FilterChainProxy        : Securing GET /images/books/4658760b-7502-4022-b337-9926fee60006.jpg
2026-01-04T10:57:42.303+07:00 DEBUG 8980 --- [be-for-fe] [https-jsse-nio-8181-exec-10] o.s.security.web.FilterChainProxy        : Secured GET /images/books/8936213491361.jpg
2026-01-04T10:57:42.312+07:00 DEBUG 8980 --- [be-for-fe] [https-jsse-nio-8181-exec-5] o.s.security.web.FilterChainProxy        : Secured GET /images/books/4658760b-7502-4022-b337-9926fee60006.jpg
2026-01-04T10:57:42.364+07:00 DEBUG 8980 --- [be-for-fe] [https-jsse-nio-8181-exec-9] o.s.security.web.FilterChainProxy        : Securing GET /images/books/8935212349208.jpg
2026-01-04T10:57:42.376+07:00 DEBUG 8980 --- [be-for-fe] [https-jsse-nio-8181-exec-9] o.s.security.web.FilterChainProxy        : Secured GET /images/books/8935212349208.jpg
2026-01-04T10:57:42.549+07:00 DEBUG 8980 --- [be-for-fe] [https-jsse-nio-8181-exec-10] w.c.HttpSessionSecurityContextRepository : Retrieved SecurityContextImpl [Authentication=OAuth2AuthenticationToken [Principal=Name: [nguyenvietanh2k3@gmail.com], Granted Authorities: [[OIDC_USER, SCOPE_openid, SCOPE_profile]], User Attributes: [{sub=nguyenvietanh2k3@gmail.com, aud=[bff], azp=bff, auth_time=2026-01-04T03:57:36Z, iss=https://auth.bookommerce.com:8282, exp=2026-01-04T04:27:37Z, iat=2026-01-04T03:57:37Z, nonce=tjwFMn8nYC4gVfz7I3G8Cb4nhYc3p-VG3niFVEKmj8g, jti=3245fd45-a682-40e2-b19f-085ef7c3cc64, authorities=[ROLE_CUSTOMER], sid=KzQs2hCcGJjtfFLRPd6yCyzvlUkR2tmuTKa0jqOZheg}], Credentials=[PROTECTED], Authenticated=true, Details=WebAuthenticationDetails [RemoteIpAddress=127.0.0.1, SessionId=a4d35f72-7dbb-452d-a7eb-e35c6707037c], Granted Authorities=[ROLE_CUSTOMER]]]
2026-01-04T10:57:42.560+07:00 DEBUG 8980 --- [be-for-fe] [https-jsse-nio-8181-exec-10] o.s.security.web.FilterChainProxy        : Securing GET /images/books/8935212368209.jpg
2026-01-04T10:57:42.562+07:00 DEBUG 8980 --- [be-for-fe] [https-jsse-nio-8181-exec-10] o.s.security.web.FilterChainProxy        : Secured GET /images/books/8935212368209.jpg
2026-01-04T10:57:42.609+07:00 DEBUG 8980 --- [be-for-fe] [https-jsse-nio-8181-exec-8] o.s.security.web.FilterChainProxy        : Securing GET /images/books/image_195509_1_30127_1.jpg
2026-01-04T10:57:42.629+07:00 DEBUG 8980 --- [be-for-fe] [https-jsse-nio-8181-exec-4] o.s.security.web.FilterChainProxy        : Securing GET /images/books/8936213491866.jpg
2026-01-04T10:57:42.639+07:00 DEBUG 8980 --- [be-for-fe] [https-jsse-nio-8181-exec-8] o.s.security.web.FilterChainProxy        : Secured GET /images/books/image_195509_1_30127_1.jpg
2026-01-04T10:57:42.629+07:00 DEBUG 8980 --- [be-for-fe] [https-jsse-nio-8181-exec-1] o.s.security.web.FilterChainProxy        : Securing GET /images/books/image_217968.jpg
2026-01-04T10:57:42.653+07:00 DEBUG 8980 --- [be-for-fe] [https-jsse-nio-8181-exec-4] o.s.security.web.FilterChainProxy        : Secured GET /images/books/8936213491866.jpg
2026-01-04T10:57:42.672+07:00 DEBUG 8980 --- [be-for-fe] [https-jsse-nio-8181-exec-1] o.s.security.web.FilterChainProxy        : Secured GET /images/books/image_217968.jpg
2026-01-04T10:57:42.861+07:00 DEBUG 8980 --- [be-for-fe] [https-jsse-nio-8181-exec-5] w.c.HttpSessionSecurityContextRepository : Retrieved SecurityContextImpl [Authentication=OAuth2AuthenticationToken [Principal=Name: [nguyenvietanh2k3@gmail.com], Granted Authorities: [[OIDC_USER, SCOPE_openid, SCOPE_profile]], User Attributes: [{sub=nguyenvietanh2k3@gmail.com, aud=[bff], azp=bff, auth_time=2026-01-04T03:57:36Z, iss=https://auth.bookommerce.com:8282, exp=2026-01-04T04:27:37Z, iat=2026-01-04T03:57:37Z, nonce=tjwFMn8nYC4gVfz7I3G8Cb4nhYc3p-VG3niFVEKmj8g, jti=3245fd45-a682-40e2-b19f-085ef7c3cc64, authorities=[ROLE_CUSTOMER], sid=KzQs2hCcGJjtfFLRPd6yCyzvlUkR2tmuTKa0jqOZheg}], Credentials=[PROTECTED], Authenticated=true, Details=WebAuthenticationDetails [RemoteIpAddress=127.0.0.1, SessionId=a4d35f72-7dbb-452d-a7eb-e35c6707037c], Granted Authorities=[ROLE_CUSTOMER]]]
2026-01-04T10:57:42.865+07:00 DEBUG 8980 --- [be-for-fe] [https-jsse-nio-8181-exec-10] w.c.HttpSessionSecurityContextRepository : Retrieved SecurityContextImpl [Authentication=OAuth2AuthenticationToken [Principal=Name: [nguyenvietanh2k3@gmail.com], Granted Authorities: [[OIDC_USER, SCOPE_openid, SCOPE_profile]], User Attributes: [{sub=nguyenvietanh2k3@gmail.com, aud=[bff], azp=bff, auth_time=2026-01-04T03:57:36Z, iss=https://auth.bookommerce.com:8282, exp=2026-01-04T04:27:37Z, iat=2026-01-04T03:57:37Z, nonce=tjwFMn8nYC4gVfz7I3G8Cb4nhYc3p-VG3niFVEKmj8g, jti=3245fd45-a682-40e2-b19f-085ef7c3cc64, authorities=[ROLE_CUSTOMER], sid=KzQs2hCcGJjtfFLRPd6yCyzvlUkR2tmuTKa0jqOZheg}], Credentials=[PROTECTED], Authenticated=true, Details=WebAuthenticationDetails [RemoteIpAddress=127.0.0.1, SessionId=a4d35f72-7dbb-452d-a7eb-e35c6707037c], Granted Authorities=[ROLE_CUSTOMER]]]
2026-01-04T10:57:42.942+07:00 DEBUG 8980 --- [be-for-fe] [https-jsse-nio-8181-exec-3] o.s.security.web.FilterChainProxy        : Securing GET /images/books/z6667802993996_444d1025739493a61e7c63ddfc8997fc.jpg
2026-01-04T10:57:42.949+07:00 DEBUG 8980 --- [be-for-fe] [https-jsse-nio-8181-exec-2] o.s.security.web.FilterChainProxy        : Securing GET /images/books/z6667803014073_b09f06964c4371f4fd5d5a532a319742.jpg
2026-01-04T10:57:42.962+07:00 DEBUG 8980 --- [be-for-fe] [https-jsse-nio-8181-exec-3] o.s.security.web.FilterChainProxy        : Secured GET /images/books/z6667802993996_444d1025739493a61e7c63ddfc8997fc.jpg
2026-01-04T10:57:42.978+07:00 DEBUG 8980 --- [be-for-fe] [https-jsse-nio-8181-exec-2] o.s.security.web.FilterChainProxy        : Secured GET /images/books/z6667803014073_b09f06964c4371f4fd5d5a532a319742.jpg
2026-01-04T10:57:42.972+07:00 DEBUG 8980 --- [be-for-fe] [https-jsse-nio-8181-exec-9] w.c.HttpSessionSecurityContextRepository : Retrieved SecurityContextImpl [Authentication=OAuth2AuthenticationToken [Principal=Name: [nguyenvietanh2k3@gmail.com], Granted Authorities: [[OIDC_USER, SCOPE_openid, SCOPE_profile]], User Attributes: [{sub=nguyenvietanh2k3@gmail.com, aud=[bff], azp=bff, auth_time=2026-01-04T03:57:36Z, iss=https://auth.bookommerce.com:8282, exp=2026-01-04T04:27:37Z, iat=2026-01-04T03:57:37Z, nonce=tjwFMn8nYC4gVfz7I3G8Cb4nhYc3p-VG3niFVEKmj8g, jti=3245fd45-a682-40e2-b19f-085ef7c3cc64, authorities=[ROLE_CUSTOMER], sid=KzQs2hCcGJjtfFLRPd6yCyzvlUkR2tmuTKa0jqOZheg}], Credentials=[PROTECTED], Authenticated=true, Details=WebAuthenticationDetails [RemoteIpAddress=127.0.0.1, SessionId=a4d35f72-7dbb-452d-a7eb-e35c6707037c], Granted Authorities=[ROLE_CUSTOMER]]]
2026-01-04T10:57:43.077+07:00 DEBUG 8980 --- [be-for-fe] [https-jsse-nio-8181-exec-9] o.s.security.web.FilterChainProxy        : Securing GET /images/books/f3767a63-a769-4dc6-a0ad-5faf57cfeda2.jpg
2026-01-04T10:57:43.129+07:00 DEBUG 8980 --- [be-for-fe] [https-jsse-nio-8181-exec-9] o.s.security.web.FilterChainProxy        : Secured GET /images/books/f3767a63-a769-4dc6-a0ad-5faf57cfeda2.jpg
2026-01-04T10:57:43.366+07:00 DEBUG 8980 --- [be-for-fe] [https-jsse-nio-8181-exec-1] w.c.HttpSessionSecurityContextRepository : Retrieved SecurityContextImpl [Authentication=OAuth2AuthenticationToken [Principal=Name: [nguyenvietanh2k3@gmail.com], Granted Authorities: [[OIDC_USER, SCOPE_openid, SCOPE_profile]], User Attributes: [{sub=nguyenvietanh2k3@gmail.com, aud=[bff], azp=bff, auth_time=2026-01-04T03:57:36Z, iss=https://auth.bookommerce.com:8282, exp=2026-01-04T04:27:37Z, iat=2026-01-04T03:57:37Z, nonce=tjwFMn8nYC4gVfz7I3G8Cb4nhYc3p-VG3niFVEKmj8g, jti=3245fd45-a682-40e2-b19f-085ef7c3cc64, authorities=[ROLE_CUSTOMER], sid=KzQs2hCcGJjtfFLRPd6yCyzvlUkR2tmuTKa0jqOZheg}], Credentials=[PROTECTED], Authenticated=true, Details=WebAuthenticationDetails [RemoteIpAddress=127.0.0.1, SessionId=a4d35f72-7dbb-452d-a7eb-e35c6707037c], Granted Authorities=[ROLE_CUSTOMER]]]
2026-01-04T10:57:43.370+07:00 DEBUG 8980 --- [be-for-fe] [https-jsse-nio-8181-exec-8] w.c.HttpSessionSecurityContextRepository : Retrieved SecurityContextImpl [Authentication=OAuth2AuthenticationToken [Principal=Name: [nguyenvietanh2k3@gmail.com], Granted Authorities: [[OIDC_USER, SCOPE_openid, SCOPE_profile]], User Attributes: [{sub=nguyenvietanh2k3@gmail.com, aud=[bff], azp=bff, auth_time=2026-01-04T03:57:36Z, iss=https://auth.bookommerce.com:8282, exp=2026-01-04T04:27:37Z, iat=2026-01-04T03:57:37Z, nonce=tjwFMn8nYC4gVfz7I3G8Cb4nhYc3p-VG3niFVEKmj8g, jti=3245fd45-a682-40e2-b19f-085ef7c3cc64, authorities=[ROLE_CUSTOMER], sid=KzQs2hCcGJjtfFLRPd6yCyzvlUkR2tmuTKa0jqOZheg}], Credentials=[PROTECTED], Authenticated=true, Details=WebAuthenticationDetails [RemoteIpAddress=127.0.0.1, SessionId=a4d35f72-7dbb-452d-a7eb-e35c6707037c], Granted Authorities=[ROLE_CUSTOMER]]]
2026-01-04T10:57:43.459+07:00 DEBUG 8980 --- [be-for-fe] [https-jsse-nio-8181-exec-4] w.c.HttpSessionSecurityContextRepository : Retrieved SecurityContextImpl [Authentication=OAuth2AuthenticationToken [Principal=Name: [nguyenvietanh2k3@gmail.com], Granted Authorities: [[OIDC_USER, SCOPE_openid, SCOPE_profile]], User Attributes: [{sub=nguyenvietanh2k3@gmail.com, aud=[bff], azp=bff, auth_time=2026-01-04T03:57:36Z, iss=https://auth.bookommerce.com:8282, exp=2026-01-04T04:27:37Z, iat=2026-01-04T03:57:37Z, nonce=tjwFMn8nYC4gVfz7I3G8Cb4nhYc3p-VG3niFVEKmj8g, jti=3245fd45-a682-40e2-b19f-085ef7c3cc64, authorities=[ROLE_CUSTOMER], sid=KzQs2hCcGJjtfFLRPd6yCyzvlUkR2tmuTKa0jqOZheg}], Credentials=[PROTECTED], Authenticated=true, Details=WebAuthenticationDetails [RemoteIpAddress=127.0.0.1, SessionId=a4d35f72-7dbb-452d-a7eb-e35c6707037c], Granted Authorities=[ROLE_CUSTOMER]]]
2026-01-04T10:57:43.549+07:00 DEBUG 8980 --- [be-for-fe] [https-jsse-nio-8181-exec-2] w.c.HttpSessionSecurityContextRepository : Retrieved SecurityContextImpl [Authentication=OAuth2AuthenticationToken [Principal=Name: [nguyenvietanh2k3@gmail.com], Granted Authorities: [[OIDC_USER, SCOPE_openid, SCOPE_profile]], User Attributes: [{sub=nguyenvietanh2k3@gmail.com, aud=[bff], azp=bff, auth_time=2026-01-04T03:57:36Z, iss=https://auth.bookommerce.com:8282, exp=2026-01-04T04:27:37Z, iat=2026-01-04T03:57:37Z, nonce=tjwFMn8nYC4gVfz7I3G8Cb4nhYc3p-VG3niFVEKmj8g, jti=3245fd45-a682-40e2-b19f-085ef7c3cc64, authorities=[ROLE_CUSTOMER], sid=KzQs2hCcGJjtfFLRPd6yCyzvlUkR2tmuTKa0jqOZheg}], Credentials=[PROTECTED], Authenticated=true, Details=WebAuthenticationDetails [RemoteIpAddress=127.0.0.1, SessionId=a4d35f72-7dbb-452d-a7eb-e35c6707037c], Granted Authorities=[ROLE_CUSTOMER]]]
2026-01-04T10:57:43.591+07:00 DEBUG 8980 --- [be-for-fe] [https-jsse-nio-8181-exec-3] w.c.HttpSessionSecurityContextRepository : Retrieved SecurityContextImpl [Authentication=OAuth2AuthenticationToken [Principal=Name: [nguyenvietanh2k3@gmail.com], Granted Authorities: [[OIDC_USER, SCOPE_openid, SCOPE_profile]], User Attributes: [{sub=nguyenvietanh2k3@gmail.com, aud=[bff], azp=bff, auth_time=2026-01-04T03:57:36Z, iss=https://auth.bookommerce.com:8282, exp=2026-01-04T04:27:37Z, iat=2026-01-04T03:57:37Z, nonce=tjwFMn8nYC4gVfz7I3G8Cb4nhYc3p-VG3niFVEKmj8g, jti=3245fd45-a682-40e2-b19f-085ef7c3cc64, authorities=[ROLE_CUSTOMER], sid=KzQs2hCcGJjtfFLRPd6yCyzvlUkR2tmuTKa0jqOZheg}], Credentials=[PROTECTED], Authenticated=true, Details=WebAuthenticationDetails [RemoteIpAddress=127.0.0.1, SessionId=a4d35f72-7dbb-452d-a7eb-e35c6707037c], Granted Authorities=[ROLE_CUSTOMER]]]
2026-01-04T10:57:43.690+07:00 DEBUG 8980 --- [be-for-fe] [https-jsse-nio-8181-exec-9] w.c.HttpSessionSecurityContextRepository : Retrieved SecurityContextImpl [Authentication=OAuth2AuthenticationToken [Principal=Name: [nguyenvietanh2k3@gmail.com], Granted Authorities: [[OIDC_USER, SCOPE_openid, SCOPE_profile]], User Attributes: [{sub=nguyenvietanh2k3@gmail.com, aud=[bff], azp=bff, auth_time=2026-01-04T03:57:36Z, iss=https://auth.bookommerce.com:8282, exp=2026-01-04T04:27:37Z, iat=2026-01-04T03:57:37Z, nonce=tjwFMn8nYC4gVfz7I3G8Cb4nhYc3p-VG3niFVEKmj8g, jti=3245fd45-a682-40e2-b19f-085ef7c3cc64, authorities=[ROLE_CUSTOMER], sid=KzQs2hCcGJjtfFLRPd6yCyzvlUkR2tmuTKa0jqOZheg}], Credentials=[PROTECTED], Authenticated=true, Details=WebAuthenticationDetails [RemoteIpAddress=127.0.0.1, SessionId=a4d35f72-7dbb-452d-a7eb-e35c6707037c], Granted Authorities=[ROLE_CUSTOMER]]]
2026-01-04T10:57:56.472+07:00 DEBUG 8980 --- [be-for-fe] [https-jsse-nio-8181-exec-6] o.s.security.web.FilterChainProxy        : Securing GET /api/books?page=0&size=10&sort=TITLE&order=ASC
2026-01-04T10:57:56.480+07:00 DEBUG 8980 --- [be-for-fe] [https-jsse-nio-8181-exec-4] o.s.security.web.FilterChainProxy        : Securing GET /api/genres
2026-01-04T10:57:56.486+07:00 DEBUG 8980 --- [be-for-fe] [https-jsse-nio-8181-exec-4] o.s.security.web.FilterChainProxy        : Secured GET /api/genres
2026-01-04T10:57:56.483+07:00 DEBUG 8980 --- [be-for-fe] [https-jsse-nio-8181-exec-6] o.s.security.web.FilterChainProxy        : Secured GET /api/books?page=0&size=10&sort=TITLE&order=ASC
2026-01-04T10:57:56.749+07:00 DEBUG 8980 --- [be-for-fe] [https-jsse-nio-8181-exec-4] w.c.HttpSessionSecurityContextRepository : Retrieved SecurityContextImpl [Authentication=OAuth2AuthenticationToken [Principal=Name: [nguyenvietanh2k3@gmail.com], Granted Authorities: [[OIDC_USER, SCOPE_openid, SCOPE_profile]], User Attributes: [{sub=nguyenvietanh2k3@gmail.com, aud=[bff], azp=bff, auth_time=2026-01-04T03:57:36Z, iss=https://auth.bookommerce.com:8282, exp=2026-01-04T04:27:37Z, iat=2026-01-04T03:57:37Z, nonce=tjwFMn8nYC4gVfz7I3G8Cb4nhYc3p-VG3niFVEKmj8g, jti=3245fd45-a682-40e2-b19f-085ef7c3cc64, authorities=[ROLE_CUSTOMER], sid=KzQs2hCcGJjtfFLRPd6yCyzvlUkR2tmuTKa0jqOZheg}], Credentials=[PROTECTED], Authenticated=true, Details=WebAuthenticationDetails [RemoteIpAddress=127.0.0.1, SessionId=a4d35f72-7dbb-452d-a7eb-e35c6707037c], Granted Authorities=[ROLE_CUSTOMER]]]
2026-01-04T10:57:56.751+07:00 DEBUG 8980 --- [be-for-fe] [https-jsse-nio-8181-exec-6] w.c.HttpSessionSecurityContextRepository : Retrieved SecurityContextImpl [Authentication=OAuth2AuthenticationToken [Principal=Name: [nguyenvietanh2k3@gmail.com], Granted Authorities: [[OIDC_USER, SCOPE_openid, SCOPE_profile]], User Attributes: [{sub=nguyenvietanh2k3@gmail.com, aud=[bff], azp=bff, auth_time=2026-01-04T03:57:36Z, iss=https://auth.bookommerce.com:8282, exp=2026-01-04T04:27:37Z, iat=2026-01-04T03:57:37Z, nonce=tjwFMn8nYC4gVfz7I3G8Cb4nhYc3p-VG3niFVEKmj8g, jti=3245fd45-a682-40e2-b19f-085ef7c3cc64, authorities=[ROLE_CUSTOMER], sid=KzQs2hCcGJjtfFLRPd6yCyzvlUkR2tmuTKa0jqOZheg}], Credentials=[PROTECTED], Authenticated=true, Details=WebAuthenticationDetails [RemoteIpAddress=127.0.0.1, SessionId=a4d35f72-7dbb-452d-a7eb-e35c6707037c], Granted Authorities=[ROLE_CUSTOMER]]]
2026-01-04T10:57:56.846+07:00 DEBUG 8980 --- [be-for-fe] [https-jsse-nio-8181-exec-8] o.s.security.web.FilterChainProxy        : Securing GET /images/books/4658760b-7502-4022-b337-9926fee60006.jpg
2026-01-04T10:57:56.846+07:00 DEBUG 8980 --- [be-for-fe] [https-jsse-nio-8181-exec-8] o.s.security.web.FilterChainProxy        : Secured GET /images/books/4658760b-7502-4022-b337-9926fee60006.jpg
2026-01-04T10:57:56.879+07:00 DEBUG 8980 --- [be-for-fe] [https-jsse-nio-8181-exec-3] o.s.security.web.FilterChainProxy        : Securing GET /images/books/8936213491361.jpg
2026-01-04T10:57:56.898+07:00 DEBUG 8980 --- [be-for-fe] [https-jsse-nio-8181-exec-3] o.s.security.web.FilterChainProxy        : Secured GET /images/books/8936213491361.jpg
2026-01-04T10:57:56.945+07:00 DEBUG 8980 --- [be-for-fe] [https-jsse-nio-8181-exec-8] w.c.HttpSessionSecurityContextRepository : Retrieved SecurityContextImpl [Authentication=OAuth2AuthenticationToken [Principal=Name: [nguyenvietanh2k3@gmail.com], Granted Authorities: [[OIDC_USER, SCOPE_openid, SCOPE_profile]], User Attributes: [{sub=nguyenvietanh2k3@gmail.com, aud=[bff], azp=bff, auth_time=2026-01-04T03:57:36Z, iss=https://auth.bookommerce.com:8282, exp=2026-01-04T04:27:37Z, iat=2026-01-04T03:57:37Z, nonce=tjwFMn8nYC4gVfz7I3G8Cb4nhYc3p-VG3niFVEKmj8g, jti=3245fd45-a682-40e2-b19f-085ef7c3cc64, authorities=[ROLE_CUSTOMER], sid=KzQs2hCcGJjtfFLRPd6yCyzvlUkR2tmuTKa0jqOZheg}], Credentials=[PROTECTED], Authenticated=true, Details=WebAuthenticationDetails [RemoteIpAddress=127.0.0.1, SessionId=a4d35f72-7dbb-452d-a7eb-e35c6707037c], Granted Authorities=[ROLE_CUSTOMER]]]
2026-01-04T10:57:56.967+07:00 DEBUG 8980 --- [be-for-fe] [https-jsse-nio-8181-exec-8] o.s.security.web.FilterChainProxy        : Securing GET /images/books/8935212349208.jpg
2026-01-04T10:57:56.971+07:00 DEBUG 8980 --- [be-for-fe] [https-jsse-nio-8181-exec-5] o.s.security.web.FilterChainProxy        : Securing GET /images/books/8935212368209.jpg
2026-01-04T10:57:56.981+07:00 DEBUG 8980 --- [be-for-fe] [https-jsse-nio-8181-exec-8] o.s.security.web.FilterChainProxy        : Secured GET /images/books/8935212349208.jpg
2026-01-04T10:57:56.999+07:00 DEBUG 8980 --- [be-for-fe] [https-jsse-nio-8181-exec-5] o.s.security.web.FilterChainProxy        : Secured GET /images/books/8935212368209.jpg
2026-01-04T10:57:57.025+07:00 DEBUG 8980 --- [be-for-fe] [https-jsse-nio-8181-exec-2] o.s.security.web.FilterChainProxy        : Securing GET /images/books/image_195509_1_30127_1.jpg
2026-01-04T10:57:57.030+07:00 DEBUG 8980 --- [be-for-fe] [https-jsse-nio-8181-exec-3] w.c.HttpSessionSecurityContextRepository : Retrieved SecurityContextImpl [Authentication=OAuth2AuthenticationToken [Principal=Name: [nguyenvietanh2k3@gmail.com], Granted Authorities: [[OIDC_USER, SCOPE_openid, SCOPE_profile]], User Attributes: [{sub=nguyenvietanh2k3@gmail.com, aud=[bff], azp=bff, auth_time=2026-01-04T03:57:36Z, iss=https://auth.bookommerce.com:8282, exp=2026-01-04T04:27:37Z, iat=2026-01-04T03:57:37Z, nonce=tjwFMn8nYC4gVfz7I3G8Cb4nhYc3p-VG3niFVEKmj8g, jti=3245fd45-a682-40e2-b19f-085ef7c3cc64, authorities=[ROLE_CUSTOMER], sid=KzQs2hCcGJjtfFLRPd6yCyzvlUkR2tmuTKa0jqOZheg}], Credentials=[PROTECTED], Authenticated=true, Details=WebAuthenticationDetails [RemoteIpAddress=127.0.0.1, SessionId=a4d35f72-7dbb-452d-a7eb-e35c6707037c], Granted Authorities=[ROLE_CUSTOMER]]]
2026-01-04T10:57:57.032+07:00 DEBUG 8980 --- [be-for-fe] [https-jsse-nio-8181-exec-2] o.s.security.web.FilterChainProxy        : Secured GET /images/books/image_195509_1_30127_1.jpg
2026-01-04T10:57:57.051+07:00 DEBUG 8980 --- [be-for-fe] [https-jsse-nio-8181-exec-3] o.s.security.web.FilterChainProxy        : Securing GET /images/books/8936213491866.jpg
2026-01-04T10:57:57.052+07:00 DEBUG 8980 --- [be-for-fe] [https-jsse-nio-8181-exec-7] o.s.security.web.FilterChainProxy        : Securing GET /images/books/image_217968.jpg
2026-01-04T10:57:57.066+07:00 DEBUG 8980 --- [be-for-fe] [https-jsse-nio-8181-exec-3] o.s.security.web.FilterChainProxy        : Secured GET /images/books/8936213491866.jpg
2026-01-04T10:57:57.072+07:00 DEBUG 8980 --- [be-for-fe] [https-jsse-nio-8181-exec-7] o.s.security.web.FilterChainProxy        : Secured GET /images/books/image_217968.jpg
2026-01-04T10:57:57.114+07:00 DEBUG 8980 --- [be-for-fe] [https-jsse-nio-8181-exec-8] w.c.HttpSessionSecurityContextRepository : Retrieved SecurityContextImpl [Authentication=OAuth2AuthenticationToken [Principal=Name: [nguyenvietanh2k3@gmail.com], Granted Authorities: [[OIDC_USER, SCOPE_openid, SCOPE_profile]], User Attributes: [{sub=nguyenvietanh2k3@gmail.com, aud=[bff], azp=bff, auth_time=2026-01-04T03:57:36Z, iss=https://auth.bookommerce.com:8282, exp=2026-01-04T04:27:37Z, iat=2026-01-04T03:57:37Z, nonce=tjwFMn8nYC4gVfz7I3G8Cb4nhYc3p-VG3niFVEKmj8g, jti=3245fd45-a682-40e2-b19f-085ef7c3cc64, authorities=[ROLE_CUSTOMER], sid=KzQs2hCcGJjtfFLRPd6yCyzvlUkR2tmuTKa0jqOZheg}], Credentials=[PROTECTED], Authenticated=true, Details=WebAuthenticationDetails [RemoteIpAddress=127.0.0.1, SessionId=a4d35f72-7dbb-452d-a7eb-e35c6707037c], Granted Authorities=[ROLE_CUSTOMER]]]
2026-01-04T10:57:57.118+07:00 DEBUG 8980 --- [be-for-fe] [https-jsse-nio-8181-exec-9] o.s.security.web.FilterChainProxy        : Securing GET /images/books/z6667802993996_444d1025739493a61e7c63ddfc8997fc.jpg
2026-01-04T10:57:57.124+07:00 DEBUG 8980 --- [be-for-fe] [https-jsse-nio-8181-exec-5] w.c.HttpSessionSecurityContextRepository : Retrieved SecurityContextImpl [Authentication=OAuth2AuthenticationToken [Principal=Name: [nguyenvietanh2k3@gmail.com], Granted Authorities: [[OIDC_USER, SCOPE_openid, SCOPE_profile]], User Attributes: [{sub=nguyenvietanh2k3@gmail.com, aud=[bff], azp=bff, auth_time=2026-01-04T03:57:36Z, iss=https://auth.bookommerce.com:8282, exp=2026-01-04T04:27:37Z, iat=2026-01-04T03:57:37Z, nonce=tjwFMn8nYC4gVfz7I3G8Cb4nhYc3p-VG3niFVEKmj8g, jti=3245fd45-a682-40e2-b19f-085ef7c3cc64, authorities=[ROLE_CUSTOMER], sid=KzQs2hCcGJjtfFLRPd6yCyzvlUkR2tmuTKa0jqOZheg}], Credentials=[PROTECTED], Authenticated=true, Details=WebAuthenticationDetails [RemoteIpAddress=127.0.0.1, SessionId=a4d35f72-7dbb-452d-a7eb-e35c6707037c], Granted Authorities=[ROLE_CUSTOMER]]]
2026-01-04T10:57:57.129+07:00 DEBUG 8980 --- [be-for-fe] [https-jsse-nio-8181-exec-8] o.s.security.web.FilterChainProxy        : Securing GET /images/books/z6667803014073_b09f06964c4371f4fd5d5a532a319742.jpg
2026-01-04T10:57:57.135+07:00 DEBUG 8980 --- [be-for-fe] [https-jsse-nio-8181-exec-8] o.s.security.web.FilterChainProxy        : Secured GET /images/books/z6667803014073_b09f06964c4371f4fd5d5a532a319742.jpg
2026-01-04T10:57:57.149+07:00 DEBUG 8980 --- [be-for-fe] [https-jsse-nio-8181-exec-9] o.s.security.web.FilterChainProxy        : Secured GET /images/books/z6667802993996_444d1025739493a61e7c63ddfc8997fc.jpg
2026-01-04T10:57:57.160+07:00 DEBUG 8980 --- [be-for-fe] [https-jsse-nio-8181-exec-5] o.s.security.web.FilterChainProxy        : Securing GET /images/books/f3767a63-a769-4dc6-a0ad-5faf57cfeda2.jpg
2026-01-04T10:57:57.186+07:00 DEBUG 8980 --- [be-for-fe] [https-jsse-nio-8181-exec-7] w.c.HttpSessionSecurityContextRepository : Retrieved SecurityContextImpl [Authentication=OAuth2AuthenticationToken [Principal=Name: [nguyenvietanh2k3@gmail.com], Granted Authorities: [[OIDC_USER, SCOPE_openid, SCOPE_profile]], User Attributes: [{sub=nguyenvietanh2k3@gmail.com, aud=[bff], azp=bff, auth_time=2026-01-04T03:57:36Z, iss=https://auth.bookommerce.com:8282, exp=2026-01-04T04:27:37Z, iat=2026-01-04T03:57:37Z, nonce=tjwFMn8nYC4gVfz7I3G8Cb4nhYc3p-VG3niFVEKmj8g, jti=3245fd45-a682-40e2-b19f-085ef7c3cc64, authorities=[ROLE_CUSTOMER], sid=KzQs2hCcGJjtfFLRPd6yCyzvlUkR2tmuTKa0jqOZheg}], Credentials=[PROTECTED], Authenticated=true, Details=WebAuthenticationDetails [RemoteIpAddress=127.0.0.1, SessionId=a4d35f72-7dbb-452d-a7eb-e35c6707037c], Granted Authorities=[ROLE_CUSTOMER]]]
2026-01-04T10:57:57.187+07:00 DEBUG 8980 --- [be-for-fe] [https-jsse-nio-8181-exec-5] o.s.security.web.FilterChainProxy        : Secured GET /images/books/f3767a63-a769-4dc6-a0ad-5faf57cfeda2.jpg
2026-01-04T10:57:57.189+07:00 DEBUG 8980 --- [be-for-fe] [https-jsse-nio-8181-exec-2] w.c.HttpSessionSecurityContextRepository : Retrieved SecurityContextImpl [Authentication=OAuth2AuthenticationToken [Principal=Name: [nguyenvietanh2k3@gmail.com], Granted Authorities: [[OIDC_USER, SCOPE_openid, SCOPE_profile]], User Attributes: [{sub=nguyenvietanh2k3@gmail.com, aud=[bff], azp=bff, auth_time=2026-01-04T03:57:36Z, iss=https://auth.bookommerce.com:8282, exp=2026-01-04T04:27:37Z, iat=2026-01-04T03:57:37Z, nonce=tjwFMn8nYC4gVfz7I3G8Cb4nhYc3p-VG3niFVEKmj8g, jti=3245fd45-a682-40e2-b19f-085ef7c3cc64, authorities=[ROLE_CUSTOMER], sid=KzQs2hCcGJjtfFLRPd6yCyzvlUkR2tmuTKa0jqOZheg}], Credentials=[PROTECTED], Authenticated=true, Details=WebAuthenticationDetails [RemoteIpAddress=127.0.0.1, SessionId=a4d35f72-7dbb-452d-a7eb-e35c6707037c], Granted Authorities=[ROLE_CUSTOMER]]]
2026-01-04T10:57:57.229+07:00 DEBUG 8980 --- [be-for-fe] [https-jsse-nio-8181-exec-3] w.c.HttpSessionSecurityContextRepository : Retrieved SecurityContextImpl [Authentication=OAuth2AuthenticationToken [Principal=Name: [nguyenvietanh2k3@gmail.com], Granted Authorities: [[OIDC_USER, SCOPE_openid, SCOPE_profile]], User Attributes: [{sub=nguyenvietanh2k3@gmail.com, aud=[bff], azp=bff, auth_time=2026-01-04T03:57:36Z, iss=https://auth.bookommerce.com:8282, exp=2026-01-04T04:27:37Z, iat=2026-01-04T03:57:37Z, nonce=tjwFMn8nYC4gVfz7I3G8Cb4nhYc3p-VG3niFVEKmj8g, jti=3245fd45-a682-40e2-b19f-085ef7c3cc64, authorities=[ROLE_CUSTOMER], sid=KzQs2hCcGJjtfFLRPd6yCyzvlUkR2tmuTKa0jqOZheg}], Credentials=[PROTECTED], Authenticated=true, Details=WebAuthenticationDetails [RemoteIpAddress=127.0.0.1, SessionId=a4d35f72-7dbb-452d-a7eb-e35c6707037c], Granted Authorities=[ROLE_CUSTOMER]]]
2026-01-04T10:57:57.260+07:00 DEBUG 8980 --- [be-for-fe] [https-jsse-nio-8181-exec-8] w.c.HttpSessionSecurityContextRepository : Retrieved SecurityContextImpl [Authentication=OAuth2AuthenticationToken [Principal=Name: [nguyenvietanh2k3@gmail.com], Granted Authorities: [[OIDC_USER, SCOPE_openid, SCOPE_profile]], User Attributes: [{sub=nguyenvietanh2k3@gmail.com, aud=[bff], azp=bff, auth_time=2026-01-04T03:57:36Z, iss=https://auth.bookommerce.com:8282, exp=2026-01-04T04:27:37Z, iat=2026-01-04T03:57:37Z, nonce=tjwFMn8nYC4gVfz7I3G8Cb4nhYc3p-VG3niFVEKmj8g, jti=3245fd45-a682-40e2-b19f-085ef7c3cc64, authorities=[ROLE_CUSTOMER], sid=KzQs2hCcGJjtfFLRPd6yCyzvlUkR2tmuTKa0jqOZheg}], Credentials=[PROTECTED], Authenticated=true, Details=WebAuthenticationDetails [RemoteIpAddress=127.0.0.1, SessionId=a4d35f72-7dbb-452d-a7eb-e35c6707037c], Granted Authorities=[ROLE_CUSTOMER]]]
2026-01-04T10:57:57.283+07:00 DEBUG 8980 --- [be-for-fe] [https-jsse-nio-8181-exec-9] w.c.HttpSessionSecurityContextRepository : Retrieved SecurityContextImpl [Authentication=OAuth2AuthenticationToken [Principal=Name: [nguyenvietanh2k3@gmail.com], Granted Authorities: [[OIDC_USER, SCOPE_openid, SCOPE_profile]], User Attributes: [{sub=nguyenvietanh2k3@gmail.com, aud=[bff], azp=bff, auth_time=2026-01-04T03:57:36Z, iss=https://auth.bookommerce.com:8282, exp=2026-01-04T04:27:37Z, iat=2026-01-04T03:57:37Z, nonce=tjwFMn8nYC4gVfz7I3G8Cb4nhYc3p-VG3niFVEKmj8g, jti=3245fd45-a682-40e2-b19f-085ef7c3cc64, authorities=[ROLE_CUSTOMER], sid=KzQs2hCcGJjtfFLRPd6yCyzvlUkR2tmuTKa0jqOZheg}], Credentials=[PROTECTED], Authenticated=true, Details=WebAuthenticationDetails [RemoteIpAddress=127.0.0.1, SessionId=a4d35f72-7dbb-452d-a7eb-e35c6707037c], Granted Authorities=[ROLE_CUSTOMER]]]
2026-01-04T10:57:57.289+07:00 DEBUG 8980 --- [be-for-fe] [https-jsse-nio-8181-exec-5] w.c.HttpSessionSecurityContextRepository : Retrieved SecurityContextImpl [Authentication=OAuth2AuthenticationToken [Principal=Name: [nguyenvietanh2k3@gmail.com], Granted Authorities: [[OIDC_USER, SCOPE_openid, SCOPE_profile]], User Attributes: [{sub=nguyenvietanh2k3@gmail.com, aud=[bff], azp=bff, auth_time=2026-01-04T03:57:36Z, iss=https://auth.bookommerce.com:8282, exp=2026-01-04T04:27:37Z, iat=2026-01-04T03:57:37Z, nonce=tjwFMn8nYC4gVfz7I3G8Cb4nhYc3p-VG3niFVEKmj8g, jti=3245fd45-a682-40e2-b19f-085ef7c3cc64, authorities=[ROLE_CUSTOMER], sid=KzQs2hCcGJjtfFLRPd6yCyzvlUkR2tmuTKa0jqOZheg}], Credentials=[PROTECTED], Authenticated=true, Details=WebAuthenticationDetails [RemoteIpAddress=127.0.0.1, SessionId=a4d35f72-7dbb-452d-a7eb-e35c6707037c], Granted Authorities=[ROLE_CUSTOMER]]]
2026-01-04T10:58:01.801+07:00 DEBUG 8980 --- [be-for-fe] [https-jsse-nio-8181-exec-10] o.s.security.web.FilterChainProxy        : Securing GET /confirm-logout
2026-01-04T10:58:01.805+07:00 DEBUG 8980 --- [be-for-fe] [https-jsse-nio-8181-exec-10] o.s.security.web.FilterChainProxy        : Secured GET /confirm-logout
2026-01-04T10:58:03.140+07:00 DEBUG 8980 --- [be-for-fe] [https-jsse-nio-8181-exec-10] w.c.HttpSessionSecurityContextRepository : Retrieved SecurityContextImpl [Authentication=OAuth2AuthenticationToken [Principal=Name: [nguyenvietanh2k3@gmail.com], Granted Authorities: [[OIDC_USER, SCOPE_openid, SCOPE_profile]], User Attributes: [{sub=nguyenvietanh2k3@gmail.com, aud=[bff], azp=bff, auth_time=2026-01-04T03:57:36Z, iss=https://auth.bookommerce.com:8282, exp=2026-01-04T04:27:37Z, iat=2026-01-04T03:57:37Z, nonce=tjwFMn8nYC4gVfz7I3G8Cb4nhYc3p-VG3niFVEKmj8g, jti=3245fd45-a682-40e2-b19f-085ef7c3cc64, authorities=[ROLE_CUSTOMER], sid=KzQs2hCcGJjtfFLRPd6yCyzvlUkR2tmuTKa0jqOZheg}], Credentials=[PROTECTED], Authenticated=true, Details=WebAuthenticationDetails [RemoteIpAddress=127.0.0.1, SessionId=a4d35f72-7dbb-452d-a7eb-e35c6707037c], Granted Authorities=[ROLE_CUSTOMER]]]
2026-01-04T10:58:07.985+07:00 DEBUG 8980 --- [be-for-fe] [https-jsse-nio-8181-exec-8] o.s.security.web.FilterChainProxy        : Securing POST /logout
2026-01-04T10:58:08.010+07:00 DEBUG 8980 --- [be-for-fe] [https-jsse-nio-8181-exec-8] w.c.HttpSessionSecurityContextRepository : Retrieved SecurityContextImpl [Authentication=OAuth2AuthenticationToken [Principal=Name: [nguyenvietanh2k3@gmail.com], Granted Authorities: [[OIDC_USER, SCOPE_openid, SCOPE_profile]], User Attributes: [{sub=nguyenvietanh2k3@gmail.com, aud=[bff], azp=bff, auth_time=2026-01-04T03:57:36Z, iss=https://auth.bookommerce.com:8282, exp=2026-01-04T04:27:37Z, iat=2026-01-04T03:57:37Z, nonce=tjwFMn8nYC4gVfz7I3G8Cb4nhYc3p-VG3niFVEKmj8g, jti=3245fd45-a682-40e2-b19f-085ef7c3cc64, authorities=[ROLE_CUSTOMER], sid=KzQs2hCcGJjtfFLRPd6yCyzvlUkR2tmuTKa0jqOZheg}], Credentials=[PROTECTED], Authenticated=true, Details=WebAuthenticationDetails [RemoteIpAddress=127.0.0.1, SessionId=a4d35f72-7dbb-452d-a7eb-e35c6707037c], Granted Authorities=[ROLE_CUSTOMER]]]
2026-01-04T10:58:08.012+07:00 DEBUG 8980 --- [be-for-fe] [https-jsse-nio-8181-exec-8] o.s.s.w.a.logout.LogoutFilter            : Logging out [OAuth2AuthenticationToken [Principal=Name: [nguyenvietanh2k3@gmail.com], Granted Authorities: [[OIDC_USER, SCOPE_openid, SCOPE_profile]], User Attributes: [{sub=nguyenvietanh2k3@gmail.com, aud=[bff], azp=bff, auth_time=2026-01-04T03:57:36Z, iss=https://auth.bookommerce.com:8282, exp=2026-01-04T04:27:37Z, iat=2026-01-04T03:57:37Z, nonce=tjwFMn8nYC4gVfz7I3G8Cb4nhYc3p-VG3niFVEKmj8g, jti=3245fd45-a682-40e2-b19f-085ef7c3cc64, authorities=[ROLE_CUSTOMER], sid=KzQs2hCcGJjtfFLRPd6yCyzvlUkR2tmuTKa0jqOZheg}], Credentials=[PROTECTED], Authenticated=true, Details=WebAuthenticationDetails [RemoteIpAddress=127.0.0.1, SessionId=a4d35f72-7dbb-452d-a7eb-e35c6707037c], Granted Authorities=[ROLE_CUSTOMER]]]
2026-01-04T10:58:08.024+07:00 DEBUG 8980 --- [be-for-fe] [https-jsse-nio-8181-exec-8] o.s.s.w.a.l.SecurityContextLogoutHandler : Invalidated session 92fc0d9f-ad95-4ee1-a7e2-56956f02d6a2
2026-01-04T10:58:08.041+07:00 DEBUG 8980 --- [be-for-fe] [https-jsse-nio-8181-exec-8] o.s.s.web.DefaultRedirectStrategy        : Redirecting to https://auth.bookommerce.com:8282/connect/logout?id_token_hint=eyJraWQiOiJib29rb21tZXJjZS10b2tlbi1rZXkiLCJhbGciOiJSUzI1NiJ9.eyJzdWIiOiJuZ3V5ZW52aWV0YW5oMmszQGdtYWlsLmNvbSIsImF1ZCI6ImJmZiIsImF6cCI6ImJmZiIsImF1dGhfdGltZSI6MTc2NzQ5OTA1NiwiaXNzIjoiaHR0cHM6Ly9hdXRoLmJvb2tvbW1lcmNlLmNvbTo4MjgyIiwiZXhwIjoxNzY3NTAwODU3LCJpYXQiOjE3Njc0OTkwNTcsIm5vbmNlIjoidGp3Rk1uOG5ZQzRnVmZ6N0kzRzhDYjRuaFljM3AtVkczbmlGVkVLbWo4ZyIsImp0aSI6IjMyNDVmZDQ1LWE2ODItNDBlMi1iMTlmLTA4NWVmN2MzY2M2NCIsImF1dGhvcml0aWVzIjpbIlJPTEVfQ1VTVE9NRVIiXSwic2lkIjoiS3pRczJoQ2NHSmp0ZkZMUlBkNnlDeXp2bFVrUjJ0bXVUS2EwanFPWmhlZyJ9.SRM1IFmSzvx1fLTj_REmn-xh8ODCl0xdZe_bRQUAdOMEX_6VJiPmDSs_y8E9PEVOREA5G7hP8Gq-kWRiI2fr39kY9YbVhjkSxjEW_gGm5sWdUXVg14XaKSrfXC1wCCRNTusiVDoEGfUSy09ewxdLx0teOlbR34ZJ6ToBo5ccfzzsFAhiOdx0bg5PPavdMTNEynL6MiAS5MUmkFrDT63sG4S8IfRwLgEmU_tKXlnL-Tb3xn8YV0WPFFjfNl6nR6d9wzAz772QdntGpaRF6qzPSPb8vjDG7adwNrloB_lgnEphmf0H2lDGqg8caz8pXvR6DWFhm-3S0NCZZVvWttMt9w&post_logout_redirect_uri=https://app.bookommerce.com:8080
2026-01-04T10:58:09.866+07:00 DEBUG 8980 --- [be-for-fe] [https-jsse-nio-8181-exec-5] o.s.security.web.FilterChainProxy        : Securing GET /api/genres
2026-01-04T10:58:09.866+07:00 DEBUG 8980 --- [be-for-fe] [https-jsse-nio-8181-exec-9] o.s.security.web.FilterChainProxy        : Securing GET /api/books?page=0&size=10&sort=TITLE&order=ASC
2026-01-04T10:58:09.873+07:00 DEBUG 8980 --- [be-for-fe] [https-jsse-nio-8181-exec-5] o.s.security.web.FilterChainProxy        : Secured GET /api/genres
2026-01-04T10:58:09.873+07:00 DEBUG 8980 --- [be-for-fe] [https-jsse-nio-8181-exec-9] o.s.security.web.FilterChainProxy        : Secured GET /api/books?page=0&size=10&sort=TITLE&order=ASC
2026-01-04T10:58:09.940+07:00 DEBUG 8980 --- [be-for-fe] [https-jsse-nio-8181-exec-5] o.s.s.w.a.AnonymousAuthenticationFilter  : Set SecurityContextHolder to anonymous SecurityContext
2026-01-04T10:58:10.051+07:00 DEBUG 8980 --- [be-for-fe] [https-jsse-nio-8181-exec-9] o.s.s.w.a.AnonymousAuthenticationFilter  : Set SecurityContextHolder to anonymous SecurityContext
2026-01-04T10:58:10.453+07:00 DEBUG 8980 --- [be-for-fe] [https-jsse-nio-8181-exec-7] o.s.security.web.FilterChainProxy        : Securing GET /images/books/8936213491361.jpg
2026-01-04T10:58:10.455+07:00 DEBUG 8980 --- [be-for-fe] [https-jsse-nio-8181-exec-6] o.s.security.web.FilterChainProxy        : Securing GET /images/books/4658760b-7502-4022-b337-9926fee60006.jpg
2026-01-04T10:58:10.460+07:00 DEBUG 8980 --- [be-for-fe] [https-jsse-nio-8181-exec-7] o.s.security.web.FilterChainProxy        : Secured GET /images/books/8936213491361.jpg
2026-01-04T10:58:10.461+07:00 DEBUG 8980 --- [be-for-fe] [https-jsse-nio-8181-exec-6] o.s.security.web.FilterChainProxy        : Secured GET /images/books/4658760b-7502-4022-b337-9926fee60006.jpg
2026-01-04T10:58:10.475+07:00 DEBUG 8980 --- [be-for-fe] [https-jsse-nio-8181-exec-9] o.s.security.web.FilterChainProxy        : Securing GET /images/books/8935212349208.jpg
2026-01-04T10:58:10.481+07:00 DEBUG 8980 --- [be-for-fe] [https-jsse-nio-8181-exec-9] o.s.security.web.FilterChainProxy        : Secured GET /images/books/8935212349208.jpg
2026-01-04T10:58:10.495+07:00 DEBUG 8980 --- [be-for-fe] [https-jsse-nio-8181-exec-5] o.s.security.web.FilterChainProxy        : Securing GET /images/books/8935212368209.jpg
2026-01-04T10:58:10.522+07:00 DEBUG 8980 --- [be-for-fe] [https-jsse-nio-8181-exec-5] o.s.security.web.FilterChainProxy        : Secured GET /images/books/8935212368209.jpg
2026-01-04T10:58:10.607+07:00 DEBUG 8980 --- [be-for-fe] [https-jsse-nio-8181-exec-8] o.s.security.web.FilterChainProxy        : Securing GET /images/books/image_195509_1_30127_1.jpg
2026-01-04T10:58:10.662+07:00 DEBUG 8980 --- [be-for-fe] [https-jsse-nio-8181-exec-8] o.s.security.web.FilterChainProxy        : Secured GET /images/books/image_195509_1_30127_1.jpg
2026-01-04T10:58:10.740+07:00 DEBUG 8980 --- [be-for-fe] [https-jsse-nio-8181-exec-10] o.s.security.web.FilterChainProxy        : Securing GET /images/books/8936213491866.jpg
2026-01-04T10:58:10.877+07:00 DEBUG 8980 --- [be-for-fe] [https-jsse-nio-8181-exec-10] o.s.security.web.FilterChainProxy        : Secured GET /images/books/8936213491866.jpg
2026-01-04T10:58:10.912+07:00 DEBUG 8980 --- [be-for-fe] [https-jsse-nio-8181-exec-9] o.s.s.w.a.AnonymousAuthenticationFilter  : Set SecurityContextHolder to anonymous SecurityContext
2026-01-04T10:58:10.878+07:00 DEBUG 8980 --- [be-for-fe] [https-jsse-nio-8181-exec-7] o.s.s.w.a.AnonymousAuthenticationFilter  : Set SecurityContextHolder to anonymous SecurityContext
2026-01-04T10:58:11.057+07:00 DEBUG 8980 --- [be-for-fe] [https-jsse-nio-8181-exec-9] o.s.security.web.FilterChainProxy        : Securing GET /images/books/z6667803014073_b09f06964c4371f4fd5d5a532a319742.jpg
2026-01-04T10:58:11.090+07:00 DEBUG 8980 --- [be-for-fe] [https-jsse-nio-8181-exec-6] o.s.s.w.a.AnonymousAuthenticationFilter  : Set SecurityContextHolder to anonymous SecurityContext
2026-01-04T10:58:11.076+07:00 DEBUG 8980 --- [be-for-fe] [https-jsse-nio-8181-exec-9] o.s.security.web.FilterChainProxy        : Secured GET /images/books/z6667803014073_b09f06964c4371f4fd5d5a532a319742.jpg
2026-01-04T10:58:11.163+07:00 DEBUG 8980 --- [be-for-fe] [https-jsse-nio-8181-exec-7] o.s.security.web.FilterChainProxy        : Securing GET /images/books/image_217968.jpg
2026-01-04T10:58:11.166+07:00 DEBUG 8980 --- [be-for-fe] [https-jsse-nio-8181-exec-2] o.s.security.web.FilterChainProxy        : Securing GET /images/books/z6667802993996_444d1025739493a61e7c63ddfc8997fc.jpg
2026-01-04T10:58:11.168+07:00 DEBUG 8980 --- [be-for-fe] [https-jsse-nio-8181-exec-5] o.s.s.w.a.AnonymousAuthenticationFilter  : Set SecurityContextHolder to anonymous SecurityContext
2026-01-04T10:58:11.313+07:00 DEBUG 8980 --- [be-for-fe] [https-jsse-nio-8181-exec-2] o.s.security.web.FilterChainProxy        : Secured GET /images/books/z6667802993996_444d1025739493a61e7c63ddfc8997fc.jpg
2026-01-04T10:58:11.328+07:00 DEBUG 8980 --- [be-for-fe] [https-jsse-nio-8181-exec-5] o.s.security.web.FilterChainProxy        : Securing GET /images/books/f3767a63-a769-4dc6-a0ad-5faf57cfeda2.jpg
2026-01-04T10:58:11.338+07:00 DEBUG 8980 --- [be-for-fe] [https-jsse-nio-8181-exec-5] o.s.security.web.FilterChainProxy        : Secured GET /images/books/f3767a63-a769-4dc6-a0ad-5faf57cfeda2.jpg
2026-01-04T10:58:11.303+07:00 DEBUG 8980 --- [be-for-fe] [https-jsse-nio-8181-exec-7] o.s.security.web.FilterChainProxy        : Secured GET /images/books/image_217968.jpg
2026-01-04T10:58:11.504+07:00 DEBUG 8980 --- [be-for-fe] [https-jsse-nio-8181-exec-8] o.s.s.w.a.AnonymousAuthenticationFilter  : Set SecurityContextHolder to anonymous SecurityContext
2026-01-04T10:58:12.028+07:00 DEBUG 8980 --- [be-for-fe] [https-jsse-nio-8181-exec-9] o.s.s.w.a.AnonymousAuthenticationFilter  : Set SecurityContextHolder to anonymous SecurityContext
2026-01-04T10:58:12.030+07:00 DEBUG 8980 --- [be-for-fe] [https-jsse-nio-8181-exec-10] o.s.s.w.a.AnonymousAuthenticationFilter  : Set SecurityContextHolder to anonymous SecurityContext
2026-01-04T10:58:12.094+07:00 DEBUG 8980 --- [be-for-fe] [https-jsse-nio-8181-exec-2] o.s.s.w.a.AnonymousAuthenticationFilter  : Set SecurityContextHolder to anonymous SecurityContext
2026-01-04T10:58:12.096+07:00 DEBUG 8980 --- [be-for-fe] [https-jsse-nio-8181-exec-5] o.s.s.w.a.AnonymousAuthenticationFilter  : Set SecurityContextHolder to anonymous SecurityContext
2026-01-04T10:58:12.300+07:00 DEBUG 8980 --- [be-for-fe] [https-jsse-nio-8181-exec-7] o.s.s.w.a.AnonymousAuthenticationFilter  : Set SecurityContextHolder to anonymous SecurityContext
